#
# There is insufficient memory for the Java Runtime Environment to continue.
# Native memory allocation (malloc) failed to allocate 1596656 bytes. Error detail: Chunk::new
# Possible reasons:
#   The system is out of physical RAM or swap space
#   This process is running with CompressedOops enabled, and the Java Heap may be blocking the growth of the native heap
# Possible solutions:
#   Reduce memory load on the system
#   Increase physical memory or swap space
#   Check if swap backing store is full
#   Decrease Java heap size (-Xmx/-Xms)
#   Decrease number of Java threads
#   Decrease Java thread stack sizes (-Xss)
#   Set larger code cache with -XX:ReservedCodeCacheSize=
#   JVM is running with Unscaled Compressed Oops mode in which the Java heap is
#     placed in the first 4GB address space. The Java Heap base address is the
#     maximum limit for the native heap growth. Please use -XX:HeapBaseMinAddress
#     to set the Java Heap base and to place the Java Heap above 4GB virtual address.
# This output file may be truncated or incomplete.
#
#  Out of Memory Error (arena.cpp:168), pid=10496, tid=9188
#
# JRE version: OpenJDK Runtime Environment Temurin-21.0.8+9 (21.0.8+9) (build 21.0.8+9-LTS)
# Java VM: OpenJDK 64-Bit Server VM Temurin-21.0.8+9 (21.0.8+9-LTS, mixed mode, sharing, tiered, compressed oops, compressed class ptrs, parallel gc, windows-amd64)
# No core dump will be written. Minidumps are not enabled by default on client versions of Windows
#

---------------  S U M M A R Y ------------

Command Line: --add-modules=ALL-SYSTEM --add-opens=java.base/java.util=ALL-UNNAMED --add-opens=java.base/java.lang=ALL-UNNAMED --add-opens=java.base/sun.nio.fs=ALL-UNNAMED -Declipse.application=org.eclipse.jdt.ls.core.id1 -Dosgi.bundles.defaultStartLevel=4 -Declipse.product=org.eclipse.jdt.ls.core.product -Djava.import.generatesMetadataFilesAtProjectRoot=false -DDetectVMInstallationsJob.disabled=true -Dfile.encoding=utf8 -XX:+UseParallelGC -XX:GCTimeRatio=4 -XX:AdaptiveSizePolicyWeight=90 -Dsun.zip.disableMemoryMapping=true -Xmx2G -Xms100m -Xlog:disable -javaagent:c:\Users\Steiner\.cursor\extensions\redhat.java-1.46.0-win32-x64\lombok\lombok-1.18.39-4050.jar -XX:+HeapDumpOnOutOfMemoryError -XX:HeapDumpPath=c:\Users\Steiner\AppData\Roaming\Cursor\User\workspaceStorage\e78757052b412773338dde8d6663c7d9\redhat.java -Daether.dependencyCollector.impl=bf c:\Users\Steiner\.cursor\extensions\redhat.java-1.46.0-win32-x64\server\plugins\org.eclipse.equinox.launcher_1.7.0.v20250519-0528.jar -configuration c:\Users\Steiner\AppData\Roaming\Cursor\User\globalStorage\redhat.java\1.46.0\config_win -data c:\Users\Steiner\AppData\Roaming\Cursor\User\workspaceStorage\e78757052b412773338dde8d6663c7d9\redhat.java\jdt_ws --pipe=\\.\pipe\lsp-4a2dcf1afbc83c852a39adc99b1948b3-sock

Host: Intel(R) Core(TM) i7-7600U CPU @ 2.80GHz, 4 cores, 15G,  Windows 11 , 64 bit Build 26100 (10.0.26100.2454)
Time: Sun Oct  5 19:20:50 2025 Hora est. Pacífico, Sudamérica elapsed time: 6201.322324 seconds (0d 1h 43m 21s)

---------------  T H R E A D  ---------------

Current thread (0x0000015f55da0c30):  JavaThread "C2 CompilerThread0" daemon [_thread_in_native, id=9188, stack(0x0000002480d00000,0x0000002480e00000) (1024K)]


Current CompileTask:
C2:6201322 15465       4       org.eclipse.jdt.internal.compiler.parser.Parser::consumeRule (7748 bytes)

Stack: [0x0000002480d00000,0x0000002480e00000]
Native frames: (J=compiled Java code, j=interpreted, Vv=VM code, C=native code)
V  [jvm.dll+0x6d2449]
V  [jvm.dll+0x8ae341]
V  [jvm.dll+0x8b08be]
V  [jvm.dll+0x8b0fa3]
V  [jvm.dll+0x280c96]
V  [jvm.dll+0xc581d]
V  [jvm.dll+0xc5d53]
V  [jvm.dll+0x3b9162]
V  [jvm.dll+0x385315]
V  [jvm.dll+0x38477a]
V  [jvm.dll+0x248ed0]
V  [jvm.dll+0x2484af]
V  [jvm.dll+0x1c89ee]
V  [jvm.dll+0x257d4d]
V  [jvm.dll+0x2562ea]
V  [jvm.dll+0x3f2d16]
V  [jvm.dll+0x857e6b]
V  [jvm.dll+0x6d0b0d]
C  [ucrtbase.dll+0x14ea0]
C  [KERNEL32.DLL+0x2e8d7]
C  [ntdll.dll+0xdfbcc]


---------------  P R O C E S S  ---------------

Threads class SMR info:
_java_thread_list=0x0000015fa06efc40, length=35, elements={
0x0000015f3d0a6000, 0x0000015f55d90170, 0x0000015f55d93390, 0x0000015f55d97130,
0x0000015f55d9a2b0, 0x0000015f55d9c1c0, 0x0000015f55d9ce90, 0x0000015f55da0c30,
0x0000015f55e135a0, 0x0000015f3f422130, 0x0000015f97c63f60, 0x0000015f9c7f9ee0,
0x0000015f9c7d2660, 0x0000015f9ca73650, 0x0000015f9ca74660, 0x0000015f9cab00a0,
0x0000015f9c2a63f0, 0x0000015f9c333800, 0x0000015f9c6282c0, 0x0000015f9c034bf0,
0x0000015f9c035280, 0x0000015f9c036630, 0x0000015f9c3bd300, 0x0000015f9c3be020,
0x0000015f9c3bc5e0, 0x0000015f9c3bd990, 0x0000015f9c3be6b0, 0x0000015f9c3bcc70,
0x0000015f9c037350, 0x0000015f9c710450, 0x0000015f9c70ea10, 0x0000015f9c710ae0,
0x0000015f9c711800, 0x0000015f9c70e380, 0x0000015f9c714c80
}

Java Threads: ( => current thread )
  0x0000015f3d0a6000 JavaThread "main"                              [_thread_blocked, id=6960, stack(0x0000002480300000,0x0000002480400000) (1024K)]
  0x0000015f55d90170 JavaThread "Reference Handler"          daemon [_thread_blocked, id=4236, stack(0x0000002480700000,0x0000002480800000) (1024K)]
  0x0000015f55d93390 JavaThread "Finalizer"                  daemon [_thread_blocked, id=3208, stack(0x0000002480800000,0x0000002480900000) (1024K)]
  0x0000015f55d97130 JavaThread "Signal Dispatcher"          daemon [_thread_blocked, id=1796, stack(0x0000002480900000,0x0000002480a00000) (1024K)]
  0x0000015f55d9a2b0 JavaThread "Attach Listener"            daemon [_thread_blocked, id=10396, stack(0x0000002480a00000,0x0000002480b00000) (1024K)]
  0x0000015f55d9c1c0 JavaThread "Service Thread"             daemon [_thread_blocked, id=17024, stack(0x0000002480b00000,0x0000002480c00000) (1024K)]
  0x0000015f55d9ce90 JavaThread "Monitor Deflation Thread"   daemon [_thread_blocked, id=15064, stack(0x0000002480c00000,0x0000002480d00000) (1024K)]
=>0x0000015f55da0c30 JavaThread "C2 CompilerThread0"         daemon [_thread_in_native, id=9188, stack(0x0000002480d00000,0x0000002480e00000) (1024K)]
  0x0000015f55e135a0 JavaThread "C1 CompilerThread0"         daemon [_thread_blocked, id=6344, stack(0x0000002480e00000,0x0000002480f00000) (1024K)]
  0x0000015f3f422130 JavaThread "Common-Cleaner"             daemon [_thread_blocked, id=9200, stack(0x0000002480f00000,0x0000002481000000) (1024K)]
  0x0000015f97c63f60 JavaThread "Notification Thread"        daemon [_thread_blocked, id=5860, stack(0x0000002481000000,0x0000002481100000) (1024K)]
  0x0000015f9c7f9ee0 JavaThread "Active Thread: Equinox Container: 663fbc42-b015-4736-a196-53c5ab042d16"        [_thread_blocked, id=11516, stack(0x0000002481400000,0x0000002481500000) (1024K)]
  0x0000015f9c7d2660 JavaThread "Refresh Thread: Equinox Container: 663fbc42-b015-4736-a196-53c5ab042d16" daemon [_thread_blocked, id=276, stack(0x0000002481600000,0x0000002481700000) (1024K)]
  0x0000015f9ca73650 JavaThread "Framework Event Dispatcher: Equinox Container: 663fbc42-b015-4736-a196-53c5ab042d16" daemon [_thread_blocked, id=16128, stack(0x0000002481700000,0x0000002481800000) (1024K)]
  0x0000015f9ca74660 JavaThread "Start Level: Equinox Container: 663fbc42-b015-4736-a196-53c5ab042d16" daemon [_thread_blocked, id=14612, stack(0x0000002481800000,0x0000002481900000) (1024K)]
  0x0000015f9cab00a0 JavaThread "Bundle File Closer"         daemon [_thread_blocked, id=12420, stack(0x0000002481500000,0x0000002481600000) (1024K)]
  0x0000015f9c2a63f0 JavaThread "SCR Component Actor"        daemon [_thread_blocked, id=3276, stack(0x0000002481900000,0x0000002481a00000) (1024K)]
  0x0000015f9c333800 JavaThread "Worker-JM"                         [_thread_blocked, id=9984, stack(0x0000002481a00000,0x0000002481b00000) (1024K)]
  0x0000015f9c6282c0 JavaThread "JNA Cleaner"                daemon [_thread_blocked, id=15488, stack(0x0000002481b00000,0x0000002481c00000) (1024K)]
  0x0000015f9c034bf0 JavaThread "Java indexing"              daemon [_thread_in_native, id=13380, stack(0x0000002482000000,0x0000002482100000) (1024K)]
  0x0000015f9c035280 JavaThread "Thread-1"                   daemon [_thread_in_native, id=16332, stack(0x0000002482500000,0x0000002482600000) (1024K)]
  0x0000015f9c036630 JavaThread "Thread-2"                   daemon [_thread_in_native, id=4164, stack(0x0000002482600000,0x0000002482700000) (1024K)]
  0x0000015f9c3bd300 JavaThread "Thread-3"                   daemon [_thread_in_native, id=10444, stack(0x0000002482700000,0x0000002482800000) (1024K)]
  0x0000015f9c3be020 JavaThread "Thread-4"                   daemon [_thread_in_native, id=9864, stack(0x0000002482800000,0x0000002482900000) (1024K)]
  0x0000015f9c3bc5e0 JavaThread "Thread-5"                   daemon [_thread_in_native, id=2284, stack(0x0000002482900000,0x0000002482a00000) (1024K)]
  0x0000015f9c3bd990 JavaThread "pool-2-thread-1"                   [_thread_blocked, id=17292, stack(0x0000002482a00000,0x0000002482b00000) (1024K)]
  0x0000015f9c3be6b0 JavaThread "WorkspaceEventsHandler"            [_thread_blocked, id=15244, stack(0x0000002482b00000,0x0000002482c00000) (1024K)]
  0x0000015f9c3bcc70 JavaThread "pool-1-thread-1"                   [_thread_blocked, id=2044, stack(0x0000002482c00000,0x0000002482d00000) (1024K)]
  0x0000015f9c037350 JavaThread "Worker-12"                         [_thread_blocked, id=4516, stack(0x0000002481e00000,0x0000002481f00000) (1024K)]
  0x0000015f9c710450 JavaThread "Worker-14: Building"               [_thread_in_Java, id=3608, stack(0x0000002480100000,0x0000002480200000) (1024K)]
  0x0000015f9c70ea10 JavaThread "Worker-15"                         [_thread_blocked, id=14492, stack(0x0000002480200000,0x0000002480300000) (1024K)]
  0x0000015f9c710ae0 JavaThread "Compiler Source File Reader" daemon [_thread_blocked, id=12580, stack(0x0000002481c00000,0x0000002481d00000) (1024K)]
  0x0000015f9c711800 JavaThread "Compiler Processing Task"   daemon [_thread_blocked, id=12176, stack(0x0000002481d00000,0x0000002481e00000) (1024K)]
  0x0000015f9c70e380 JavaThread "Worker-16"                         [_thread_blocked, id=8688, stack(0x0000002481f00000,0x0000002482000000) (1024K)]
  0x0000015f9c714c80 JavaThread "Compiler Source File Reader" daemon [_thread_blocked, id=9708, stack(0x0000002482100000,0x0000002482200000) (1024K)]
Total: 35

Other Threads:
  0x0000015f3f454830 VMThread "VM Thread"                           [id=16944, stack(0x0000002480600000,0x0000002480700000) (1024K)]
  0x0000015f55d2ca00 WatcherThread "VM Periodic Task Thread"        [id=15340, stack(0x0000002480500000,0x0000002480600000) (1024K)]
  0x0000015f3f3d41a0 WorkerThread "GC Thread#0"                     [id=14444, stack(0x0000002480400000,0x0000002480500000) (1024K)]
  0x0000015f9c00c730 WorkerThread "GC Thread#1"                     [id=14424, stack(0x0000002481100000,0x0000002481200000) (1024K)]
  0x0000015f9c0093d0 WorkerThread "GC Thread#2"                     [id=16796, stack(0x0000002481200000,0x0000002481300000) (1024K)]
  0x0000015f9c1c1c40 WorkerThread "GC Thread#3"                     [id=936, stack(0x0000002481300000,0x0000002481400000) (1024K)]
Total: 6

Threads with active compile tasks:
C2 CompilerThread0  6201376 15465       4       org.eclipse.jdt.internal.compiler.parser.Parser::consumeRule (7748 bytes)
Total: 1

VM state: not at safepoint (normal execution)

VM Mutex/Monitor currently owned by a thread: None

Heap address: 0x0000000080000000, size: 2048 MB, Compressed Oops mode: 32-bit

CDS archive(s) mapped at: [0x0000015f56000000-0x0000015f56ba0000-0x0000015f56ba0000), size 12189696, SharedBaseAddress: 0x0000015f56000000, ArchiveRelocationMode: 1.
Compressed class space mapped at: 0x0000015f57000000-0x0000015f97000000, reserved size: 1073741824
Narrow klass base: 0x0000015f56000000, Narrow klass shift: 0, Narrow klass range: 0x100000000

GC Precious Log:
 CardTable entry size: 512
 CPUs: 4 total, 4 available
 Memory: 16218M
 Large Page Support: Disabled
 NUMA Support: Disabled
 Compressed Oops: Enabled (32-bit)
 Alignments: Space 512K, Generation 512K, Heap 2M
 Heap Min Capacity: 100M
 Heap Initial Capacity: 100M
 Heap Max Capacity: 2G
 Pre-touch: Disabled
 Parallel Workers: 4

Heap:
 PSYoungGen      total 1536K, used 634K [0x00000000d5580000, 0x00000000d5800000, 0x0000000100000000)
  eden space 1024K, 46% used [0x00000000d5580000,0x00000000d55f68b0,0x00000000d5680000)
  from space 512K, 31% used [0x00000000d5780000,0x00000000d57a8000,0x00000000d5800000)
  to   space 512K, 0% used [0x00000000d5680000,0x00000000d5680000,0x00000000d5700000)
 ParOldGen       total 400384K, used 400009K [0x0000000080000000, 0x0000000098700000, 0x00000000d5580000)
  object space 400384K, 99% used [0x0000000080000000,0x00000000986a25f0,0x0000000098700000)
 Metaspace       used 70207K, committed 71872K, reserved 1114112K
  class space    used 7196K, committed 7936K, reserved 1048576K

Card table byte_map: [0x0000015f3ed50000,0x0000015f3f160000] _byte_map_base: 0x0000015f3e950000

Marking Bits: (ParMarkBitMap*) 0x00007ffa5172a340
 Begin Bits: [0x0000015f51850000, 0x0000015f53850000)
 End Bits:   [0x0000015f53850000, 0x0000015f55850000)

Polling page: 0x0000015f3d250000

Metaspace:

Usage:
  Non-class:     61.53 MB used.
      Class:      7.03 MB used.
       Both:     68.56 MB used.

Virtual space:
  Non-class space:       64.00 MB reserved,      62.44 MB ( 98%) committed,  1 nodes.
      Class space:        1.00 GB reserved,       7.75 MB ( <1%) committed,  1 nodes.
             Both:        1.06 GB reserved,      70.19 MB (  6%) committed. 

Chunk freelists:
   Non-Class:  1.19 MB
       Class:  8.15 MB
        Both:  9.35 MB

MaxMetaspaceSize: unlimited
CompressedClassSpaceSize: 1.00 GB
Initial GC threshold: 21.00 MB
Current GC threshold: 97.31 MB
CDS: on
 - commit_granule_bytes: 65536.
 - commit_granule_words: 8192.
 - virtual_space_node_default_size: 8388608.
 - enlarge_chunks_in_place: 1.
 - use_allocation_guard: 0.


Internal statistics:

num_allocs_failed_limit: 9.
num_arena_births: 1462.
num_arena_deaths: 14.
num_vsnodes_births: 2.
num_vsnodes_deaths: 0.
num_space_committed: 1123.
num_space_uncommitted: 0.
num_chunks_returned_to_freelist: 23.
num_chunks_taken_from_freelist: 4865.
num_chunk_merges: 15.
num_chunk_splits: 2987.
num_chunks_enlarged: 1677.
num_inconsistent_stats: 0.

CodeHeap 'non-profiled nmethods': size=120000Kb used=13126Kb max_used=13126Kb free=106873Kb
 bounds [0x0000015f4a070000, 0x0000015f4ad50000, 0x0000015f515a0000]
CodeHeap 'profiled nmethods': size=120000Kb used=36439Kb max_used=36439Kb free=83560Kb
 bounds [0x0000015f425a0000, 0x0000015f44940000, 0x0000015f49ad0000]
CodeHeap 'non-nmethods': size=5760Kb used=1439Kb max_used=1527Kb free=4320Kb
 bounds [0x0000015f49ad0000, 0x0000015f49d40000, 0x0000015f4a070000]
CodeCache: size=245760Kb, used=51004Kb, max_used=51092Kb, free=194753Kb
 total_blobs=15429, nmethods=14672, adapters=660, full_count=0
Compilation: enabled, stopped_count=0, restarted_count=0

Compilation events (20 events):
Event: 6201.164 Thread 0x0000015f55e135a0 15467       3       org.eclipse.jdt.internal.compiler.SourceElementParser::getUnspecifiedReference (179 bytes)
Event: 6201.165 Thread 0x0000015f55e135a0 nmethod 15467 0x0000015f44931e10 code [0x0000015f44932060, 0x0000015f44932a48]
Event: 6201.165 Thread 0x0000015f55e135a0 15468       3       org.eclipse.jdt.internal.compiler.SourceElementParser::consumeMethodInvocationName (61 bytes)
Event: 6201.166 Thread 0x0000015f55e135a0 nmethod 15468 0x0000015f44932d90 code [0x0000015f44932f60, 0x0000015f44933358]
Event: 6201.174 Thread 0x0000015f55e135a0 15469       3       java.lang.invoke.LambdaForm$MH/0x0000015f57781400::invoke (42 bytes)
Event: 6201.175 Thread 0x0000015f55da0c30 nmethod 15457 0x0000015f4ad3c590 code [0x0000015f4ad3c9e0, 0x0000015f4ad3faf0]
Event: 6201.175 Thread 0x0000015f55da0c30 15465       4       org.eclipse.jdt.internal.compiler.parser.Parser::consumeRule (7748 bytes)
Event: 6201.176 Thread 0x0000015f55e135a0 nmethod 15469 0x0000015f44933510 code [0x0000015f449337a0, 0x0000015f44934520]
Event: 6201.176 Thread 0x0000015f55e135a0 15470       3       org.eclipse.jdt.internal.core.SourceRefElementInfo::<init> (5 bytes)
Event: 6201.177 Thread 0x0000015f55e135a0 nmethod 15470 0x0000015f44934990 code [0x0000015f44934b40, 0x0000015f44934d08]
Event: 6201.180 Thread 0x0000015f55e135a0 15471       1       org.eclipse.jdt.internal.core.MemberElementInfo::setFlags (6 bytes)
Event: 6201.180 Thread 0x0000015f55e135a0 nmethod 15471 0x0000015f4ad40e90 code [0x0000015f4ad41020, 0x0000015f4ad410e8]
Event: 6201.181 Thread 0x0000015f55e135a0 15472       3       org.eclipse.jdt.core.Signature::checkNextChar (42 bytes)
Event: 6201.182 Thread 0x0000015f55e135a0 nmethod 15472 0x0000015f44934e10 code [0x0000015f44935060, 0x0000015f44935910]
Event: 6201.189 Thread 0x0000015f55e135a0 15473       1       org.eclipse.jdt.internal.core.AnnotatableInfo::setNameSourceStart (6 bytes)
Event: 6201.189 Thread 0x0000015f55e135a0 nmethod 15473 0x0000015f4ad41190 code [0x0000015f4ad41320, 0x0000015f4ad413e8]
Event: 6201.190 Thread 0x0000015f55e135a0 15474       1       org.eclipse.jdt.internal.core.AnnotatableInfo::setNameSourceEnd (6 bytes)
Event: 6201.190 Thread 0x0000015f55e135a0 nmethod 15474 0x0000015f4ad41490 code [0x0000015f4ad41620, 0x0000015f4ad416e8]
Event: 6201.192 Thread 0x0000015f55e135a0 15475       1       org.eclipse.core.internal.resources.MarkerInfo::getId (5 bytes)
Event: 6201.192 Thread 0x0000015f55e135a0 nmethod 15475 0x0000015f4ad41790 code [0x0000015f4ad41920, 0x0000015f4ad419e8]

GC Heap History (20 events):
Event: 6197.079 GC heap before
{Heap before GC invocations=464 (full 3):
 PSYoungGen      total 1536K, used 1216K [0x00000000d5580000, 0x00000000d5780000, 0x0000000100000000)
  eden space 1024K, 100% used [0x00000000d5580000,0x00000000d5680000,0x00000000d5680000)
  from space 512K, 37% used [0x00000000d5700000,0x00000000d5730000,0x00000000d5780000)
  to   space 512K, 0% used [0x00000000d5680000,0x00000000d5680000,0x00000000d5700000)
 ParOldGen       total 367616K, used 367466K [0x0000000080000000, 0x0000000096700000, 0x00000000d5580000)
  object space 367616K, 99% used [0x0000000080000000,0x00000000966daad0,0x0000000096700000)
 Metaspace       used 70136K, committed 71744K, reserved 1114112K
  class space    used 7193K, committed 7936K, reserved 1048576K
}
Event: 6197.083 GC heap after
{Heap after GC invocations=464 (full 3):
 PSYoungGen      total 1536K, used 256K [0x00000000d5580000, 0x00000000d5780000, 0x0000000100000000)
  eden space 1024K, 0% used [0x00000000d5580000,0x00000000d5580000,0x00000000d5680000)
  from space 512K, 50% used [0x00000000d5680000,0x00000000d56c0000,0x00000000d5700000)
  to   space 512K, 0% used [0x00000000d5700000,0x00000000d5700000,0x00000000d5780000)
 ParOldGen       total 367616K, used 367570K [0x0000000080000000, 0x0000000096700000, 0x00000000d5580000)
  object space 367616K, 99% used [0x0000000080000000,0x00000000966f4ad0,0x0000000096700000)
 Metaspace       used 70136K, committed 71744K, reserved 1114112K
  class space    used 7193K, committed 7936K, reserved 1048576K
}
Event: 6197.244 GC heap before
{Heap before GC invocations=465 (full 3):
 PSYoungGen      total 1536K, used 1280K [0x00000000d5580000, 0x00000000d5780000, 0x0000000100000000)
  eden space 1024K, 100% used [0x00000000d5580000,0x00000000d5680000,0x00000000d5680000)
  from space 512K, 50% used [0x00000000d5680000,0x00000000d56c0000,0x00000000d5700000)
  to   space 512K, 0% used [0x00000000d5700000,0x00000000d5700000,0x00000000d5780000)
 ParOldGen       total 367616K, used 367570K [0x0000000080000000, 0x0000000096700000, 0x00000000d5580000)
  object space 367616K, 99% used [0x0000000080000000,0x00000000966f4ad0,0x0000000096700000)
 Metaspace       used 70136K, committed 71744K, reserved 1114112K
  class space    used 7193K, committed 7936K, reserved 1048576K
}
Event: 6197.246 GC heap after
{Heap after GC invocations=465 (full 3):
 PSYoungGen      total 1536K, used 288K [0x00000000d5580000, 0x00000000d5780000, 0x0000000100000000)
  eden space 1024K, 0% used [0x00000000d5580000,0x00000000d5580000,0x00000000d5680000)
  from space 512K, 56% used [0x00000000d5700000,0x00000000d5748000,0x00000000d5780000)
  to   space 512K, 0% used [0x00000000d5680000,0x00000000d5680000,0x00000000d5700000)
 ParOldGen       total 368128K, used 367718K [0x0000000080000000, 0x0000000096780000, 0x00000000d5580000)
  object space 368128K, 99% used [0x0000000080000000,0x0000000096719ae0,0x0000000096780000)
 Metaspace       used 70136K, committed 71744K, reserved 1114112K
  class space    used 7193K, committed 7936K, reserved 1048576K
}
Event: 6197.408 GC heap before
{Heap before GC invocations=466 (full 3):
 PSYoungGen      total 1536K, used 1310K [0x00000000d5580000, 0x00000000d5780000, 0x0000000100000000)
  eden space 1024K, 99% used [0x00000000d5580000,0x00000000d567f8b8,0x00000000d5680000)
  from space 512K, 56% used [0x00000000d5700000,0x00000000d5748000,0x00000000d5780000)
  to   space 512K, 0% used [0x00000000d5680000,0x00000000d5680000,0x00000000d5700000)
 ParOldGen       total 368128K, used 367718K [0x0000000080000000, 0x0000000096780000, 0x00000000d5580000)
  object space 368128K, 99% used [0x0000000080000000,0x0000000096719ae0,0x0000000096780000)
 Metaspace       used 70159K, committed 71808K, reserved 1114112K
  class space    used 7193K, committed 7936K, reserved 1048576K
}
Event: 6197.411 GC heap after
{Heap after GC invocations=466 (full 3):
 PSYoungGen      total 1536K, used 224K [0x00000000d5580000, 0x00000000d5780000, 0x0000000100000000)
  eden space 1024K, 0% used [0x00000000d5580000,0x00000000d5580000,0x00000000d5680000)
  from space 512K, 43% used [0x00000000d5680000,0x00000000d56b8000,0x00000000d5700000)
  to   space 512K, 0% used [0x00000000d5700000,0x00000000d5700000,0x00000000d5780000)
 ParOldGen       total 368128K, used 367954K [0x0000000080000000, 0x0000000096780000, 0x00000000d5580000)
  object space 368128K, 99% used [0x0000000080000000,0x00000000967549e0,0x0000000096780000)
 Metaspace       used 70159K, committed 71808K, reserved 1114112K
  class space    used 7193K, committed 7936K, reserved 1048576K
}
Event: 6197.460 GC heap before
{Heap before GC invocations=467 (full 3):
 PSYoungGen      total 1536K, used 1248K [0x00000000d5580000, 0x00000000d5780000, 0x0000000100000000)
  eden space 1024K, 100% used [0x00000000d5580000,0x00000000d5680000,0x00000000d5680000)
  from space 512K, 43% used [0x00000000d5680000,0x00000000d56b8000,0x00000000d5700000)
  to   space 512K, 0% used [0x00000000d5700000,0x00000000d5700000,0x00000000d5780000)
 ParOldGen       total 368128K, used 367954K [0x0000000080000000, 0x0000000096780000, 0x00000000d5580000)
  object space 368128K, 99% used [0x0000000080000000,0x00000000967549e0,0x0000000096780000)
 Metaspace       used 70161K, committed 71808K, reserved 1114112K
  class space    used 7193K, committed 7936K, reserved 1048576K
}
Event: 6197.462 GC heap after
{Heap after GC invocations=467 (full 3):
 PSYoungGen      total 1536K, used 224K [0x00000000d5580000, 0x00000000d5780000, 0x0000000100000000)
  eden space 1024K, 0% used [0x00000000d5580000,0x00000000d5580000,0x00000000d5680000)
  from space 512K, 43% used [0x00000000d5700000,0x00000000d5738000,0x00000000d5780000)
  to   space 512K, 0% used [0x00000000d5680000,0x00000000d5680000,0x00000000d5700000)
 ParOldGen       total 368640K, used 368130K [0x0000000080000000, 0x0000000096800000, 0x00000000d5580000)
  object space 368640K, 99% used [0x0000000080000000,0x00000000967809e0,0x0000000096800000)
 Metaspace       used 70161K, committed 71808K, reserved 1114112K
  class space    used 7193K, committed 7936K, reserved 1048576K
}
Event: 6197.570 GC heap before
{Heap before GC invocations=468 (full 3):
 PSYoungGen      total 1536K, used 1248K [0x00000000d5580000, 0x00000000d5780000, 0x0000000100000000)
  eden space 1024K, 100% used [0x00000000d5580000,0x00000000d5680000,0x00000000d5680000)
  from space 512K, 43% used [0x00000000d5700000,0x00000000d5738000,0x00000000d5780000)
  to   space 512K, 0% used [0x00000000d5680000,0x00000000d5680000,0x00000000d5700000)
 ParOldGen       total 368640K, used 368130K [0x0000000080000000, 0x0000000096800000, 0x00000000d5580000)
  object space 368640K, 99% used [0x0000000080000000,0x00000000967809e0,0x0000000096800000)
 Metaspace       used 70162K, committed 71808K, reserved 1114112K
  class space    used 7193K, committed 7936K, reserved 1048576K
}
Event: 6197.572 GC heap after
{Heap after GC invocations=468 (full 3):
 PSYoungGen      total 1536K, used 288K [0x00000000d5580000, 0x00000000d5780000, 0x0000000100000000)
  eden space 1024K, 0% used [0x00000000d5580000,0x00000000d5580000,0x00000000d5680000)
  from space 512K, 56% used [0x00000000d5680000,0x00000000d56c8000,0x00000000d5700000)
  to   space 512K, 0% used [0x00000000d5700000,0x00000000d5700000,0x00000000d5780000)
 ParOldGen       total 368640K, used 368272K [0x0000000080000000, 0x0000000096800000, 0x00000000d5580000)
  object space 368640K, 99% used [0x0000000080000000,0x00000000967a43f0,0x0000000096800000)
 Metaspace       used 70162K, committed 71808K, reserved 1114112K
  class space    used 7193K, committed 7936K, reserved 1048576K
}
Event: 6197.913 GC heap before
{Heap before GC invocations=469 (full 3):
 PSYoungGen      total 1536K, used 1312K [0x00000000d5580000, 0x00000000d5780000, 0x0000000100000000)
  eden space 1024K, 100% used [0x00000000d5580000,0x00000000d5680000,0x00000000d5680000)
  from space 512K, 56% used [0x00000000d5680000,0x00000000d56c8000,0x00000000d5700000)
  to   space 512K, 0% used [0x00000000d5700000,0x00000000d5700000,0x00000000d5780000)
 ParOldGen       total 368640K, used 368272K [0x0000000080000000, 0x0000000096800000, 0x00000000d5580000)
  object space 368640K, 99% used [0x0000000080000000,0x00000000967a43f0,0x0000000096800000)
 Metaspace       used 70175K, committed 71808K, reserved 1114112K
  class space    used 7194K, committed 7936K, reserved 1048576K
}
Event: 6197.915 GC heap after
{Heap after GC invocations=469 (full 3):
 PSYoungGen      total 1536K, used 224K [0x00000000d5580000, 0x00000000d5780000, 0x0000000100000000)
  eden space 1024K, 0% used [0x00000000d5580000,0x00000000d5580000,0x00000000d5680000)
  from space 512K, 43% used [0x00000000d5700000,0x00000000d5738000,0x00000000d5780000)
  to   space 512K, 0% used [0x00000000d5680000,0x00000000d5680000,0x00000000d5700000)
 ParOldGen       total 368640K, used 368501K [0x0000000080000000, 0x0000000096800000, 0x00000000d5580000)
  object space 368640K, 99% used [0x0000000080000000,0x00000000967dd420,0x0000000096800000)
 Metaspace       used 70175K, committed 71808K, reserved 1114112K
  class space    used 7194K, committed 7936K, reserved 1048576K
}
Event: 6198.312 GC heap before
{Heap before GC invocations=470 (full 3):
 PSYoungGen      total 1536K, used 1248K [0x00000000d5580000, 0x00000000d5780000, 0x0000000100000000)
  eden space 1024K, 100% used [0x00000000d5580000,0x00000000d5680000,0x00000000d5680000)
  from space 512K, 43% used [0x00000000d5700000,0x00000000d5738000,0x00000000d5780000)
  to   space 512K, 0% used [0x00000000d5680000,0x00000000d5680000,0x00000000d5700000)
 ParOldGen       total 400384K, used 399221K [0x0000000080000000, 0x0000000098700000, 0x00000000d5580000)
  object space 400384K, 99% used [0x0000000080000000,0x00000000985dd450,0x0000000098700000)
 Metaspace       used 70177K, committed 71872K, reserved 1114112K
  class space    used 7194K, committed 7936K, reserved 1048576K
}
Event: 6198.315 GC heap after
{Heap after GC invocations=470 (full 3):
 PSYoungGen      total 1536K, used 128K [0x00000000d5580000, 0x00000000d5780000, 0x0000000100000000)
  eden space 1024K, 0% used [0x00000000d5580000,0x00000000d5580000,0x00000000d5680000)
  from space 512K, 25% used [0x00000000d5680000,0x00000000d56a0000,0x00000000d5700000)
  to   space 512K, 0% used [0x00000000d5700000,0x00000000d5700000,0x00000000d5780000)
 ParOldGen       total 400384K, used 399377K [0x0000000080000000, 0x0000000098700000, 0x00000000d5580000)
  object space 400384K, 99% used [0x0000000080000000,0x00000000986045f0,0x0000000098700000)
 Metaspace       used 70177K, committed 71872K, reserved 1114112K
  class space    used 7194K, committed 7936K, reserved 1048576K
}
Event: 6199.263 GC heap before
{Heap before GC invocations=471 (full 3):
 PSYoungGen      total 1536K, used 1152K [0x00000000d5580000, 0x00000000d5780000, 0x0000000100000000)
  eden space 1024K, 100% used [0x00000000d5580000,0x00000000d5680000,0x00000000d5680000)
  from space 512K, 25% used [0x00000000d5680000,0x00000000d56a0000,0x00000000d5700000)
  to   space 512K, 0% used [0x00000000d5700000,0x00000000d5700000,0x00000000d5780000)
 ParOldGen       total 400384K, used 399377K [0x0000000080000000, 0x0000000098700000, 0x00000000d5580000)
  object space 400384K, 99% used [0x0000000080000000,0x00000000986045f0,0x0000000098700000)
 Metaspace       used 70186K, committed 71872K, reserved 1114112K
  class space    used 7194K, committed 7936K, reserved 1048576K
}
Event: 6199.265 GC heap after
{Heap after GC invocations=471 (full 3):
 PSYoungGen      total 1536K, used 128K [0x00000000d5580000, 0x00000000d5780000, 0x0000000100000000)
  eden space 1024K, 0% used [0x00000000d5580000,0x00000000d5580000,0x00000000d5680000)
  from space 512K, 25% used [0x00000000d5700000,0x00000000d5720000,0x00000000d5780000)
  to   space 512K, 0% used [0x00000000d5680000,0x00000000d5680000,0x00000000d5700000)
 ParOldGen       total 400384K, used 399393K [0x0000000080000000, 0x0000000098700000, 0x00000000d5580000)
  object space 400384K, 99% used [0x0000000080000000,0x00000000986085f0,0x0000000098700000)
 Metaspace       used 70186K, committed 71872K, reserved 1114112K
  class space    used 7194K, committed 7936K, reserved 1048576K
}
Event: 6200.277 GC heap before
{Heap before GC invocations=472 (full 3):
 PSYoungGen      total 1536K, used 1152K [0x00000000d5580000, 0x00000000d5780000, 0x0000000100000000)
  eden space 1024K, 100% used [0x00000000d5580000,0x00000000d5680000,0x00000000d5680000)
  from space 512K, 25% used [0x00000000d5700000,0x00000000d5720000,0x00000000d5780000)
  to   space 512K, 0% used [0x00000000d5680000,0x00000000d5680000,0x00000000d5700000)
 ParOldGen       total 400384K, used 399393K [0x0000000080000000, 0x0000000098700000, 0x00000000d5580000)
  object space 400384K, 99% used [0x0000000080000000,0x00000000986085f0,0x0000000098700000)
 Metaspace       used 70189K, committed 71872K, reserved 1114112K
  class space    used 7194K, committed 7936K, reserved 1048576K
}
Event: 6200.280 GC heap after
{Heap after GC invocations=472 (full 3):
 PSYoungGen      total 1536K, used 512K [0x00000000d5580000, 0x00000000d5880000, 0x0000000100000000)
  eden space 1024K, 0% used [0x00000000d5580000,0x00000000d5580000,0x00000000d5680000)
  from space 512K, 100% used [0x00000000d5680000,0x00000000d5700000,0x00000000d5700000)
  to   space 1024K, 0% used [0x00000000d5780000,0x00000000d5780000,0x00000000d5880000)
 ParOldGen       total 400384K, used 399481K [0x0000000080000000, 0x0000000098700000, 0x00000000d5580000)
  object space 400384K, 99% used [0x0000000080000000,0x000000009861e5f0,0x0000000098700000)
 Metaspace       used 70189K, committed 71872K, reserved 1114112K
  class space    used 7194K, committed 7936K, reserved 1048576K
}
Event: 6201.141 GC heap before
{Heap before GC invocations=473 (full 3):
 PSYoungGen      total 1536K, used 1536K [0x00000000d5580000, 0x00000000d5880000, 0x0000000100000000)
  eden space 1024K, 100% used [0x00000000d5580000,0x00000000d5680000,0x00000000d5680000)
  from space 512K, 100% used [0x00000000d5680000,0x00000000d5700000,0x00000000d5700000)
  to   space 1024K, 0% used [0x00000000d5780000,0x00000000d5780000,0x00000000d5880000)
 ParOldGen       total 400384K, used 399481K [0x0000000080000000, 0x0000000098700000, 0x00000000d5580000)
  object space 400384K, 99% used [0x0000000080000000,0x000000009861e5f0,0x0000000098700000)
 Metaspace       used 70194K, committed 71872K, reserved 1114112K
  class space    used 7194K, committed 7936K, reserved 1048576K
}
Event: 6201.143 GC heap after
{Heap after GC invocations=473 (full 3):
 PSYoungGen      total 1536K, used 160K [0x00000000d5580000, 0x00000000d5800000, 0x0000000100000000)
  eden space 1024K, 0% used [0x00000000d5580000,0x00000000d5580000,0x00000000d5680000)
  from space 512K, 31% used [0x00000000d5780000,0x00000000d57a8000,0x00000000d5800000)
  to   space 512K, 0% used [0x00000000d5680000,0x00000000d5680000,0x00000000d5700000)
 ParOldGen       total 400384K, used 400009K [0x0000000080000000, 0x0000000098700000, 0x00000000d5580000)
  object space 400384K, 99% used [0x0000000080000000,0x00000000986a25f0,0x0000000098700000)
 Metaspace       used 70194K, committed 71872K, reserved 1114112K
  class space    used 7194K, committed 7936K, reserved 1048576K
}

Dll operation events (10 events):
Event: 0.051 Loaded shared library c:\Users\Steiner\.cursor\extensions\redhat.java-1.46.0-win32-x64\jre\21.0.8-win32-x86_64\bin\java.dll
Event: 0.428 Loaded shared library c:\Users\Steiner\.cursor\extensions\redhat.java-1.46.0-win32-x64\jre\21.0.8-win32-x86_64\bin\zip.dll
Event: 0.479 Loaded shared library C:\Users\Steiner\.cursor\extensions\redhat.java-1.46.0-win32-x64\jre\21.0.8-win32-x86_64\bin\instrument.dll
Event: 0.494 Loaded shared library C:\Users\Steiner\.cursor\extensions\redhat.java-1.46.0-win32-x64\jre\21.0.8-win32-x86_64\bin\net.dll
Event: 0.513 Loaded shared library C:\Users\Steiner\.cursor\extensions\redhat.java-1.46.0-win32-x64\jre\21.0.8-win32-x86_64\bin\nio.dll
Event: 0.518 Loaded shared library C:\Users\Steiner\.cursor\extensions\redhat.java-1.46.0-win32-x64\jre\21.0.8-win32-x86_64\bin\zip.dll
Event: 0.596 Loaded shared library C:\Users\Steiner\.cursor\extensions\redhat.java-1.46.0-win32-x64\jre\21.0.8-win32-x86_64\bin\jimage.dll
Event: 1.032 Loaded shared library c:\Users\Steiner\.cursor\extensions\redhat.java-1.46.0-win32-x64\jre\21.0.8-win32-x86_64\bin\verify.dll
Event: 4.773 Loaded shared library C:\Users\Steiner\AppData\Roaming\Cursor\User\globalStorage\redhat.java\1.46.0\config_win\org.eclipse.equinox.launcher\org.eclipse.equinox.launcher.win32.win32.x86_64_1.2.1400.v20250801-0854\eclipse_11916.dll
Event: 11.022 Loaded shared library C:\Users\Steiner\AppData\Local\Temp\jna--229111658\jna7242577589370548076.dll

Deoptimization events (20 events):
Event: 6197.517 Thread 0x0000015f9c711800 Uncommon trap: trap_request=0xffffffde fr.pc=0x0000015f4ad0302c relative=0x000000000000038c
Event: 6197.518 Thread 0x0000015f9c711800 Uncommon trap: reason=class_check action=maybe_recompile pc=0x0000015f4ad0302c method=org.eclipse.jdt.internal.compiler.lookup.LookupEnvironment.convertUnresolvedBinaryToRawType(Lorg/eclipse/jdt/internal/compiler/lookup/TypeBinding;)Lorg/eclipse/jdt/inter
Event: 6197.518 Thread 0x0000015f9c711800 DEOPT PACKING pc=0x0000015f4ad0302c sp=0x0000002481dfe0c0
Event: 6197.518 Thread 0x0000015f9c711800 DEOPT UNPACKING pc=0x0000015f49b23aa2 sp=0x0000002481dfe040 mode 2
Event: 6197.544 Thread 0x0000015f9c711800 Uncommon trap: trap_request=0xffffff45 fr.pc=0x0000015f4aabfff4 relative=0x0000000000000454
Event: 6197.544 Thread 0x0000015f9c711800 Uncommon trap: reason=unstable_if action=reinterpret pc=0x0000015f4aabfff4 method=org.eclipse.jdt.internal.compiler.ast.Expression.computeConversion(Lorg/eclipse/jdt/internal/compiler/lookup/Scope;Lorg/eclipse/jdt/internal/compiler/lookup/TypeBinding;Lorg
Event: 6197.544 Thread 0x0000015f9c711800 DEOPT PACKING pc=0x0000015f4aabfff4 sp=0x0000002481dfe5e0
Event: 6197.544 Thread 0x0000015f9c711800 DEOPT UNPACKING pc=0x0000015f49b23aa2 sp=0x0000002481dfe570 mode 2
Event: 6197.610 Thread 0x0000015f9c711800 Uncommon trap: trap_request=0xffffff45 fr.pc=0x0000015f4ad1c8c4 relative=0x0000000000004364
Event: 6197.610 Thread 0x0000015f9c711800 Uncommon trap: reason=unstable_if action=reinterpret pc=0x0000015f4ad1c8c4 method=org.eclipse.jdt.internal.compiler.lookup.ReferenceBinding.computeId()V @ 1133 c2
Event: 6197.610 Thread 0x0000015f9c711800 DEOPT PACKING pc=0x0000015f4ad1c8c4 sp=0x0000002481dfe250
Event: 6197.610 Thread 0x0000015f9c711800 DEOPT UNPACKING pc=0x0000015f49b23aa2 sp=0x0000002481dfe1d0 mode 2
Event: 6201.145 Thread 0x0000015f9c710450 Uncommon trap: trap_request=0xffffffde fr.pc=0x0000015f4aca3e58 relative=0x0000000000001278
Event: 6201.145 Thread 0x0000015f9c710450 Uncommon trap: reason=class_check action=maybe_recompile pc=0x0000015f4aca3e58 method=org.eclipse.jdt.internal.compiler.parser.Parser.consumeRule(I)V @ 5907 c2
Event: 6201.145 Thread 0x0000015f9c710450 DEOPT PACKING pc=0x0000015f4aca3e58 sp=0x00000024801fcc00
Event: 6201.145 Thread 0x0000015f9c710450 DEOPT UNPACKING pc=0x0000015f49b23aa2 sp=0x00000024801fcb78 mode 2
Event: 6201.150 Thread 0x0000015f9c710450 Uncommon trap: trap_request=0xffffffde fr.pc=0x0000015f4aca3e58 relative=0x0000000000001278
Event: 6201.150 Thread 0x0000015f9c710450 Uncommon trap: reason=class_check action=maybe_recompile pc=0x0000015f4aca3e58 method=org.eclipse.jdt.internal.compiler.parser.Parser.consumeRule(I)V @ 5907 c2
Event: 6201.150 Thread 0x0000015f9c710450 DEOPT PACKING pc=0x0000015f4aca3e58 sp=0x00000024801fcc00
Event: 6201.150 Thread 0x0000015f9c710450 DEOPT UNPACKING pc=0x0000015f49b23aa2 sp=0x00000024801fcb78 mode 2

Classes loaded (20 events):
Event: 1707.704 Loading class java/io/ObjectOutputStream$ReplaceTable
Event: 1707.704 Loading class java/io/ObjectOutputStream$ReplaceTable done
Event: 1750.497 Loading class sun/nio/fs/WindowsFileCopy
Event: 1750.497 Loading class sun/nio/fs/WindowsFileCopy done
Event: 1750.962 Loading class jdk/internal/module/IllegalAccessLogger
Event: 1750.962 Loading class jdk/internal/module/IllegalAccessLogger done
Event: 1753.758 Loading class java/nio/BufferMismatch
Event: 1753.759 Loading class java/nio/BufferMismatch done
Event: 1772.292 Loading class jdk/internal/module/IllegalAccessLogger
Event: 1772.292 Loading class jdk/internal/module/IllegalAccessLogger done
Event: 1781.753 Loading class java/util/ArrayDeque$DeqSpliterator
Event: 1781.753 Loading class java/util/ArrayDeque$DeqSpliterator done
Event: 1793.240 Loading class jdk/internal/module/IllegalAccessLogger
Event: 1793.240 Loading class jdk/internal/module/IllegalAccessLogger done
Event: 1793.949 Loading class jdk/internal/module/IllegalAccessLogger
Event: 1793.949 Loading class jdk/internal/module/IllegalAccessLogger done
Event: 6182.025 Loading class jdk/internal/module/IllegalAccessLogger
Event: 6182.025 Loading class jdk/internal/module/IllegalAccessLogger done
Event: 6195.737 Loading class jdk/internal/module/IllegalAccessLogger
Event: 6195.737 Loading class jdk/internal/module/IllegalAccessLogger done

Classes unloaded (7 events):
Event: 12.665 Thread 0x0000015f3f454830 Unloading class 0x0000015f571acc00 'java/lang/invoke/LambdaForm$MH+0x0000015f571acc00'
Event: 12.665 Thread 0x0000015f3f454830 Unloading class 0x0000015f571ac800 'java/lang/invoke/LambdaForm$MH+0x0000015f571ac800'
Event: 12.665 Thread 0x0000015f3f454830 Unloading class 0x0000015f571ac400 'java/lang/invoke/LambdaForm$MH+0x0000015f571ac400'
Event: 12.665 Thread 0x0000015f3f454830 Unloading class 0x0000015f571ac000 'java/lang/invoke/LambdaForm$MH+0x0000015f571ac000'
Event: 12.665 Thread 0x0000015f3f454830 Unloading class 0x0000015f571abc00 'java/lang/invoke/LambdaForm$BMH+0x0000015f571abc00'
Event: 12.665 Thread 0x0000015f3f454830 Unloading class 0x0000015f571ab800 'java/lang/invoke/LambdaForm$DMH+0x0000015f571ab800'
Event: 12.665 Thread 0x0000015f3f454830 Unloading class 0x0000015f571aa400 'java/lang/invoke/LambdaForm$DMH+0x0000015f571aa400'

Classes redefined (0 events):
No events

Internal exceptions (20 events):
Event: 1769.033 Thread 0x0000015f9c034560 Exception <a 'sun/nio/fs/WindowsException'{0x00000000d5765938}> (0x00000000d5765938) 
thrown [s\src\hotspot\share\prims\jni.cpp, line 520]
Event: 1769.033 Thread 0x0000015f9c034560 Exception <a 'sun/nio/fs/WindowsException'{0x00000000d5766d70}> (0x00000000d5766d70) 
thrown [s\src\hotspot\share\prims\jni.cpp, line 520]
Event: 1769.034 Thread 0x0000015f9c034560 Exception <a 'sun/nio/fs/WindowsException'{0x00000000d5769160}> (0x00000000d5769160) 
thrown [s\src\hotspot\share\prims\jni.cpp, line 520]
Event: 1769.070 Thread 0x0000015f9c711800 Exception <a 'sun/nio/fs/WindowsException'{0x00000000d576c820}> (0x00000000d576c820) 
thrown [s\src\hotspot\share\prims\jni.cpp, line 520]
Event: 1769.082 Thread 0x0000015f9c710450 Exception <a 'sun/nio/fs/WindowsException'{0x00000000d5770248}> (0x00000000d5770248) 
thrown [s\src\hotspot\share\prims\jni.cpp, line 520]
Event: 1769.218 Thread 0x0000015f9c711e90 Exception <a 'sun/nio/fs/WindowsException'{0x00000000d5585188}> (0x00000000d5585188) 
thrown [s\src\hotspot\share\prims\jni.cpp, line 520]
Event: 1769.221 Thread 0x0000015f9c711e90 Exception <a 'sun/nio/fs/WindowsException'{0x00000000d55885f0}> (0x00000000d55885f0) 
thrown [s\src\hotspot\share\prims\jni.cpp, line 520]
Event: 1769.226 Thread 0x0000015f9c711800 Exception <a 'sun/nio/fs/WindowsException'{0x00000000d55807b0}> (0x00000000d55807b0) 
thrown [s\src\hotspot\share\prims\jni.cpp, line 520]
Event: 1786.124 Thread 0x0000015f9c710ae0 Exception <a 'sun/nio/fs/WindowsException'{0x00000000d5658c18}> (0x00000000d5658c18) 
thrown [s\src\hotspot\share\prims\jni.cpp, line 520]
Event: 1786.315 Thread 0x0000015f9c710ae0 Exception <a 'sun/nio/fs/WindowsException'{0x00000000d56b7a58}> (0x00000000d56b7a58) 
thrown [s\src\hotspot\share\prims\jni.cpp, line 520]
Event: 1793.044 Thread 0x0000015f9c70e380 Exception <a 'sun/nio/fs/WindowsException'{0x00000000d571add8}> (0x00000000d571add8) 
thrown [s\src\hotspot\share\prims\jni.cpp, line 520]
Event: 1793.045 Thread 0x0000015f9c034560 Exception <a 'sun/nio/fs/WindowsException'{0x00000000d571c448}> (0x00000000d571c448) 
thrown [s\src\hotspot\share\prims\jni.cpp, line 520]
Event: 1793.046 Thread 0x0000015f9c710450 Exception <a 'sun/nio/fs/WindowsException'{0x00000000d571e9f8}> (0x00000000d571e9f8) 
thrown [s\src\hotspot\share\prims\jni.cpp, line 520]
Event: 1793.369 Thread 0x0000015f9c70e380 Exception <a 'sun/nio/fs/WindowsException'{0x00000000d5598fc0}> (0x00000000d5598fc0) 
thrown [s\src\hotspot\share\prims\jni.cpp, line 520]
Event: 1793.369 Thread 0x0000015f9c70e380 Exception <a 'sun/nio/fs/WindowsException'{0x00000000d55996b8}> (0x00000000d55996b8) 
thrown [s\src\hotspot\share\prims\jni.cpp, line 520]
Event: 1801.202 Thread 0x0000015f9c034bf0 Exception <a 'sun/nio/fs/WindowsException'{0x00000000d56c5460}> (0x00000000d56c5460) 
thrown [s\src\hotspot\share\prims\jni.cpp, line 520]
Event: 2045.834 Thread 0x0000015f9c70ea10 Exception <a 'sun/nio/fs/WindowsException'{0x00000000d56ed760}> (0x00000000d56ed760) 
thrown [s\src\hotspot\share\prims\jni.cpp, line 520]
Event: 2045.834 Thread 0x0000015f9c70ea10 Exception <a 'sun/nio/fs/WindowsException'{0x00000000d56ee390}> (0x00000000d56ee390) 
thrown [s\src\hotspot\share\prims\jni.cpp, line 520]
Event: 2091.853 Thread 0x0000015f9c70ea10 Exception <a 'java/lang/NoSuchMethodError'{0x00000000d576dc10}: 'java.lang.Object java.lang.invoke.DirectMethodHandle$Holder.invokeSpecial(java.lang.Object, java.lang.Object, int, long)'> (0x00000000d576dc10) 
thrown [s\src\hotspot\share\interpreter\linkResolver.cpp, line 773]
Event: 6191.706 Thread 0x0000015f9c034bf0 Exception <a 'sun/nio/fs/WindowsException'{0x00000000d55c03a8}> (0x00000000d55c03a8) 
thrown [s\src\hotspot\share\prims\jni.cpp, line 520]

ZGC Phase Switch (0 events):
No events

VM Operations (20 events):
Event: 6197.408 Executing VM operation: ParallelGCFailedAllocation (Allocation Failure)
Event: 6197.411 Executing VM operation: ParallelGCFailedAllocation (Allocation Failure) done
Event: 6197.460 Executing VM operation: ParallelGCFailedAllocation (Allocation Failure)
Event: 6197.462 Executing VM operation: ParallelGCFailedAllocation (Allocation Failure) done
Event: 6197.570 Executing VM operation: ParallelGCFailedAllocation (Allocation Failure)
Event: 6197.572 Executing VM operation: ParallelGCFailedAllocation (Allocation Failure) done
Event: 6197.913 Executing VM operation: ParallelGCFailedAllocation (Allocation Failure)
Event: 6197.916 Executing VM operation: ParallelGCFailedAllocation (Allocation Failure) done
Event: 6198.312 Executing VM operation: ParallelGCFailedAllocation (Allocation Failure)
Event: 6198.315 Executing VM operation: ParallelGCFailedAllocation (Allocation Failure) done
Event: 6199.263 Executing VM operation: ParallelGCFailedAllocation (Allocation Failure)
Event: 6199.265 Executing VM operation: ParallelGCFailedAllocation (Allocation Failure) done
Event: 6199.415 Executing VM operation: HandshakeAllThreads (HandshakeForDeflation)
Event: 6199.442 Executing VM operation: HandshakeAllThreads (HandshakeForDeflation) done
Event: 6199.442 Executing VM operation: RendezvousGCThreads
Event: 6199.442 Executing VM operation: RendezvousGCThreads done
Event: 6200.277 Executing VM operation: ParallelGCFailedAllocation (Allocation Failure)
Event: 6200.280 Executing VM operation: ParallelGCFailedAllocation (Allocation Failure) done
Event: 6201.141 Executing VM operation: ParallelGCFailedAllocation (Allocation Failure)
Event: 6201.143 Executing VM operation: ParallelGCFailedAllocation (Allocation Failure) done

Memory protections (0 events):
No events

Nmethod flushes (20 events):
Event: 84.148 Thread 0x0000015f3f454830 flushing  nmethod 0x0000015f42e90610
Event: 84.148 Thread 0x0000015f3f454830 flushing  nmethod 0x0000015f42e94210
Event: 84.148 Thread 0x0000015f3f454830 flushing osr nmethod 0x0000015f42e9af10
Event: 84.148 Thread 0x0000015f3f454830 flushing  nmethod 0x0000015f42ea6410
Event: 84.148 Thread 0x0000015f3f454830 flushing  nmethod 0x0000015f42edac90
Event: 84.148 Thread 0x0000015f3f454830 flushing  nmethod 0x0000015f42edc690
Event: 84.148 Thread 0x0000015f3f454830 flushing  nmethod 0x0000015f42ede710
Event: 84.148 Thread 0x0000015f3f454830 flushing  nmethod 0x0000015f42ee8d10
Event: 84.148 Thread 0x0000015f3f454830 flushing  nmethod 0x0000015f42ef8010
Event: 84.148 Thread 0x0000015f3f454830 flushing  nmethod 0x0000015f42f0d690
Event: 84.148 Thread 0x0000015f3f454830 flushing  nmethod 0x0000015f42f10e90
Event: 84.148 Thread 0x0000015f3f454830 flushing  nmethod 0x0000015f42f12190
Event: 84.148 Thread 0x0000015f3f454830 flushing  nmethod 0x0000015f42f35590
Event: 84.148 Thread 0x0000015f3f454830 flushing  nmethod 0x0000015f42f82f90
Event: 84.148 Thread 0x0000015f3f454830 flushing  nmethod 0x0000015f42f83690
Event: 84.148 Thread 0x0000015f3f454830 flushing  nmethod 0x0000015f42f83c90
Event: 84.148 Thread 0x0000015f3f454830 flushing  nmethod 0x0000015f42f84510
Event: 84.148 Thread 0x0000015f3f454830 flushing  nmethod 0x0000015f42f85490
Event: 84.148 Thread 0x0000015f3f454830 flushing  nmethod 0x0000015f42f85810
Event: 84.148 Thread 0x0000015f3f454830 flushing  nmethod 0x0000015f42f87f10

Events (20 events):
Event: 1913.059 Thread 0x0000015f9c710450 Thread exited: 0x0000015f9c710450
Event: 1973.066 Thread 0x0000015f9c711e90 Thread exited: 0x0000015f9c711e90
Event: 2033.093 Thread 0x0000015f9c711800 Thread exited: 0x0000015f9c711800
Event: 2045.821 Thread 0x0000015f9c70ea10 Thread added: 0x0000015f9c711800
Event: 2045.831 Thread 0x0000015f9c711800 Thread exited: 0x0000015f9c711800
Event: 2045.835 Thread 0x0000015f9c70ea10 Thread added: 0x0000015f9c710450
Event: 2045.838 Thread 0x0000015f9c710450 Thread exited: 0x0000015f9c710450
Event: 2091.848 Thread 0x0000015f9c70ea10 Thread added: 0x0000015f9c710450
Event: 2093.035 Thread 0x0000015f9c710ae0 Thread exited: 0x0000015f9c710ae0
Event: 2093.357 Thread 0x0000015f9c7145f0 Thread exited: 0x0000015f9c7145f0
Event: 2093.875 Thread 0x0000015f9c7138d0 Thread exited: 0x0000015f9c7138d0
Event: 2094.191 Thread 0x0000015f9c713240 Thread exited: 0x0000015f9c713240
Event: 2171.561 Thread 0x0000015f9c70ea10 Thread exited: 0x0000015f9c70ea10
Event: 6179.411 Thread 0x0000015f9c3be6b0 Thread added: 0x0000015f9c70ea10
Event: 6180.908 Thread 0x0000015f9c710450 Thread added: 0x0000015f9c710ae0
Event: 6182.052 Thread 0x0000015f9c710450 Thread added: 0x0000015f9c711800
Event: 6183.679 Thread 0x0000015f9c037350 Thread added: 0x0000015f9c70e380
Event: 6194.969 Thread 0x0000015f9c710450 Thread added: 0x0000015f9c714c80
Event: 6195.838 Thread 0x0000015f55e135a0 Thread added: 0x0000015f9edd99b0
Event: 6196.192 Thread 0x0000015f9edd99b0 Thread exited: 0x0000015f9edd99b0


Dynamic libraries:
0x00007ff6ed450000 - 0x00007ff6ed45e000 	c:\Users\Steiner\.cursor\extensions\redhat.java-1.46.0-win32-x64\jre\21.0.8-win32-x86_64\bin\java.exe
0x00007ffa9b800000 - 0x00007ffa9ba63000 	C:\Windows\SYSTEM32\ntdll.dll
0x00007ffa9b290000 - 0x00007ffa9b358000 	C:\Windows\System32\KERNEL32.DLL
0x00007ffa99170000 - 0x00007ffa99522000 	C:\Windows\System32\KERNELBASE.dll
0x00007ffa95060000 - 0x00007ffa950fc000 	C:\Windows\SYSTEM32\apphelp.dll
0x00007ffa98f50000 - 0x00007ffa9909b000 	C:\Windows\System32\ucrtbase.dll
0x00007ffa95b40000 - 0x00007ffa95b58000 	c:\Users\Steiner\.cursor\extensions\redhat.java-1.46.0-win32-x64\jre\21.0.8-win32-x86_64\bin\jli.dll
0x00007ffa99b30000 - 0x00007ffa99cf8000 	C:\Windows\System32\USER32.dll
0x00007ffa990a0000 - 0x00007ffa990c7000 	C:\Windows\System32\win32u.dll
0x00007ffa99b00000 - 0x00007ffa99b2a000 	C:\Windows\System32\GDI32.dll
0x00007ffa99530000 - 0x00007ffa9965b000 	C:\Windows\System32\gdi32full.dll
0x00007ffa98c90000 - 0x00007ffa98d33000 	C:\Windows\System32\msvcp_win.dll
0x00007ffa956e0000 - 0x00007ffa956fe000 	c:\Users\Steiner\.cursor\extensions\redhat.java-1.46.0-win32-x64\jre\21.0.8-win32-x86_64\bin\VCRUNTIME140.dll
0x00007ffa82370000 - 0x00007ffa82600000 	C:\Windows\WinSxS\amd64_microsoft.windows.common-controls_6595b64144ccf1df_6.0.26100.2454_none_3e0b68a2e331ad60\COMCTL32.dll
0x00007ffa99850000 - 0x00007ffa998f9000 	C:\Windows\System32\msvcrt.dll
0x00007ffa9a580000 - 0x00007ffa9a5af000 	C:\Windows\System32\IMM32.DLL
0x00007ffa95b20000 - 0x00007ffa95b2c000 	c:\Users\Steiner\.cursor\extensions\redhat.java-1.46.0-win32-x64\jre\21.0.8-win32-x86_64\bin\vcruntime140_1.dll
0x00007ffa95180000 - 0x00007ffa9520d000 	c:\Users\Steiner\.cursor\extensions\redhat.java-1.46.0-win32-x64\jre\21.0.8-win32-x86_64\bin\msvcp140.dll
0x00007ffa50a70000 - 0x00007ffa51807000 	c:\Users\Steiner\.cursor\extensions\redhat.java-1.46.0-win32-x64\jre\21.0.8-win32-x86_64\bin\server\jvm.dll
0x00007ffa9b6f0000 - 0x00007ffa9b7a4000 	C:\Windows\System32\ADVAPI32.dll
0x00007ffa9b5b0000 - 0x00007ffa9b656000 	C:\Windows\System32\sechost.dll
0x00007ffa99960000 - 0x00007ffa99a76000 	C:\Windows\System32\RPCRT4.dll
0x00007ffa99a80000 - 0x00007ffa99af4000 	C:\Windows\System32\WS2_32.dll
0x00007ffa97840000 - 0x00007ffa9788e000 	C:\Windows\SYSTEM32\POWRPROF.dll
0x00007ffa6a3d0000 - 0x00007ffa6a406000 	C:\Windows\SYSTEM32\WINMM.dll
0x00007ffa95510000 - 0x00007ffa9551b000 	C:\Windows\SYSTEM32\VERSION.dll
0x00007ffa97820000 - 0x00007ffa97834000 	C:\Windows\SYSTEM32\UMPDC.dll
0x00007ffa97ae0000 - 0x00007ffa97afa000 	C:\Windows\SYSTEM32\kernel.appcore.dll
0x00007ffa95750000 - 0x00007ffa9575a000 	c:\Users\Steiner\.cursor\extensions\redhat.java-1.46.0-win32-x64\jre\21.0.8-win32-x86_64\bin\jimage.dll
0x00007ffa7e080000 - 0x00007ffa7e2c1000 	C:\Windows\SYSTEM32\DBGHELP.DLL
0x00007ffa9af00000 - 0x00007ffa9b27e000 	C:\Windows\System32\combase.dll
0x00007ffa9a840000 - 0x00007ffa9a916000 	C:\Windows\System32\OLEAUT32.dll
0x00007ffa7dd40000 - 0x00007ffa7dd79000 	C:\Windows\SYSTEM32\dbgcore.DLL
0x00007ffa990d0000 - 0x00007ffa99169000 	C:\Windows\System32\bcryptPrimitives.dll
0x00007ffa956b0000 - 0x00007ffa956bf000 	c:\Users\Steiner\.cursor\extensions\redhat.java-1.46.0-win32-x64\jre\21.0.8-win32-x86_64\bin\instrument.dll
0x00007ffa95230000 - 0x00007ffa9524f000 	c:\Users\Steiner\.cursor\extensions\redhat.java-1.46.0-win32-x64\jre\21.0.8-win32-x86_64\bin\java.dll
0x00007ffa99e70000 - 0x00007ffa9a570000 	C:\Windows\System32\SHELL32.dll
0x00007ffa968e0000 - 0x00007ffa97111000 	C:\Windows\SYSTEM32\windows.storage.dll
0x00007ffa99d90000 - 0x00007ffa99e6a000 	C:\Windows\System32\SHCORE.dll
0x00007ffa9b690000 - 0x00007ffa9b6ed000 	C:\Windows\System32\shlwapi.dll
0x00007ffa98ae0000 - 0x00007ffa98b0e000 	C:\Windows\SYSTEM32\profapi.dll
0x00007ffa948c0000 - 0x00007ffa948d8000 	c:\Users\Steiner\.cursor\extensions\redhat.java-1.46.0-win32-x64\jre\21.0.8-win32-x86_64\bin\zip.dll
0x00007ffa956a0000 - 0x00007ffa956b0000 	C:\Users\Steiner\.cursor\extensions\redhat.java-1.46.0-win32-x64\jre\21.0.8-win32-x86_64\bin\net.dll
0x00007ffa91fc0000 - 0x00007ffa920e6000 	C:\Windows\SYSTEM32\WINHTTP.dll
0x00007ffa97fc0000 - 0x00007ffa98028000 	C:\Windows\system32\mswsock.dll
0x00007ffa948a0000 - 0x00007ffa948b6000 	C:\Users\Steiner\.cursor\extensions\redhat.java-1.46.0-win32-x64\jre\21.0.8-win32-x86_64\bin\nio.dll
0x00007ffa94890000 - 0x00007ffa948a0000 	c:\Users\Steiner\.cursor\extensions\redhat.java-1.46.0-win32-x64\jre\21.0.8-win32-x86_64\bin\verify.dll
0x00007ffa94700000 - 0x00007ffa94744000 	C:\Users\Steiner\AppData\Roaming\Cursor\User\globalStorage\redhat.java\1.46.0\config_win\org.eclipse.equinox.launcher\org.eclipse.equinox.launcher.win32.win32.x86_64_1.2.1400.v20250801-0854\eclipse_11916.dll
0x00007ffa9a670000 - 0x00007ffa9a809000 	C:\Windows\System32\ole32.dll
0x00007ffa98370000 - 0x00007ffa9838c000 	C:\Windows\SYSTEM32\CRYPTSP.dll
0x00007ffa97a40000 - 0x00007ffa97a78000 	C:\Windows\system32\rsaenh.dll
0x00007ffa98060000 - 0x00007ffa9808b000 	C:\Windows\SYSTEM32\USERENV.dll
0x00007ffa98500000 - 0x00007ffa98526000 	C:\Windows\SYSTEM32\bcrypt.dll
0x00007ffa981f0000 - 0x00007ffa981fc000 	C:\Windows\SYSTEM32\CRYPTBASE.dll
0x00007ffa97480000 - 0x00007ffa974b2000 	C:\Windows\SYSTEM32\IPHLPAPI.DLL
0x00007ffa9b660000 - 0x00007ffa9b66a000 	C:\Windows\System32\NSI.dll
0x00007ffa94640000 - 0x00007ffa94689000 	C:\Users\Steiner\AppData\Local\Temp\jna--229111658\jna7242577589370548076.dll
0x00007ffa99840000 - 0x00007ffa99848000 	C:\Windows\System32\PSAPI.DLL
0x00007ffa921e0000 - 0x00007ffa921fe000 	C:\Windows\SYSTEM32\dhcpcsvc6.DLL
0x00007ffa91f70000 - 0x00007ffa91f95000 	C:\Windows\SYSTEM32\dhcpcsvc.DLL

JVMTI agents:
c:\Users\Steiner\.cursor\extensions\redhat.java-1.46.0-win32-x64\lombok\lombok-1.18.39-4050.jar path:c:\Users\Steiner\.cursor\extensions\redhat.java-1.46.0-win32-x64\jre\21.0.8-win32-x86_64\bin\instrument.dll, loaded, initialized, instrumentlib options:none

dbghelp: loaded successfully - version: 4.0.5 - missing functions: none
symbol engine: initialized successfully - sym options: 0x614 - pdb path: .;c:\Users\Steiner\.cursor\extensions\redhat.java-1.46.0-win32-x64\jre\21.0.8-win32-x86_64\bin;C:\Windows\SYSTEM32;C:\Windows\WinSxS\amd64_microsoft.windows.common-controls_6595b64144ccf1df_6.0.26100.2454_none_3e0b68a2e331ad60;c:\Users\Steiner\.cursor\extensions\redhat.java-1.46.0-win32-x64\jre\21.0.8-win32-x86_64\bin\server;C:\Users\Steiner\AppData\Roaming\Cursor\User\globalStorage\redhat.java\1.46.0\config_win\org.eclipse.equinox.launcher\org.eclipse.equinox.launcher.win32.win32.x86_64_1.2.1400.v20250801-0854;C:\Users\Steiner\AppData\Local\Temp\jna--229111658

VM Arguments:
jvm_args: --add-modules=ALL-SYSTEM --add-opens=java.base/java.util=ALL-UNNAMED --add-opens=java.base/java.lang=ALL-UNNAMED --add-opens=java.base/sun.nio.fs=ALL-UNNAMED -Declipse.application=org.eclipse.jdt.ls.core.id1 -Dosgi.bundles.defaultStartLevel=4 -Declipse.product=org.eclipse.jdt.ls.core.product -Djava.import.generatesMetadataFilesAtProjectRoot=false -DDetectVMInstallationsJob.disabled=true -Dfile.encoding=utf8 -XX:+UseParallelGC -XX:GCTimeRatio=4 -XX:AdaptiveSizePolicyWeight=90 -Dsun.zip.disableMemoryMapping=true -Xmx2G -Xms100m -Xlog:disable -javaagent:c:\Users\Steiner\.cursor\extensions\redhat.java-1.46.0-win32-x64\lombok\lombok-1.18.39-4050.jar -XX:+HeapDumpOnOutOfMemoryError -XX:HeapDumpPath=c:\Users\Steiner\AppData\Roaming\Cursor\User\workspaceStorage\e78757052b412773338dde8d6663c7d9\redhat.java -Daether.dependencyCollector.impl=bf 
java_command: c:\Users\Steiner\.cursor\extensions\redhat.java-1.46.0-win32-x64\server\plugins\org.eclipse.equinox.launcher_1.7.0.v20250519-0528.jar -configuration c:\Users\Steiner\AppData\Roaming\Cursor\User\globalStorage\redhat.java\1.46.0\config_win -data c:\Users\Steiner\AppData\Roaming\Cursor\User\workspaceStorage\e78757052b412773338dde8d6663c7d9\redhat.java\jdt_ws --pipe=\\.\pipe\lsp-4a2dcf1afbc83c852a39adc99b1948b3-sock
java_class_path (initial): c:\Users\Steiner\.cursor\extensions\redhat.java-1.46.0-win32-x64\server\plugins\org.eclipse.equinox.launcher_1.7.0.v20250519-0528.jar
Launcher Type: SUN_STANDARD

[Global flags]
    uintx AdaptiveSizePolicyWeight                 = 90                                        {product} {command line}
     intx CICompilerCount                          = 3                                         {product} {ergonomic}
    uintx GCTimeRatio                              = 4                                         {product} {command line}
     bool HeapDumpOnOutOfMemoryError               = true                                   {manageable} {command line}
    ccstr HeapDumpPath                             = c:\Users\Steiner\AppData\Roaming\Cursor\User\workspaceStorage\e78757052b412773338dde8d6663c7d9\redhat.java         {manageable} {command line}
   size_t InitialHeapSize                          = 104857600                                 {product} {command line}
   size_t MaxHeapSize                              = 2147483648                                {product} {command line}
   size_t MaxNewSize                               = 715653120                                 {product} {ergonomic}
   size_t MinHeapDeltaBytes                        = 524288                                    {product} {ergonomic}
   size_t MinHeapSize                              = 104857600                                 {product} {command line}
   size_t NewSize                                  = 34603008                                  {product} {ergonomic}
    uintx NonNMethodCodeHeapSize                   = 5832780                                {pd product} {ergonomic}
    uintx NonProfiledCodeHeapSize                  = 122912730                              {pd product} {ergonomic}
   size_t OldSize                                  = 70254592                                  {product} {ergonomic}
    uintx ProfiledCodeHeapSize                     = 122912730                              {pd product} {ergonomic}
    uintx ReservedCodeCacheSize                    = 251658240                              {pd product} {ergonomic}
     bool SegmentedCodeCache                       = true                                      {product} {ergonomic}
   size_t SoftMaxHeapSize                          = 2147483648                             {manageable} {ergonomic}
     bool UseCompressedOops                        = true                           {product lp64_product} {ergonomic}
     bool UseLargePagesIndividualAllocation        = false                                  {pd product} {ergonomic}
     bool UseParallelGC                            = true                                      {product} {command line}

Logging:
Log output configuration:
 #0: stdout all=off uptime,level,tags foldmultilines=false
 #1: stderr all=off uptime,level,tags foldmultilines=false

Environment Variables:
PATH=C:\Program Files\Eclipse Adoptium\jdk-21.0.8.9-hotspot\bin;C:\Program Files\Common Files\Oracle\Java\javapath;C:\Windows\system32;C:\Windows;C:\Windows\System32\Wbem;C:\Windows\System32\WindowsPowerShell\v1.0\;C:\Windows\System32\OpenSSH\;C:\ProgramData\chocolatey\bin;C:\Program Files\dotnet\;C:\Program Files\GitHub CLI\;C:\Program Files\nodejs\;C:\Program Files\Docker\Docker\resources\bin;C:\Program Files\Tailscale\;C:\Program Files\MySQL\MySQL Shell 8.0\bin\;C:\Users\Steiner\AppData\Local\Programs\Python\Launcher\;C:\Users\Steiner\AppData\Local\Microsoft\WindowsApps;C:\Users\Steiner\AppData\Local\Programs\Microsoft VS Code\bin;C:\Users\Steiner\AppData\Local\gitkraken\bin;C:\Users\Steiner\AppData\Local\GitHubDesktop\bin;C:\Users\Steiner\AppData\Roaming\npm;C:\Users\Steiner\AppData\Local\Programs\cursor\resources\app\bin
USERNAME=Steiner
OS=Windows_NT
PROCESSOR_IDENTIFIER=Intel64 Family 6 Model 142 Stepping 9, GenuineIntel
TMP=C:\Users\Steiner\AppData\Local\Temp
TEMP=C:\Users\Steiner\AppData\Local\Temp




Periodic native trim disabled

---------------  S Y S T E M  ---------------

OS:
 Windows 11 , 64 bit Build 26100 (10.0.26100.2454)
OS uptime: 0 days 5:48 hours
Hyper-V role detected

CPU: total 4 (initial active 4) (2 cores per cpu, 2 threads per core) family 6 model 142 stepping 9 microcode 0xf0, cx8, cmov, fxsr, ht, mmx, 3dnowpref, sse, sse2, sse3, ssse3, sse4.1, sse4.2, popcnt, lzcnt, tsc, tscinvbit, avx, avx2, aes, erms, clmul, bmi1, bmi2, rtm, adx, fma, vzeroupper, clflush, clflushopt, hv, rdtscp, f16c
Processor Information for the first 4 processors :
  Max Mhz: 2904, Current Mhz: 2803, Mhz Limit: 2787

Memory: 4k page, system-wide physical 16218M (4684M free)
TotalPageFile size 16218M (AvailPageFile size 0M)
current process WorkingSet (physical memory assigned to process): 258M, peak: 563M
current process commit charge ("private bytes"): 693M, peak: 695M

vm_info: OpenJDK 64-Bit Server VM (21.0.8+9-LTS) for windows-amd64 JRE (21.0.8+9-LTS), built on 2025-07-15T00:00:00Z by "admin" with MS VC++ 17.7 (VS2022)

END.
