#
# There is insufficient memory for the Java Runtime Environment to continue.
# Native memory allocation (malloc) failed to allocate 173376 bytes. Error detail: Chunk::new
# Possible reasons:
#   The system is out of physical RAM or swap space
#   This process is running with CompressedOops enabled, and the Java Heap may be blocking the growth of the native heap
# Possible solutions:
#   Reduce memory load on the system
#   Increase physical memory or swap space
#   Check if swap backing store is full
#   Decrease Java heap size (-Xmx/-Xms)
#   Decrease number of Java threads
#   Decrease Java thread stack sizes (-Xss)
#   Set larger code cache with -XX:ReservedCodeCacheSize=
#   JVM is running with Unscaled Compressed Oops mode in which the Java heap is
#     placed in the first 4GB address space. The Java Heap base address is the
#     maximum limit for the native heap growth. Please use -XX:HeapBaseMinAddress
#     to set the Java Heap base and to place the Java Heap above 4GB virtual address.
# This output file may be truncated or incomplete.
#
#  Out of Memory Error (arena.cpp:168), pid=16820, tid=16828
#
# JRE version: OpenJDK Runtime Environment Temurin-21.0.8+9 (21.0.8+9) (build 21.0.8+9-LTS)
# Java VM: OpenJDK 64-Bit Server VM Temurin-21.0.8+9 (21.0.8+9-LTS, mixed mode, sharing, tiered, compressed oops, compressed class ptrs, parallel gc, windows-amd64)
# No core dump will be written. Minidumps are not enabled by default on client versions of Windows
#

---------------  S U M M A R Y ------------

Command Line: --add-modules=ALL-SYSTEM --add-opens=java.base/java.util=ALL-UNNAMED --add-opens=java.base/java.lang=ALL-UNNAMED --add-opens=java.base/sun.nio.fs=ALL-UNNAMED -Declipse.application=org.eclipse.jdt.ls.core.id1 -Dosgi.bundles.defaultStartLevel=4 -Declipse.product=org.eclipse.jdt.ls.core.product -Djava.import.generatesMetadataFilesAtProjectRoot=false -DDetectVMInstallationsJob.disabled=true -Dfile.encoding=utf8 -XX:+UseParallelGC -XX:GCTimeRatio=4 -XX:AdaptiveSizePolicyWeight=90 -Dsun.zip.disableMemoryMapping=true -Xmx2G -Xms100m -Xlog:disable -javaagent:c:\Users\Steiner\.cursor\extensions\redhat.java-1.45.0-win32-x64\lombok\lombok-1.18.39-4050.jar c:\Users\Steiner\.cursor\extensions\redhat.java-1.45.0-win32-x64\server\plugins\org.eclipse.equinox.launcher_1.7.0.v20250519-0528.jar -configuration c:\Users\Steiner\AppData\Roaming\Cursor\User\globalStorage\redhat.java\1.45.0\config_ss_win -data c:\Users\Steiner\AppData\Roaming\Cursor\User\workspaceStorage\0e9145ee12bf45a9f923be6568a2f652\redhat.java\ss_ws --pipe=\\.\pipe\lsp-cb9c44bee0ae118b10d243498a1283b7-sock

Host: Intel(R) Core(TM) i7-7600U CPU @ 2.80GHz, 4 cores, 15G,  Windows 11 , 64 bit Build 26100 (10.0.26100.2454)
Time: Mon Sep 22 21:50:41 2025 Hora est. Pacífico, Sudamérica elapsed time: 7.814769 seconds (0d 0h 0m 7s)

---------------  T H R E A D  ---------------

Current thread (0x000001b142e6c130):  JavaThread "C2 CompilerThread0" daemon [_thread_in_native, id=16828, stack(0x00000099d4600000,0x00000099d4700000) (1024K)]


Current CompileTask:
C2:7814 2558   !   4       java.util.concurrent.ConcurrentHashMap::transfer (849 bytes)

Stack: [0x00000099d4600000,0x00000099d4700000]
Native frames: (J=compiled Java code, j=interpreted, Vv=VM code, C=native code)
V  [jvm.dll+0x6d2449]
V  [jvm.dll+0x8ae341]
V  [jvm.dll+0x8b08be]
V  [jvm.dll+0x8b0fa3]
V  [jvm.dll+0x280c96]
V  [jvm.dll+0xc581d]
V  [jvm.dll+0xc5d53]
V  [jvm.dll+0x3b919c]
V  [jvm.dll+0x385315]
V  [jvm.dll+0x38477a]
V  [jvm.dll+0x248ed0]
V  [jvm.dll+0x2484af]
V  [jvm.dll+0x1c89ee]
V  [jvm.dll+0x257d4d]
V  [jvm.dll+0x2562ea]
V  [jvm.dll+0x3f2d16]
V  [jvm.dll+0x857e6b]
V  [jvm.dll+0x6d0b0d]
C  [ucrtbase.dll+0x14ea0]
C  [KERNEL32.DLL+0x2e8d7]
C  [ntdll.dll+0xdfbcc]


---------------  P R O C E S S  ---------------

Threads class SMR info:
_java_thread_list=0x000001b1a09c0e80, length=18, elements={
0x000001b142f6bf80, 0x000001b142e62cc0, 0x000001b142e65530, 0x000001b142e69310,
0x000001b142e69e60, 0x000001b142e6a8b0, 0x000001b142e6b300, 0x000001b142e6c130,
0x000001b142ee0600, 0x000001b142f1de70, 0x000001b19b7d0e60, 0x000001b1a043a380,
0x000001b1a063c160, 0x000001b1a055fef0, 0x000001b1a05f4330, 0x000001b1a05ed530,
0x000001b1a00f5550, 0x000001b1a00696d0
}

Java Threads: ( => current thread )
  0x000001b142f6bf80 JavaThread "main"                              [_thread_blocked, id=16848, stack(0x00000099d3c00000,0x00000099d3d00000) (1024K)]
  0x000001b142e62cc0 JavaThread "Reference Handler"          daemon [_thread_blocked, id=16888, stack(0x00000099d4000000,0x00000099d4100000) (1024K)]
  0x000001b142e65530 JavaThread "Finalizer"                  daemon [_thread_blocked, id=16892, stack(0x00000099d4100000,0x00000099d4200000) (1024K)]
  0x000001b142e69310 JavaThread "Signal Dispatcher"          daemon [_thread_blocked, id=16800, stack(0x00000099d4200000,0x00000099d4300000) (1024K)]
  0x000001b142e69e60 JavaThread "Attach Listener"            daemon [_thread_blocked, id=16784, stack(0x00000099d4300000,0x00000099d4400000) (1024K)]
  0x000001b142e6a8b0 JavaThread "Service Thread"             daemon [_thread_blocked, id=16780, stack(0x00000099d4400000,0x00000099d4500000) (1024K)]
  0x000001b142e6b300 JavaThread "Monitor Deflation Thread"   daemon [_thread_blocked, id=16764, stack(0x00000099d4500000,0x00000099d4600000) (1024K)]
=>0x000001b142e6c130 JavaThread "C2 CompilerThread0"         daemon [_thread_in_native, id=16828, stack(0x00000099d4600000,0x00000099d4700000) (1024K)]
  0x000001b142ee0600 JavaThread "C1 CompilerThread0"         daemon [_thread_in_vm, id=16756, stack(0x00000099d4700000,0x00000099d4800000) (1024K)]
  0x000001b142f1de70 JavaThread "Common-Cleaner"             daemon [_thread_blocked, id=16972, stack(0x00000099d4800000,0x00000099d4900000) (1024K)]
  0x000001b19b7d0e60 JavaThread "Notification Thread"        daemon [_thread_blocked, id=16936, stack(0x00000099d4a00000,0x00000099d4b00000) (1024K)]
  0x000001b1a043a380 JavaThread "Active Thread: Equinox Container: 46005b3f-9187-41a1-a65c-9c5960f5c1d7"        [_thread_blocked, id=17400, stack(0x00000099d4e00000,0x00000099d4f00000) (1024K)]
  0x000001b1a063c160 JavaThread "Framework Event Dispatcher: Equinox Container: 46005b3f-9187-41a1-a65c-9c5960f5c1d7" daemon [_thread_blocked, id=17352, stack(0x00000099d4f00000,0x00000099d5000000) (1024K)]
  0x000001b1a055fef0 JavaThread "Start Level: Equinox Container: 46005b3f-9187-41a1-a65c-9c5960f5c1d7" daemon [_thread_blocked, id=15748, stack(0x00000099d5000000,0x00000099d5100000) (1024K)]
  0x000001b1a05f4330 JavaThread "SCR Component Actor"        daemon [_thread_blocked, id=3608, stack(0x00000099d5100000,0x00000099d5200000) (1024K)]
  0x000001b1a05ed530 JavaThread "SCR Component Registry"     daemon [_thread_blocked, id=8220, stack(0x00000099d4900000,0x00000099d4a00000) (1024K)]
  0x000001b1a00f5550 JavaThread "Worker-JM"                         [_thread_blocked, id=8052, stack(0x00000099d5200000,0x00000099d5300000) (1024K)]
  0x000001b1a00696d0 JavaThread "JNA Cleaner"                daemon [_thread_blocked, id=16748, stack(0x00000099d5300000,0x00000099d5400000) (1024K)]
Total: 18

Other Threads:
  0x000001b14302dfa0 VMThread "VM Thread"                           [id=16860, stack(0x00000099d3f00000,0x00000099d4000000) (1024K)]
  0x000001b142dfc8d0 WatcherThread "VM Periodic Task Thread"        [id=16856, stack(0x00000099d3e00000,0x00000099d3f00000) (1024K)]
  0x000001b142f8a8a0 WorkerThread "GC Thread#0"                     [id=16852, stack(0x00000099d3d00000,0x00000099d3e00000) (1024K)]
  0x000001b1a067c480 WorkerThread "GC Thread#1"                     [id=17160, stack(0x00000099d4b00000,0x00000099d4c00000) (1024K)]
  0x000001b1a01bd9d0 WorkerThread "GC Thread#2"                     [id=16724, stack(0x00000099d4c00000,0x00000099d4d00000) (1024K)]
  0x000001b1a01bdd70 WorkerThread "GC Thread#3"                     [id=16716, stack(0x00000099d4d00000,0x00000099d4e00000) (1024K)]
Total: 6

Threads with active compile tasks:
C2 CompilerThread0  7860 2558   !   4       java.util.concurrent.ConcurrentHashMap::transfer (849 bytes)
C1 CompilerThread0  7860 2568       3       com.sun.org.apache.xerces.internal.utils.XMLSecurityManager::isOverLimit (111 bytes)
Total: 2

VM state: not at safepoint (normal execution)

VM Mutex/Monitor currently owned by a thread:  ([mutex/lock_event])
[0x00007ffeb33d3fd8] MethodCompileQueue_lock - owner thread: 0x000001b142ee0600
[0x00007ffeb33d5358] CodeCache_lock - owner thread: 0x000001b142ee0600
[0x00007ffeb33d54d8] Compile_lock - owner thread: 0x000001b142ee0600

Heap address: 0x0000000080000000, size: 2048 MB, Compressed Oops mode: 32-bit

CDS archive(s) mapped at: [0x000001b15a000000-0x000001b15aba0000-0x000001b15aba0000), size 12189696, SharedBaseAddress: 0x000001b15a000000, ArchiveRelocationMode: 1.
Compressed class space mapped at: 0x000001b15b000000-0x000001b19b000000, reserved size: 1073741824
Narrow klass base: 0x000001b15a000000, Narrow klass shift: 0, Narrow klass range: 0x100000000

GC Precious Log:
 CardTable entry size: 512
 CPUs: 4 total, 4 available
 Memory: 16218M
 Large Page Support: Disabled
 NUMA Support: Disabled
 Compressed Oops: Enabled (32-bit)
 Alignments: Space 512K, Generation 512K, Heap 2M
 Heap Min Capacity: 100M
 Heap Initial Capacity: 100M
 Heap Max Capacity: 2G
 Pre-touch: Disabled
 Parallel Workers: 4

Heap:
 PSYoungGen      total 29696K, used 22025K [0x00000000d5580000, 0x00000000d7680000, 0x0000000100000000)
  eden space 25600K, 70% used [0x00000000d5580000,0x00000000d6704ea0,0x00000000d6e80000)
  from space 4096K, 99% used [0x00000000d6e80000,0x00000000d727d6f0,0x00000000d7280000)
  to   space 4096K, 0% used [0x00000000d7280000,0x00000000d7280000,0x00000000d7680000)
 ParOldGen       total 68608K, used 2849K [0x0000000080000000, 0x0000000084300000, 0x00000000d5580000)
  object space 68608K, 4% used [0x0000000080000000,0x00000000802c8428,0x0000000084300000)
 Metaspace       used 15407K, committed 16064K, reserved 1114112K
  class space    used 1624K, committed 1920K, reserved 1048576K

Card table byte_map: [0x000001b142910000,0x000001b142d20000] _byte_map_base: 0x000001b142510000

Marking Bits: (ParMarkBitMap*) 0x00007ffeb33da340
 Begin Bits: [0x000001b155410000, 0x000001b157410000)
 End Bits:   [0x000001b157410000, 0x000001b159410000)

Polling page: 0x000001b140d80000

Metaspace:

Usage:
  Non-class:     13.46 MB used.
      Class:      1.59 MB used.
       Both:     15.05 MB used.

Virtual space:
  Non-class space:       64.00 MB reserved,      13.81 MB ( 22%) committed,  1 nodes.
      Class space:        1.00 GB reserved,       1.88 MB ( <1%) committed,  1 nodes.
             Both:        1.06 GB reserved,      15.69 MB (  1%) committed. 

Chunk freelists:
   Non-Class:  1.63 MB
       Class:  13.98 MB
        Both:  15.61 MB

MaxMetaspaceSize: unlimited
CompressedClassSpaceSize: 1.00 GB
Initial GC threshold: 21.00 MB
Current GC threshold: 21.00 MB
CDS: on
 - commit_granule_bytes: 65536.
 - commit_granule_words: 8192.
 - virtual_space_node_default_size: 8388608.
 - enlarge_chunks_in_place: 1.
 - use_allocation_guard: 0.


Internal statistics:

num_allocs_failed_limit: 0.
num_arena_births: 442.
num_arena_deaths: 0.
num_vsnodes_births: 2.
num_vsnodes_deaths: 0.
num_space_committed: 251.
num_space_uncommitted: 0.
num_chunks_returned_to_freelist: 0.
num_chunks_taken_from_freelist: 999.
num_chunk_merges: 0.
num_chunk_splits: 626.
num_chunks_enlarged: 397.
num_inconsistent_stats: 0.

CodeHeap 'non-profiled nmethods': size=120000Kb used=1081Kb max_used=1081Kb free=118918Kb
 bounds [0x000001b14dc30000, 0x000001b14dea0000, 0x000001b155160000]
CodeHeap 'profiled nmethods': size=120000Kb used=5053Kb max_used=5053Kb free=114946Kb
 bounds [0x000001b146160000, 0x000001b146650000, 0x000001b14d690000]
CodeHeap 'non-nmethods': size=5760Kb used=1270Kb max_used=1287Kb free=4489Kb
 bounds [0x000001b14d690000, 0x000001b14d900000, 0x000001b14dc30000]
CodeCache: size=245760Kb, used=7404Kb, max_used=7421Kb, free=238353Kb
 total_blobs=3110, nmethods=2564, adapters=452, full_count=0
Compilation: enabled, stopped_count=0, restarted_count=0

Compilation events (20 events):
Event: 7.762 Thread 0x000001b142ee0600 2553       3       jdk.internal.misc.Unsafe::weakCompareAndSetLong (11 bytes)
Event: 7.762 Thread 0x000001b142ee0600 nmethod 2553 0x000001b146646110 code [0x000001b1466462a0, 0x000001b1466463c8]
Event: 7.776 Thread 0x000001b142ee0600 2554       3       java.util.LinkedList$Node::<init> (20 bytes)
Event: 7.776 Thread 0x000001b142ee0600 nmethod 2554 0x000001b146646490 code [0x000001b146646640, 0x000001b1466467e8]
Event: 7.777 Thread 0x000001b142ee0600 2555       3       java.lang.invoke.MethodTypeForm::<init> (322 bytes)
Event: 7.779 Thread 0x000001b142ee0600 nmethod 2555 0x000001b146646890 code [0x000001b146646b80, 0x000001b146647ff8]
Event: 7.783 Thread 0x000001b142ee0600 2556       3       java.lang.Short::<init> (10 bytes)
Event: 7.783 Thread 0x000001b142ee0600 nmethod 2556 0x000001b146648610 code [0x000001b1466487c0, 0x000001b146648988]
Event: 7.783 Thread 0x000001b142ee0600 2557       3       java.util.WeakHashMap::matchesKey (33 bytes)
Event: 7.784 Thread 0x000001b142ee0600 nmethod 2557 0x000001b146648a90 code [0x000001b146648c80, 0x000001b146649160]
Event: 7.785 Thread 0x000001b142ee0600 2559       3       java.lang.reflect.Field::set (43 bytes)
Event: 7.785 Thread 0x000001b142ee0600 nmethod 2559 0x000001b146649310 code [0x000001b146649540, 0x000001b146649aa8]
Event: 7.785 Thread 0x000001b142ee0600 2561       3       jdk.internal.reflect.MethodHandleFieldAccessorImpl::isReadOnly (16 bytes)
Event: 7.786 Thread 0x000001b142ee0600 nmethod 2561 0x000001b146649c90 code [0x000001b146649e20, 0x000001b146649f88]
Event: 7.786 Thread 0x000001b142ee0600 2560       3       jdk.internal.reflect.MethodHandleFieldAccessorImpl::ensureObj (30 bytes)
Event: 7.786 Thread 0x000001b142ee0600 nmethod 2560 0x000001b14664a010 code [0x000001b14664a220, 0x000001b14664a7f0]
Event: 7.786 Thread 0x000001b142ee0600 2562   !   3       jdk.internal.reflect.MethodHandleObjectFieldAccessorImpl::set (70 bytes)
Event: 7.788 Thread 0x000001b142ee0600 nmethod 2562 0x000001b14664aa10 code [0x000001b14664adc0, 0x000001b14664c968]
Event: 7.791 Thread 0x000001b142e6c130 nmethod 2545 0x000001b14dd3b610 code [0x000001b14dd3bd40, 0x000001b14dd3d2e8]
Event: 7.791 Thread 0x000001b142e6c130 2558   !   4       java.util.concurrent.ConcurrentHashMap::transfer (849 bytes)

GC Heap History (6 events):
Event: 3.642 GC heap before
{Heap before GC invocations=1 (full 0):
 PSYoungGen      total 29696K, used 25600K [0x00000000d5580000, 0x00000000d7680000, 0x0000000100000000)
  eden space 25600K, 100% used [0x00000000d5580000,0x00000000d6e80000,0x00000000d6e80000)
  from space 4096K, 0% used [0x00000000d7280000,0x00000000d7280000,0x00000000d7680000)
  to   space 4096K, 0% used [0x00000000d6e80000,0x00000000d6e80000,0x00000000d7280000)
 ParOldGen       total 68608K, used 0K [0x0000000080000000, 0x0000000084300000, 0x00000000d5580000)
  object space 68608K, 0% used [0x0000000080000000,0x0000000080000000,0x0000000084300000)
 Metaspace       used 4341K, committed 4608K, reserved 1114112K
  class space    used 472K, committed 576K, reserved 1048576K
}
Event: 3.655 GC heap after
{Heap after GC invocations=1 (full 0):
 PSYoungGen      total 29696K, used 3367K [0x00000000d5580000, 0x00000000d7680000, 0x0000000100000000)
  eden space 25600K, 0% used [0x00000000d5580000,0x00000000d5580000,0x00000000d6e80000)
  from space 4096K, 82% used [0x00000000d6e80000,0x00000000d71c9e18,0x00000000d7280000)
  to   space 4096K, 0% used [0x00000000d7280000,0x00000000d7280000,0x00000000d7680000)
 ParOldGen       total 68608K, used 8K [0x0000000080000000, 0x0000000084300000, 0x00000000d5580000)
  object space 68608K, 0% used [0x0000000080000000,0x0000000080002000,0x0000000084300000)
 Metaspace       used 4341K, committed 4608K, reserved 1114112K
  class space    used 472K, committed 576K, reserved 1048576K
}
Event: 5.264 GC heap before
{Heap before GC invocations=2 (full 0):
 PSYoungGen      total 29696K, used 28967K [0x00000000d5580000, 0x00000000d7680000, 0x0000000100000000)
  eden space 25600K, 100% used [0x00000000d5580000,0x00000000d6e80000,0x00000000d6e80000)
  from space 4096K, 82% used [0x00000000d6e80000,0x00000000d71c9e18,0x00000000d7280000)
  to   space 4096K, 0% used [0x00000000d7280000,0x00000000d7280000,0x00000000d7680000)
 ParOldGen       total 68608K, used 8K [0x0000000080000000, 0x0000000084300000, 0x00000000d5580000)
  object space 68608K, 0% used [0x0000000080000000,0x0000000080002000,0x0000000084300000)
 Metaspace       used 8246K, committed 8576K, reserved 1114112K
  class space    used 874K, committed 1024K, reserved 1048576K
}
Event: 5.272 GC heap after
{Heap after GC invocations=2 (full 0):
 PSYoungGen      total 29696K, used 4075K [0x00000000d5580000, 0x00000000d7680000, 0x0000000100000000)
  eden space 25600K, 0% used [0x00000000d5580000,0x00000000d5580000,0x00000000d6e80000)
  from space 4096K, 99% used [0x00000000d7280000,0x00000000d767af70,0x00000000d7680000)
  to   space 4096K, 0% used [0x00000000d6e80000,0x00000000d6e80000,0x00000000d7280000)
 ParOldGen       total 68608K, used 929K [0x0000000080000000, 0x0000000084300000, 0x00000000d5580000)
  object space 68608K, 1% used [0x0000000080000000,0x00000000800e86a8,0x0000000084300000)
 Metaspace       used 8246K, committed 8576K, reserved 1114112K
  class space    used 874K, committed 1024K, reserved 1048576K
}
Event: 6.746 GC heap before
{Heap before GC invocations=3 (full 0):
 PSYoungGen      total 29696K, used 29674K [0x00000000d5580000, 0x00000000d7680000, 0x0000000100000000)
  eden space 25600K, 99% used [0x00000000d5580000,0x00000000d6e7fc00,0x00000000d6e80000)
  from space 4096K, 99% used [0x00000000d7280000,0x00000000d767af70,0x00000000d7680000)
  to   space 4096K, 0% used [0x00000000d6e80000,0x00000000d6e80000,0x00000000d7280000)
 ParOldGen       total 68608K, used 929K [0x0000000080000000, 0x0000000084300000, 0x00000000d5580000)
  object space 68608K, 1% used [0x0000000080000000,0x00000000800e86a8,0x0000000084300000)
 Metaspace       used 13026K, committed 13568K, reserved 1114112K
  class space    used 1370K, committed 1600K, reserved 1048576K
}
Event: 6.753 GC heap after
{Heap after GC invocations=3 (full 0):
 PSYoungGen      total 29696K, used 4085K [0x00000000d5580000, 0x00000000d7680000, 0x0000000100000000)
  eden space 25600K, 0% used [0x00000000d5580000,0x00000000d5580000,0x00000000d6e80000)
  from space 4096K, 99% used [0x00000000d6e80000,0x00000000d727d6f0,0x00000000d7280000)
  to   space 4096K, 0% used [0x00000000d7280000,0x00000000d7280000,0x00000000d7680000)
 ParOldGen       total 68608K, used 2849K [0x0000000080000000, 0x0000000084300000, 0x00000000d5580000)
  object space 68608K, 4% used [0x0000000080000000,0x00000000802c8428,0x0000000084300000)
 Metaspace       used 13026K, committed 13568K, reserved 1114112K
  class space    used 1370K, committed 1600K, reserved 1048576K
}

Dll operation events (10 events):
Event: 0.018 Loaded shared library c:\Users\Steiner\.cursor\extensions\redhat.java-1.45.0-win32-x64\jre\21.0.8-win32-x86_64\bin\java.dll
Event: 0.178 Loaded shared library c:\Users\Steiner\.cursor\extensions\redhat.java-1.45.0-win32-x64\jre\21.0.8-win32-x86_64\bin\zip.dll
Event: 0.223 Loaded shared library C:\Users\Steiner\.cursor\extensions\redhat.java-1.45.0-win32-x64\jre\21.0.8-win32-x86_64\bin\instrument.dll
Event: 0.234 Loaded shared library C:\Users\Steiner\.cursor\extensions\redhat.java-1.45.0-win32-x64\jre\21.0.8-win32-x86_64\bin\net.dll
Event: 0.238 Loaded shared library C:\Users\Steiner\.cursor\extensions\redhat.java-1.45.0-win32-x64\jre\21.0.8-win32-x86_64\bin\nio.dll
Event: 0.242 Loaded shared library C:\Users\Steiner\.cursor\extensions\redhat.java-1.45.0-win32-x64\jre\21.0.8-win32-x86_64\bin\zip.dll
Event: 0.276 Loaded shared library C:\Users\Steiner\.cursor\extensions\redhat.java-1.45.0-win32-x64\jre\21.0.8-win32-x86_64\bin\jimage.dll
Event: 0.401 Loaded shared library c:\Users\Steiner\.cursor\extensions\redhat.java-1.45.0-win32-x64\jre\21.0.8-win32-x86_64\bin\verify.dll
Event: 5.196 Loaded shared library C:\Users\Steiner\AppData\Roaming\Cursor\User\globalStorage\redhat.java\1.45.0\config_ss_win\org.eclipse.equinox.launcher\org.eclipse.equinox.launcher.win32.win32.x86_64_1.2.1400.v20250801-0854\eclipse_11916.dll
Event: 7.707 Loaded shared library C:\Users\Steiner\AppData\Local\Temp\jna--229111658\jna12944657421614267255.dll

Deoptimization events (20 events):
Event: 7.387 Thread 0x000001b1a055fef0 DEOPT PACKING pc=0x000001b14dceb2f0 sp=0x00000099d50f8f10
Event: 7.387 Thread 0x000001b1a055fef0 DEOPT UNPACKING pc=0x000001b14d6e3aa2 sp=0x00000099d50f8e98 mode 2
Event: 7.430 Thread 0x000001b1a055fef0 Uncommon trap: trap_request=0xffffff45 fr.pc=0x000001b14dcb532c relative=0x00000000000005ec
Event: 7.430 Thread 0x000001b1a055fef0 Uncommon trap: reason=unstable_if action=reinterpret pc=0x000001b14dcb532c method=java.io.BufferedInputStream.implRead([BII)I @ 55 c2
Event: 7.430 Thread 0x000001b1a055fef0 DEOPT PACKING pc=0x000001b14dcb532c sp=0x00000099d50f8dc0
Event: 7.430 Thread 0x000001b1a055fef0 DEOPT UNPACKING pc=0x000001b14d6e3aa2 sp=0x00000099d50f8d98 mode 2
Event: 7.461 Thread 0x000001b1a055fef0 Uncommon trap: trap_request=0xffffff45 fr.pc=0x000001b14dd26aa4 relative=0x0000000000000fc4
Event: 7.461 Thread 0x000001b1a055fef0 Uncommon trap: reason=unstable_if action=reinterpret pc=0x000001b14dd26aa4 method=java.util.Properties$LineReader.readLine()I @ 256 c2
Event: 7.461 Thread 0x000001b1a055fef0 DEOPT PACKING pc=0x000001b14dd26aa4 sp=0x00000099d50f6e00
Event: 7.461 Thread 0x000001b1a055fef0 DEOPT UNPACKING pc=0x000001b14d6e3aa2 sp=0x00000099d50f6d98 mode 2
Event: 7.479 Thread 0x000001b1a055fef0 Uncommon trap: trap_request=0xffffff45 fr.pc=0x000001b14dc67238 relative=0x00000000000006f8
Event: 7.479 Thread 0x000001b1a055fef0 Uncommon trap: reason=unstable_if action=reinterpret pc=0x000001b14dc67238 method=java.lang.String.replace(Ljava/lang/CharSequence;Ljava/lang/CharSequence;)Ljava/lang/String; @ 42 c2
Event: 7.479 Thread 0x000001b1a055fef0 DEOPT PACKING pc=0x000001b14dc67238 sp=0x00000099d50f7410
Event: 7.479 Thread 0x000001b1a055fef0 DEOPT UNPACKING pc=0x000001b14d6e3aa2 sp=0x00000099d50f7380 mode 2
Event: 7.784 Thread 0x000001b1a055fef0 DEOPT PACKING pc=0x000001b146523e35 sp=0x00000099d50f6f70
Event: 7.784 Thread 0x000001b1a055fef0 DEOPT UNPACKING pc=0x000001b14d6e4242 sp=0x00000099d50f6498 mode 0
Event: 7.799 Thread 0x000001b1a055fef0 Uncommon trap: trap_request=0xffffffde fr.pc=0x000001b14dd32730 relative=0x0000000000000390
Event: 7.799 Thread 0x000001b1a055fef0 Uncommon trap: reason=class_check action=maybe_recompile pc=0x000001b14dd32730 method=java.io.FilterInputStream.read()I @ 4 c2
Event: 7.799 Thread 0x000001b1a055fef0 DEOPT PACKING pc=0x000001b14dd32730 sp=0x00000099d50f9450
Event: 7.799 Thread 0x000001b1a055fef0 DEOPT UNPACKING pc=0x000001b14d6e3aa2 sp=0x00000099d50f9400 mode 2

Classes loaded (20 events):
Event: 7.709 Loading class java/nio/FloatBuffer
Event: 7.709 Loading class java/nio/FloatBuffer done
Event: 7.710 Loading class java/nio/DoubleBuffer
Event: 7.710 Loading class java/nio/DoubleBuffer done
Event: 7.711 Loading class jdk/internal/loader/NativeLibraries$Unloader
Event: 7.711 Loading class jdk/internal/loader/NativeLibraries$Unloader done
Event: 7.742 Loading class java/lang/annotation/Documented
Event: 7.742 Loading class java/lang/annotation/Documented done
Event: 7.745 Loading class java/lang/reflect/UndeclaredThrowableException
Event: 7.745 Loading class java/lang/reflect/UndeclaredThrowableException done
Event: 7.745 Loading class java/lang/Class$AnnotationData
Event: 7.746 Loading class java/lang/Class$AnnotationData done
Event: 7.748 Loading class jdk/internal/reflect/MethodHandleIntegerFieldAccessorImpl
Event: 7.748 Loading class jdk/internal/reflect/MethodHandleIntegerFieldAccessorImpl done
Event: 7.766 Loading class java/io/PrintWriter
Event: 7.766 Loading class java/io/PrintWriter done
Event: 7.779 Loading class jdk/internal/reflect/MethodHandleShortFieldAccessorImpl
Event: 7.782 Loading class jdk/internal/reflect/MethodHandleShortFieldAccessorImpl done
Event: 7.782 Loading class java/lang/Short$ShortCache
Event: 7.783 Loading class java/lang/Short$ShortCache done

Classes unloaded (0 events):
No events

Classes redefined (0 events):
No events

Internal exceptions (20 events):
Event: 5.373 Thread 0x000001b1a055fef0 Exception <a 'java/lang/NullPointerException'{0x00000000d57e3b88}> (0x00000000d57e3b88) 
thrown [s\src\hotspot\share\interpreter\linkResolver.cpp, line 1372]
Event: 5.373 Thread 0x000001b1a055fef0 Exception <a 'java/lang/NullPointerException'{0x00000000d57e3e68}> (0x00000000d57e3e68) 
thrown [s\src\hotspot\share\interpreter\linkResolver.cpp, line 1372]
Event: 5.828 Thread 0x000001b1a055fef0 Exception <a 'java/io/FileNotFoundException'{0x00000000d6244a70}> (0x00000000d6244a70) 
thrown [s\src\hotspot\share\prims\jni.cpp, line 520]
Event: 6.145 Thread 0x000001b1a055fef0 Exception <a 'java/lang/NoSuchMethodError'{0x00000000d65484e8}: 'java.lang.Object java.lang.invoke.Invokers$Holder.linkToTargetMethod(java.lang.Object, long, java.lang.Object)'> (0x00000000d65484e8) 
thrown [s\src\hotspot\share\interpreter\linkResolver.cpp, line 773]
Event: 6.264 Thread 0x000001b1a055fef0 Exception <a 'java/lang/NoSuchMethodError'{0x00000000d68e61f0}: 'void java.lang.invoke.DirectMethodHandle$Holder.invokeInterface(java.lang.Object, java.lang.Object, java.lang.Object)'> (0x00000000d68e61f0) 
thrown [s\src\hotspot\share\interpreter\linkResolver.cpp, line 773]
Event: 6.364 Thread 0x000001b1a055fef0 Exception <a 'java/lang/NoSuchMethodError'{0x00000000d6af57b8}: 'void java.lang.invoke.Invokers$Holder.invokeExact_MT(java.lang.Object, java.lang.Object, java.lang.Object)'> (0x00000000d6af57b8) 
thrown [s\src\hotspot\share\interpreter\linkResolver.cpp, line 773]
Event: 6.696 Thread 0x000001b1a055fef0 Exception <a 'java/lang/NoSuchMethodError'{0x00000000d6dc3228}: 'java.lang.Object java.lang.invoke.DirectMethodHandle$Holder.invokeVirtual(java.lang.Object, java.lang.Object, java.lang.Object)'> (0x00000000d6dc3228) 
thrown [s\src\hotspot\share\interpreter\linkResolver.cpp, line 773]
Event: 6.700 Thread 0x000001b1a055fef0 Exception <a 'java/lang/NoSuchMethodError'{0x00000000d6ddb808}: 'java.lang.Object java.lang.invoke.DelegatingMethodHandle$Holder.reinvoke_L(java.lang.Object, java.lang.Object, java.lang.Object, java.lang.Object, int, int)'> (0x00000000d6ddb808) 
thrown [s\src\hotspot\share\interpreter\linkResolver.cpp, line 773]
Event: 6.706 Thread 0x000001b1a055fef0 Exception <a 'java/lang/NoSuchMethodError'{0x00000000d6df88c8}: 'java.lang.Object java.lang.invoke.DirectMethodHandle$Holder.newInvokeSpecial(java.lang.Object, java.lang.Object, java.lang.Object, java.lang.Object, java.lang.Object, java.lang.Object)'> (0x00000000d6df88c8) 
thrown [s\src\hotspot\share\interpreter\linkResolver.cpp, line 773]
Event: 6.741 Thread 0x000001b1a055fef0 Exception <a 'java/lang/NoSuchMethodError'{0x00000000d6e25130}: 'void java.lang.invoke.Invokers$Holder.invokeExact_MT(java.lang.Object, java.lang.Object, java.lang.Object, java.lang.Object)'> (0x00000000d6e25130) 
thrown [s\src\hotspot\share\interpreter\linkResolver.cpp, line 773]
Event: 7.064 Thread 0x000001b1a055fef0 Exception <a 'java/io/FileNotFoundException'{0x00000000d5a26358}> (0x00000000d5a26358) 
thrown [s\src\hotspot\share\prims\jni.cpp, line 520]
Event: 7.067 Thread 0x000001b1a055fef0 Exception <a 'java/io/FileNotFoundException'{0x00000000d5a2d868}> (0x00000000d5a2d868) 
thrown [s\src\hotspot\share\prims\jni.cpp, line 520]
Event: 7.258 Thread 0x000001b1a055fef0 Exception <a 'java/lang/NoSuchMethodError'{0x00000000d5cda9d8}: 'java.lang.Object java.lang.invoke.DirectMethodHandle$Holder.newInvokeSpecial(java.lang.Object, java.lang.Object, java.lang.Object, java.lang.Object, java.lang.Object)'> (0x00000000d5cda9d8) 
thrown [s\src\hotspot\share\interpreter\linkResolver.cpp, line 773]
Event: 7.405 Thread 0x000001b1a055fef0 Exception <a 'java/lang/NoSuchMethodError'{0x00000000d6072988}: 'java.lang.Object java.lang.invoke.DirectMethodHandle$Holder.invokeStaticInit(java.lang.Object, int)'> (0x00000000d6072988) 
thrown [s\src\hotspot\share\interpreter\linkResolver.cpp, line 773]
Event: 7.485 Thread 0x000001b1a055fef0 Exception <a 'java/lang/NoSuchMethodError'{0x00000000d632a808}: 'java.lang.Object java.lang.invoke.DirectMethodHandle$Holder.invokeStaticInit(java.lang.Object, int, int, int, int)'> (0x00000000d632a808) 
thrown [s\src\hotspot\share\interpreter\linkResolver.cpp, line 773]
Event: 7.632 Thread 0x000001b1a055fef0 Exception <a 'java/lang/NoSuchMethodError'{0x00000000d6488820}: 'java.lang.Object java.lang.invoke.DirectMethodHandle$Holder.invokeStaticInit(java.lang.Object, java.lang.Object, int, int, int, int)'> (0x00000000d6488820) 
thrown [s\src\hotspot\share\interpreter\linkResolver.cpp, line 773]
Event: 7.748 Thread 0x000001b1a055fef0 Exception <a 'java/lang/NoSuchMethodError'{0x00000000d65905e0}: 'void java.lang.invoke.DirectMethodHandle$Holder.invokeSpecial(java.lang.Object, java.lang.Object, java.lang.Object, int)'> (0x00000000d65905e0) 
thrown [s\src\hotspot\share\interpreter\linkResolver.cpp, line 773]
Event: 7.749 Thread 0x000001b1a055fef0 Exception <a 'java/lang/NoSuchMethodError'{0x00000000d6593f70}: 'void java.lang.invoke.DelegatingMethodHandle$Holder.reinvoke_L(java.lang.Object, java.lang.Object, int)'> (0x00000000d6593f70) 
thrown [s\src\hotspot\share\interpreter\linkResolver.cpp, line 773]
Event: 7.751 Thread 0x000001b1a055fef0 Exception <a 'java/lang/NoSuchMethodError'{0x00000000d659ac58}: 'int java.lang.invoke.Invokers$Holder.invokeExact_MT(java.lang.Object, java.lang.Object, java.lang.Object)'> (0x00000000d659ac58) 
thrown [s\src\hotspot\share\interpreter\linkResolver.cpp, line 773]
Event: 7.785 Thread 0x000001b1a055fef0 Exception <a 'java/lang/NoSuchMethodError'{0x00000000d66abd40}: 'void java.lang.invoke.Invokers$Holder.invokeExact_MT(java.lang.Object, java.lang.Object, int, java.lang.Object)'> (0x00000000d66abd40) 
thrown [s\src\hotspot\share\interpreter\linkResolver.cpp, line 773]

ZGC Phase Switch (0 events):
No events

VM Operations (20 events):
Event: 4.897 Executing VM operation: HandshakeAllThreads (Deoptimize)
Event: 4.897 Executing VM operation: HandshakeAllThreads (Deoptimize) done
Event: 5.264 Executing VM operation: ParallelGCFailedAllocation (Allocation Failure)
Event: 5.272 Executing VM operation: ParallelGCFailedAllocation (Allocation Failure) done
Event: 5.559 Executing VM operation: HandshakeAllThreads (Deoptimize)
Event: 5.559 Executing VM operation: HandshakeAllThreads (Deoptimize) done
Event: 6.203 Executing VM operation: HandshakeAllThreads (Deoptimize)
Event: 6.203 Executing VM operation: HandshakeAllThreads (Deoptimize) done
Event: 6.745 Executing VM operation: ParallelGCFailedAllocation (Allocation Failure)
Event: 6.753 Executing VM operation: ParallelGCFailedAllocation (Allocation Failure) done
Event: 6.937 Executing VM operation: HandshakeAllThreads (Deoptimize)
Event: 6.937 Executing VM operation: HandshakeAllThreads (Deoptimize) done
Event: 6.944 Executing VM operation: HandshakeAllThreads (Deoptimize)
Event: 6.945 Executing VM operation: HandshakeAllThreads (Deoptimize) done
Event: 7.044 Executing VM operation: HandshakeAllThreads (Deoptimize)
Event: 7.044 Executing VM operation: HandshakeAllThreads (Deoptimize) done
Event: 7.550 Executing VM operation: HandshakeAllThreads (Deoptimize)
Event: 7.550 Executing VM operation: HandshakeAllThreads (Deoptimize) done
Event: 7.724 Executing VM operation: HandshakeAllThreads (Deoptimize)
Event: 7.724 Executing VM operation: HandshakeAllThreads (Deoptimize) done

Memory protections (0 events):
No events

Nmethod flushes (0 events):
No events

Events (20 events):
Event: 0.078 Thread 0x000001b142f6bf80 Thread added: 0x000001b142ee0600
Event: 0.146 Thread 0x000001b142f6bf80 Thread added: 0x000001b142f1de70
Event: 0.392 Thread 0x000001b142ee0600 Thread added: 0x000001b19b72e580
Event: 0.545 Thread 0x000001b142f6bf80 Thread added: 0x000001b19b7d0e60
Event: 0.733 Thread 0x000001b19b72e580 Thread exited: 0x000001b19b72e580
Event: 0.823 Thread 0x000001b142ee0600 Thread added: 0x000001b19b82f400
Event: 1.143 Thread 0x000001b19b82f400 Thread exited: 0x000001b19b82f400
Event: 3.585 Thread 0x000001b142ee0600 Thread added: 0x000001b1a0504ab0
Event: 3.883 Thread 0x000001b1a0504ab0 Thread exited: 0x000001b1a0504ab0
Event: 4.111 Thread 0x000001b142ee0600 Thread added: 0x000001b1a0590f70
Event: 4.740 Thread 0x000001b142f6bf80 Thread added: 0x000001b1a043a380
Event: 5.172 Thread 0x000001b142f6bf80 Thread added: 0x000001b1a063c160
Event: 5.182 Thread 0x000001b142f6bf80 Thread added: 0x000001b1a055fef0
Event: 5.274 Thread 0x000001b1a055fef0 Thread added: 0x000001b1a05f4330
Event: 5.377 Thread 0x000001b1a0590f70 Thread exited: 0x000001b1a0590f70
Event: 5.539 Thread 0x000001b1a055fef0 Thread added: 0x000001b1a05ed530
Event: 5.718 Thread 0x000001b142ee0600 Thread added: 0x000001b1a04d2a00
Event: 6.016 Thread 0x000001b1a04d2a00 Thread exited: 0x000001b1a04d2a00
Event: 6.279 Thread 0x000001b1a055fef0 Thread added: 0x000001b1a00f5550
Event: 7.762 Thread 0x000001b1a055fef0 Thread added: 0x000001b1a00696d0


Dynamic libraries:
0x00007ff6c1270000 - 0x00007ff6c127e000 	c:\Users\Steiner\.cursor\extensions\redhat.java-1.45.0-win32-x64\jre\21.0.8-win32-x86_64\bin\java.exe
0x00007ffef4da0000 - 0x00007ffef5003000 	C:\Windows\SYSTEM32\ntdll.dll
0x00007ffef4c20000 - 0x00007ffef4ce8000 	C:\Windows\System32\KERNEL32.DLL
0x00007ffef2170000 - 0x00007ffef2522000 	C:\Windows\System32\KERNELBASE.dll
0x00007ffef28f0000 - 0x00007ffef2a3b000 	C:\Windows\System32\ucrtbase.dll
0x00007ffeebf10000 - 0x00007ffeebf28000 	c:\Users\Steiner\.cursor\extensions\redhat.java-1.45.0-win32-x64\jre\21.0.8-win32-x86_64\bin\jli.dll
0x00007ffef30c0000 - 0x00007ffef3288000 	C:\Windows\System32\USER32.dll
0x00007ffef28c0000 - 0x00007ffef28e7000 	C:\Windows\System32\win32u.dll
0x00007ffef3090000 - 0x00007ffef30ba000 	C:\Windows\System32\GDI32.dll
0x00007ffef2ad0000 - 0x00007ffef2bfb000 	C:\Windows\System32\gdi32full.dll
0x00007ffef2690000 - 0x00007ffef2733000 	C:\Windows\System32\msvcp_win.dll
0x00007ffedfe90000 - 0x00007ffedfeae000 	c:\Users\Steiner\.cursor\extensions\redhat.java-1.45.0-win32-x64\jre\21.0.8-win32-x86_64\bin\VCRUNTIME140.dll
0x00007ffeddae0000 - 0x00007ffeddd70000 	C:\Windows\WinSxS\amd64_microsoft.windows.common-controls_6595b64144ccf1df_6.0.26100.2454_none_3e0b68a2e331ad60\COMCTL32.dll
0x00007ffef3770000 - 0x00007ffef3819000 	C:\Windows\System32\msvcrt.dll
0x00007ffef4cf0000 - 0x00007ffef4d1f000 	C:\Windows\System32\IMM32.DLL
0x00007ffeef0f0000 - 0x00007ffeef0fc000 	c:\Users\Steiner\.cursor\extensions\redhat.java-1.45.0-win32-x64\jre\21.0.8-win32-x86_64\bin\vcruntime140_1.dll
0x00007ffece240000 - 0x00007ffece2cd000 	c:\Users\Steiner\.cursor\extensions\redhat.java-1.45.0-win32-x64\jre\21.0.8-win32-x86_64\bin\msvcp140.dll
0x00007ffeb2720000 - 0x00007ffeb34b7000 	c:\Users\Steiner\.cursor\extensions\redhat.java-1.45.0-win32-x64\jre\21.0.8-win32-x86_64\bin\server\jvm.dll
0x00007ffef4000000 - 0x00007ffef40b4000 	C:\Windows\System32\ADVAPI32.dll
0x00007ffef39c0000 - 0x00007ffef3a66000 	C:\Windows\System32\sechost.dll
0x00007ffef4a20000 - 0x00007ffef4b36000 	C:\Windows\System32\RPCRT4.dll
0x00007ffef2c90000 - 0x00007ffef2d04000 	C:\Windows\System32\WS2_32.dll
0x00007ffef0de0000 - 0x00007ffef0e2e000 	C:\Windows\SYSTEM32\POWRPROF.dll
0x00007ffede000000 - 0x00007ffede036000 	C:\Windows\SYSTEM32\WINMM.dll
0x00007ffeeecb0000 - 0x00007ffeeecbb000 	C:\Windows\SYSTEM32\VERSION.dll
0x00007ffef0dc0000 - 0x00007ffef0dd4000 	C:\Windows\SYSTEM32\UMPDC.dll
0x00007ffef1080000 - 0x00007ffef109a000 	C:\Windows\SYSTEM32\kernel.appcore.dll
0x00007ffeec4c0000 - 0x00007ffeec4ca000 	c:\Users\Steiner\.cursor\extensions\redhat.java-1.45.0-win32-x64\jre\21.0.8-win32-x86_64\bin\jimage.dll
0x00007ffed78b0000 - 0x00007ffed7af1000 	C:\Windows\SYSTEM32\DBGHELP.DLL
0x00007ffef3300000 - 0x00007ffef367e000 	C:\Windows\System32\combase.dll
0x00007ffef3690000 - 0x00007ffef3766000 	C:\Windows\System32\OLEAUT32.dll
0x00007ffed77e0000 - 0x00007ffed7819000 	C:\Windows\SYSTEM32\dbgcore.DLL
0x00007ffef25f0000 - 0x00007ffef2689000 	C:\Windows\System32\bcryptPrimitives.dll
0x00007ffeebf80000 - 0x00007ffeebf8f000 	c:\Users\Steiner\.cursor\extensions\redhat.java-1.45.0-win32-x64\jre\21.0.8-win32-x86_64\bin\instrument.dll
0x00007ffedcdc0000 - 0x00007ffedcddf000 	c:\Users\Steiner\.cursor\extensions\redhat.java-1.45.0-win32-x64\jre\21.0.8-win32-x86_64\bin\java.dll
0x00007ffef40c0000 - 0x00007ffef47c0000 	C:\Windows\System32\SHELL32.dll
0x00007ffeefe80000 - 0x00007ffef06b1000 	C:\Windows\SYSTEM32\windows.storage.dll
0x00007ffef4b40000 - 0x00007ffef4c1a000 	C:\Windows\System32\SHCORE.dll
0x00007ffef2e60000 - 0x00007ffef2ebd000 	C:\Windows\System32\shlwapi.dll
0x00007ffef2080000 - 0x00007ffef20ae000 	C:\Windows\SYSTEM32\profapi.dll
0x00007ffedca90000 - 0x00007ffedcaa8000 	c:\Users\Steiner\.cursor\extensions\redhat.java-1.45.0-win32-x64\jre\21.0.8-win32-x86_64\bin\zip.dll
0x00007ffee3b00000 - 0x00007ffee3b10000 	C:\Users\Steiner\.cursor\extensions\redhat.java-1.45.0-win32-x64\jre\21.0.8-win32-x86_64\bin\net.dll
0x00007ffeee860000 - 0x00007ffeee986000 	C:\Windows\SYSTEM32\WINHTTP.dll
0x00007ffef1560000 - 0x00007ffef15c8000 	C:\Windows\system32\mswsock.dll
0x00007ffed6940000 - 0x00007ffed6956000 	C:\Users\Steiner\.cursor\extensions\redhat.java-1.45.0-win32-x64\jre\21.0.8-win32-x86_64\bin\nio.dll
0x00007ffedfcf0000 - 0x00007ffedfd00000 	c:\Users\Steiner\.cursor\extensions\redhat.java-1.45.0-win32-x64\jre\21.0.8-win32-x86_64\bin\verify.dll
0x00007ffece1a0000 - 0x00007ffece1e4000 	C:\Users\Steiner\AppData\Roaming\Cursor\User\globalStorage\redhat.java\1.45.0\config_ss_win\org.eclipse.equinox.launcher\org.eclipse.equinox.launcher.win32.win32.x86_64_1.2.1400.v20250801-0854\eclipse_11916.dll
0x00007ffef3820000 - 0x00007ffef39b9000 	C:\Windows\System32\ole32.dll
0x00007ffef1910000 - 0x00007ffef192c000 	C:\Windows\SYSTEM32\CRYPTSP.dll
0x00007ffef0fe0000 - 0x00007ffef1018000 	C:\Windows\system32\rsaenh.dll
0x00007ffef1600000 - 0x00007ffef162b000 	C:\Windows\SYSTEM32\USERENV.dll
0x00007ffef1aa0000 - 0x00007ffef1ac6000 	C:\Windows\SYSTEM32\bcrypt.dll
0x00007ffef1790000 - 0x00007ffef179c000 	C:\Windows\SYSTEM32\CRYPTBASE.dll
0x00007ffef09c0000 - 0x00007ffef09f2000 	C:\Windows\SYSTEM32\IPHLPAPI.DLL
0x00007ffef3ff0000 - 0x00007ffef3ffa000 	C:\Windows\System32\NSI.dll
0x00007ffecb8b0000 - 0x00007ffecb8f9000 	C:\Users\Steiner\AppData\Local\Temp\jna--229111658\jna12944657421614267255.dll
0x00007ffef3ad0000 - 0x00007ffef3ad8000 	C:\Windows\System32\PSAPI.DLL

JVMTI agents:
c:\Users\Steiner\.cursor\extensions\redhat.java-1.45.0-win32-x64\lombok\lombok-1.18.39-4050.jar path:c:\Users\Steiner\.cursor\extensions\redhat.java-1.45.0-win32-x64\jre\21.0.8-win32-x86_64\bin\instrument.dll, loaded, initialized, instrumentlib options:none

dbghelp: loaded successfully - version: 4.0.5 - missing functions: none
symbol engine: initialized successfully - sym options: 0x614 - pdb path: .;c:\Users\Steiner\.cursor\extensions\redhat.java-1.45.0-win32-x64\jre\21.0.8-win32-x86_64\bin;C:\Windows\SYSTEM32;C:\Windows\WinSxS\amd64_microsoft.windows.common-controls_6595b64144ccf1df_6.0.26100.2454_none_3e0b68a2e331ad60;c:\Users\Steiner\.cursor\extensions\redhat.java-1.45.0-win32-x64\jre\21.0.8-win32-x86_64\bin\server;C:\Users\Steiner\AppData\Roaming\Cursor\User\globalStorage\redhat.java\1.45.0\config_ss_win\org.eclipse.equinox.launcher\org.eclipse.equinox.launcher.win32.win32.x86_64_1.2.1400.v20250801-0854;C:\Users\Steiner\AppData\Local\Temp\jna--229111658

VM Arguments:
jvm_args: --add-modules=ALL-SYSTEM --add-opens=java.base/java.util=ALL-UNNAMED --add-opens=java.base/java.lang=ALL-UNNAMED --add-opens=java.base/sun.nio.fs=ALL-UNNAMED -Declipse.application=org.eclipse.jdt.ls.core.id1 -Dosgi.bundles.defaultStartLevel=4 -Declipse.product=org.eclipse.jdt.ls.core.product -Djava.import.generatesMetadataFilesAtProjectRoot=false -DDetectVMInstallationsJob.disabled=true -Dfile.encoding=utf8 -XX:+UseParallelGC -XX:GCTimeRatio=4 -XX:AdaptiveSizePolicyWeight=90 -Dsun.zip.disableMemoryMapping=true -Xmx2G -Xms100m -Xlog:disable -javaagent:c:\Users\Steiner\.cursor\extensions\redhat.java-1.45.0-win32-x64\lombok\lombok-1.18.39-4050.jar 
java_command: c:\Users\Steiner\.cursor\extensions\redhat.java-1.45.0-win32-x64\server\plugins\org.eclipse.equinox.launcher_1.7.0.v20250519-0528.jar -configuration c:\Users\Steiner\AppData\Roaming\Cursor\User\globalStorage\redhat.java\1.45.0\config_ss_win -data c:\Users\Steiner\AppData\Roaming\Cursor\User\workspaceStorage\0e9145ee12bf45a9f923be6568a2f652\redhat.java\ss_ws --pipe=\\.\pipe\lsp-cb9c44bee0ae118b10d243498a1283b7-sock
java_class_path (initial): c:\Users\Steiner\.cursor\extensions\redhat.java-1.45.0-win32-x64\server\plugins\org.eclipse.equinox.launcher_1.7.0.v20250519-0528.jar
Launcher Type: SUN_STANDARD

[Global flags]
    uintx AdaptiveSizePolicyWeight                 = 90                                        {product} {command line}
     intx CICompilerCount                          = 3                                         {product} {ergonomic}
    uintx GCTimeRatio                              = 4                                         {product} {command line}
   size_t InitialHeapSize                          = 104857600                                 {product} {command line}
   size_t MaxHeapSize                              = 2147483648                                {product} {command line}
   size_t MaxNewSize                               = 715653120                                 {product} {ergonomic}
   size_t MinHeapDeltaBytes                        = 524288                                    {product} {ergonomic}
   size_t MinHeapSize                              = 104857600                                 {product} {command line}
   size_t NewSize                                  = 34603008                                  {product} {ergonomic}
    uintx NonNMethodCodeHeapSize                   = 5832780                                {pd product} {ergonomic}
    uintx NonProfiledCodeHeapSize                  = 122912730                              {pd product} {ergonomic}
   size_t OldSize                                  = 70254592                                  {product} {ergonomic}
    uintx ProfiledCodeHeapSize                     = 122912730                              {pd product} {ergonomic}
    uintx ReservedCodeCacheSize                    = 251658240                              {pd product} {ergonomic}
     bool SegmentedCodeCache                       = true                                      {product} {ergonomic}
   size_t SoftMaxHeapSize                          = 2147483648                             {manageable} {ergonomic}
     bool UseCompressedOops                        = true                           {product lp64_product} {ergonomic}
     bool UseLargePagesIndividualAllocation        = false                                  {pd product} {ergonomic}
     bool UseParallelGC                            = true                                      {product} {command line}

Logging:
Log output configuration:
 #0: stdout all=off uptime,level,tags foldmultilines=false
 #1: stderr all=off uptime,level,tags foldmultilines=false

Environment Variables:
PATH=C:\Program Files\Eclipse Adoptium\jdk-21.0.8.9-hotspot\bin;C:\Program Files\Common Files\Oracle\Java\javapath;C:\Windows\system32;C:\Windows;C:\Windows\System32\Wbem;C:\Windows\System32\WindowsPowerShell\v1.0\;C:\Windows\System32\OpenSSH\;C:\ProgramData\chocolatey\bin;C:\Program Files\dotnet\;C:\Program Files\GitHub CLI\;C:\Program Files\nodejs\;C:\Program Files\Docker\Docker\resources\bin;C:\Program Files\Tailscale\;C:\Program Files\MySQL\MySQL Shell 8.0\bin\;C:\Users\Steiner\AppData\Local\Programs\Python\Launcher\;C:\Users\Steiner\AppData\Local\Microsoft\WindowsApps;C:\Users\Steiner\AppData\Local\Programs\Microsoft VS Code\bin;C:\Users\Steiner\AppData\Local\gitkraken\bin;C:\Users\Steiner\AppData\Local\GitHubDesktop\bin;C:\Users\Steiner\AppData\Roaming\npm;C:\Users\Steiner\AppData\Local\Programs\cursor\resources\app\bin
USERNAME=Steiner
OS=Windows_NT
PROCESSOR_IDENTIFIER=Intel64 Family 6 Model 142 Stepping 9, GenuineIntel
TMP=C:\Users\Steiner\AppData\Local\Temp
TEMP=C:\Users\Steiner\AppData\Local\Temp




Periodic native trim disabled

---------------  S Y S T E M  ---------------

OS:
 Windows 11 , 64 bit Build 26100 (10.0.26100.2454)
OS uptime: 0 days 2:05 hours
Hyper-V role detected

CPU: total 4 (initial active 4) (2 cores per cpu, 2 threads per core) family 6 model 142 stepping 9 microcode 0xf0, cx8, cmov, fxsr, ht, mmx, 3dnowpref, sse, sse2, sse3, ssse3, sse4.1, sse4.2, popcnt, lzcnt, tsc, tscinvbit, avx, avx2, aes, erms, clmul, bmi1, bmi2, rtm, adx, fma, vzeroupper, clflush, clflushopt, hv, rdtscp, f16c
Processor Information for the first 4 processors :
  Max Mhz: 2904, Current Mhz: 2803, Mhz Limit: 2787

Memory: 4k page, system-wide physical 16218M (3708M free)
TotalPageFile size 16218M (AvailPageFile size 1M)
current process WorkingSet (physical memory assigned to process): 113M, peak: 113M
current process commit charge ("private bytes"): 241M, peak: 242M

vm_info: OpenJDK 64-Bit Server VM (21.0.8+9-LTS) for windows-amd64 JRE (21.0.8+9-LTS), built on 2025-07-15T00:00:00Z by "admin" with MS VC++ 17.7 (VS2022)

END.
