#
# There is insufficient memory for the Java Runtime Environment to continue.
# Native memory allocation (malloc) failed to allocate 1048576 bytes. Error detail: AllocateHeap
# Possible reasons:
#   The system is out of physical RAM or swap space
#   This process is running with CompressedOops enabled, and the Java Heap may be blocking the growth of the native heap
# Possible solutions:
#   Reduce memory load on the system
#   Increase physical memory or swap space
#   Check if swap backing store is full
#   Decrease Java heap size (-Xmx/-Xms)
#   Decrease number of Java threads
#   Decrease Java thread stack sizes (-Xss)
#   Set larger code cache with -XX:ReservedCodeCacheSize=
#   JVM is running with Unscaled Compressed Oops mode in which the Java heap is
#     placed in the first 4GB address space. The Java Heap base address is the
#     maximum limit for the native heap growth. Please use -XX:HeapBaseMinAddress
#     to set the Java Heap base and to place the Java Heap above 4GB virtual address.
# This output file may be truncated or incomplete.
#
#  Out of Memory Error (allocation.cpp:44), pid=9144, tid=6312
#
# JRE version: OpenJDK Runtime Environment Temurin-21.0.8+9 (21.0.8+9) (build 21.0.8+9-LTS)
# Java VM: OpenJDK 64-Bit Server VM Temurin-21.0.8+9 (21.0.8+9-LTS, mixed mode, sharing, tiered, compressed oops, compressed class ptrs, parallel gc, windows-amd64)
# No core dump will be written. Minidumps are not enabled by default on client versions of Windows
#

---------------  S U M M A R Y ------------

Command Line: --add-modules=ALL-SYSTEM --add-opens=java.base/java.util=ALL-UNNAMED --add-opens=java.base/java.lang=ALL-UNNAMED --add-opens=java.base/sun.nio.fs=ALL-UNNAMED -Declipse.application=org.eclipse.jdt.ls.core.id1 -Dosgi.bundles.defaultStartLevel=4 -Declipse.product=org.eclipse.jdt.ls.core.product -Djava.import.generatesMetadataFilesAtProjectRoot=false -DDetectVMInstallationsJob.disabled=true -Dfile.encoding=utf8 -XX:+UseParallelGC -XX:GCTimeRatio=4 -XX:AdaptiveSizePolicyWeight=90 -Dsun.zip.disableMemoryMapping=true -Xmx2G -Xms100m -Xlog:disable -javaagent:c:\Users\Steiner\.vscode\extensions\redhat.java-1.46.0-win32-x64\lombok\lombok-1.18.39-4050.jar -XX:+HeapDumpOnOutOfMemoryError -XX:HeapDumpPath=c:\Users\Steiner\AppData\Roaming\Code\User\workspaceStorage\cf38d94c52686a8f010ffec7f76218df\redhat.java -Daether.dependencyCollector.impl=bf c:\Users\Steiner\.vscode\extensions\redhat.java-1.46.0-win32-x64\server\plugins\org.eclipse.equinox.launcher_1.7.0.v20250519-0528.jar -configuration c:\Users\Steiner\AppData\Roaming\Code\User\globalStorage\redhat.java\1.46.0\config_win -data c:\Users\Steiner\AppData\Roaming\Code\User\workspaceStorage\cf38d94c52686a8f010ffec7f76218df\redhat.java\jdt_ws --pipe=\\.\pipe\lsp-1903496c595ea15095b6b336846d21bc-sock

Host: Intel(R) Core(TM) i7-7600U CPU @ 2.80GHz, 4 cores, 15G,  Windows 11 , 64 bit Build 26100 (10.0.26100.2454)
Time: Mon Oct  6 12:05:57 2025 Hora est. Pacífico, Sudamérica elapsed time: 24712.203391 seconds (0d 6h 51m 52s)

---------------  T H R E A D  ---------------

Current thread (0x000002a7b1aee0a0):  JavaThread "Attach Listener" daemon [_thread_in_vm, id=6312, stack(0x000000bcea800000,0x000000bcea900000) (1024K)]

Stack: [0x000000bcea800000,0x000000bcea900000]
Native frames: (J=compiled Java code, j=interpreted, Vv=VM code, C=native code)
V  [jvm.dll+0x6d2449]
V  [jvm.dll+0x8ae341]
V  [jvm.dll+0x8b08be]
V  [jvm.dll+0x8b0fa3]
V  [jvm.dll+0x280c96]
V  [jvm.dll+0xc0347]
V  [jvm.dll+0x6d2cf9]
V  [jvm.dll+0x131116]
V  [jvm.dll+0x3f2d16]
V  [jvm.dll+0x857e6b]
V  [jvm.dll+0x6d0b0d]
C  [ucrtbase.dll+0x14ea0]
C  [KERNEL32.DLL+0x2e8d7]
C  [ntdll.dll+0xdfbcc]


---------------  P R O C E S S  ---------------

Threads class SMR info:
_java_thread_list=0x000002a7f9580bb0, length=30, elements={
0x000002a7991ec3d0, 0x000002a7b1ae7f20, 0x000002a7b1aeb7f0, 0x000002a7b1aed450,
0x000002a7b1aee0a0, 0x000002a7b1af0250, 0x000002a7b1af2f10, 0x000002a7b1af40f0,
0x000002a7b1b6e530, 0x000002a7f3888070, 0x000002a7f3afee40, 0x000002a7f87e0af0,
0x000002a7f86e1f20, 0x000002a7f8748f10, 0x000002a7f879ce70, 0x000002a7f86e0990,
0x000002a7f8990aa0, 0x000002a7f8c8fa00, 0x000002a7f8c8f370, 0x000002a7f8c90720,
0x000002a7f8c8dfc0, 0x000002a7fa799ff0, 0x000002a7fa799960, 0x000002a7fa796b70,
0x000002a7fa798c40, 0x000002a7fa79ad10, 0x000002a7fa79a680, 0x000002a7fa797890,
0x000002a7fa797f20, 0x000002a7fa7992d0
}

Java Threads: ( => current thread )
  0x000002a7991ec3d0 JavaThread "main"                              [_thread_blocked, id=3464, stack(0x000000bcea100000,0x000000bcea200000) (1024K)]
  0x000002a7b1ae7f20 JavaThread "Reference Handler"          daemon [_thread_blocked, id=7492, stack(0x000000bcea500000,0x000000bcea600000) (1024K)]
  0x000002a7b1aeb7f0 JavaThread "Finalizer"                  daemon [_thread_blocked, id=1252, stack(0x000000bcea600000,0x000000bcea700000) (1024K)]
  0x000002a7b1aed450 JavaThread "Signal Dispatcher"          daemon [_thread_blocked, id=15412, stack(0x000000bcea700000,0x000000bcea800000) (1024K)]
=>0x000002a7b1aee0a0 JavaThread "Attach Listener"            daemon [_thread_in_vm, id=6312, stack(0x000000bcea800000,0x000000bcea900000) (1024K)]
  0x000002a7b1af0250 JavaThread "Service Thread"             daemon [_thread_blocked, id=7088, stack(0x000000bcea900000,0x000000bceaa00000) (1024K)]
  0x000002a7b1af2f10 JavaThread "Monitor Deflation Thread"   daemon [_thread_blocked, id=14188, stack(0x000000bceaa00000,0x000000bceab00000) (1024K)]
  0x000002a7b1af40f0 JavaThread "C2 CompilerThread0"         daemon [_thread_blocked, id=17252, stack(0x000000bceab00000,0x000000bceac00000) (1024K)]
  0x000002a7b1b6e530 JavaThread "C1 CompilerThread0"         daemon [_thread_blocked, id=9264, stack(0x000000bceac00000,0x000000bcead00000) (1024K)]
  0x000002a7f3888070 JavaThread "Common-Cleaner"             daemon [_thread_blocked, id=11084, stack(0x000000bcead00000,0x000000bceae00000) (1024K)]
  0x000002a7f3afee40 JavaThread "Notification Thread"        daemon [_thread_blocked, id=4384, stack(0x000000bceae00000,0x000000bceaf00000) (1024K)]
  0x000002a7f87e0af0 JavaThread "Active Thread: Equinox Container: 52342664-53a4-4bcb-bda0-ca6abd9666ba"        [_thread_blocked, id=11768, stack(0x000000bceb300000,0x000000bceb400000) (1024K)]
  0x000002a7f86e1f20 JavaThread "Refresh Thread: Equinox Container: 52342664-53a4-4bcb-bda0-ca6abd9666ba" daemon [_thread_blocked, id=17028, stack(0x000000bceb400000,0x000000bceb500000) (1024K)]
  0x000002a7f8748f10 JavaThread "Framework Event Dispatcher: Equinox Container: 52342664-53a4-4bcb-bda0-ca6abd9666ba" daemon [_thread_blocked, id=15052, stack(0x000000bceb500000,0x000000bceb600000) (1024K)]
  0x000002a7f879ce70 JavaThread "Start Level: Equinox Container: 52342664-53a4-4bcb-bda0-ca6abd9666ba" daemon [_thread_blocked, id=12188, stack(0x000000bceb600000,0x000000bceb700000) (1024K)]
  0x000002a7f86e0990 JavaThread "Bundle File Closer"         daemon [_thread_blocked, id=11856, stack(0x000000bceb700000,0x000000bceb800000) (1024K)]
  0x000002a7f8990aa0 JavaThread "SCR Component Actor"        daemon [_thread_blocked, id=15268, stack(0x000000bceb800000,0x000000bceb900000) (1024K)]
  0x000002a7f8c8fa00 JavaThread "Worker-JM"                         [_thread_blocked, id=8980, stack(0x000000bceaf00000,0x000000bceb000000) (1024K)]
  0x000002a7f8c8f370 JavaThread "Worker-0"                          [_thread_blocked, id=1660, stack(0x000000bceba00000,0x000000bcebb00000) (1024K)]
  0x000002a7f8c90720 JavaThread "Java indexing"              daemon [_thread_blocked, id=2252, stack(0x000000bcebd00000,0x000000bcebe00000) (1024K)]
  0x000002a7f8c8dfc0 JavaThread "JNA Cleaner"                daemon [_thread_blocked, id=14580, stack(0x000000bcebf00000,0x000000bcec000000) (1024K)]
  0x000002a7fa799ff0 JavaThread "Worker-4"                          [_thread_blocked, id=11020, stack(0x000000bcec200000,0x000000bcec300000) (1024K)]
  0x000002a7fa799960 JavaThread "Thread-1"                   daemon [_thread_in_native, id=14024, stack(0x000000bcec400000,0x000000bcec500000) (1024K)]
  0x000002a7fa796b70 JavaThread "Thread-2"                   daemon [_thread_in_native, id=10184, stack(0x000000bcec500000,0x000000bcec600000) (1024K)]
  0x000002a7fa798c40 JavaThread "Thread-3"                   daemon [_thread_in_native, id=6932, stack(0x000000bcec600000,0x000000bcec700000) (1024K)]
  0x000002a7fa79ad10 JavaThread "Thread-4"                   daemon [_thread_in_native, id=7572, stack(0x000000bcec700000,0x000000bcec800000) (1024K)]
  0x000002a7fa79a680 JavaThread "Thread-5"                   daemon [_thread_in_native, id=7268, stack(0x000000bcec800000,0x000000bcec900000) (1024K)]
  0x000002a7fa797890 JavaThread "pool-2-thread-1"                   [_thread_blocked, id=10852, stack(0x000000bcec900000,0x000000bceca00000) (1024K)]
  0x000002a7fa797f20 JavaThread "WorkspaceEventsHandler"            [_thread_blocked, id=13636, stack(0x000000bceca00000,0x000000bcecb00000) (1024K)]
  0x000002a7fa7992d0 JavaThread "pool-1-thread-1"                   [_thread_blocked, id=472, stack(0x000000bcecb00000,0x000000bcecc00000) (1024K)]
Total: 30

Other Threads:
  0x000002a7992ac380 VMThread "VM Thread"                           [id=11908, stack(0x000000bcea400000,0x000000bcea500000) (1024K)]
  0x000002a7b1a8ca00 WatcherThread "VM Periodic Task Thread"        [id=8596, stack(0x000000bcea300000,0x000000bcea400000) (1024K)]
  0x000002a79920a440 WorkerThread "GC Thread#0"                     [id=14220, stack(0x000000bcea200000,0x000000bcea300000) (1024K)]
  0x000002a7f8495270 WorkerThread "GC Thread#1"                     [id=6980, stack(0x000000bceb000000,0x000000bceb100000) (1024K)]
  0x000002a7f8495610 WorkerThread "GC Thread#2"                     [id=14164, stack(0x000000bceb100000,0x000000bceb200000) (1024K)]
  0x000002a7f824c260 WorkerThread "GC Thread#3"                     [id=15088, stack(0x000000bceb200000,0x000000bceb300000) (1024K)]
Total: 6

Threads with active compile tasks:
Total: 0

VM state: not at safepoint (normal execution)

VM Mutex/Monitor currently owned by a thread: None

Heap address: 0x0000000080000000, size: 2048 MB, Compressed Oops mode: 32-bit

CDS archive(s) mapped at: [0x000002a7b2000000-0x000002a7b2ba0000-0x000002a7b2ba0000), size 12189696, SharedBaseAddress: 0x000002a7b2000000, ArchiveRelocationMode: 1.
Compressed class space mapped at: 0x000002a7b3000000-0x000002a7f3000000, reserved size: 1073741824
Narrow klass base: 0x000002a7b2000000, Narrow klass shift: 0, Narrow klass range: 0x100000000

GC Precious Log:
 CardTable entry size: 512
 CPUs: 4 total, 4 available
 Memory: 16218M
 Large Page Support: Disabled
 NUMA Support: Disabled
 Compressed Oops: Enabled (32-bit)
 Alignments: Space 512K, Generation 512K, Heap 2M
 Heap Min Capacity: 100M
 Heap Initial Capacity: 100M
 Heap Max Capacity: 2G
 Pre-touch: Disabled
 Parallel Workers: 4

Heap:
 PSYoungGen      total 38912K, used 29460K [0x00000000d5580000, 0x00000000d8e80000, 0x0000000100000000)
  eden space 22016K, 57% used [0x00000000d5580000,0x00000000d61cd118,0x00000000d6b00000)
  from space 16896K, 99% used [0x00000000d7e00000,0x00000000d8e78000,0x00000000d8e80000)
  to   space 17920K, 0% used [0x00000000d6b80000,0x00000000d6b80000,0x00000000d7d00000)
 ParOldGen       total 82944K, used 82607K [0x0000000080000000, 0x0000000085100000, 0x00000000d5580000)
  object space 82944K, 99% used [0x0000000080000000,0x00000000850abe00,0x0000000085100000)
 Metaspace       used 51246K, committed 52480K, reserved 1114112K
  class space    used 5666K, committed 6208K, reserved 1048576K

Card table byte_map: [0x000002a7acec0000,0x000002a7ad2d0000] _byte_map_base: 0x000002a7acac0000

Marking Bits: (ParMarkBitMap*) 0x00007ff80ebba340
 Begin Bits: [0x000002a7ad580000, 0x000002a7af580000)
 End Bits:   [0x000002a7af580000, 0x000002a7b1580000)

Polling page: 0x000002a799170000

Metaspace:

Usage:
  Non-class:     44.51 MB used.
      Class:      5.53 MB used.
       Both:     50.05 MB used.

Virtual space:
  Non-class space:       64.00 MB reserved,      45.19 MB ( 71%) committed,  1 nodes.
      Class space:        1.00 GB reserved,       6.06 MB ( <1%) committed,  1 nodes.
             Both:        1.06 GB reserved,      51.25 MB (  5%) committed. 

Chunk freelists:
   Non-Class:  2.28 MB
       Class:  9.91 MB
        Both:  12.20 MB

MaxMetaspaceSize: unlimited
CompressedClassSpaceSize: 1.00 GB
Initial GC threshold: 21.00 MB
Current GC threshold: 58.38 MB
CDS: on
 - commit_granule_bytes: 65536.
 - commit_granule_words: 8192.
 - virtual_space_node_default_size: 8388608.
 - enlarge_chunks_in_place: 1.
 - use_allocation_guard: 0.


Internal statistics:

num_allocs_failed_limit: 6.
num_arena_births: 804.
num_arena_deaths: 22.
num_vsnodes_births: 2.
num_vsnodes_deaths: 0.
num_space_committed: 820.
num_space_uncommitted: 0.
num_chunks_returned_to_freelist: 29.
num_chunks_taken_from_freelist: 2947.
num_chunk_merges: 11.
num_chunk_splits: 1796.
num_chunks_enlarged: 1038.
num_inconsistent_stats: 0.

CodeHeap 'non-profiled nmethods': size=120000Kb used=3650Kb max_used=3650Kb free=116349Kb
 bounds [0x000002a7a57b0000, 0x000002a7a5b50000, 0x000002a7acce0000]
CodeHeap 'profiled nmethods': size=120000Kb used=13379Kb max_used=13379Kb free=106620Kb
 bounds [0x000002a79dce0000, 0x000002a79ea00000, 0x000002a7a5210000]
CodeHeap 'non-nmethods': size=5760Kb used=1402Kb max_used=1484Kb free=4357Kb
 bounds [0x000002a7a5210000, 0x000002a7a5480000, 0x000002a7a57b0000]
CodeCache: size=245760Kb, used=18431Kb, max_used=18513Kb, free=227326Kb
 total_blobs=7163, nmethods=6458, adapters=611, full_count=0
Compilation: enabled, stopped_count=0, restarted_count=0

Compilation events (20 events):
Event: 452.067 Thread 0x000002a7b1b6e530 7019       3       org.eclipse.core.runtime.Path::isEmpty (23 bytes)
Event: 452.067 Thread 0x000002a7b1b6e530 nmethod 7019 0x000002a79e9ec310 code [0x000002a79e9ec4c0, 0x000002a79e9ec688]
Event: 452.067 Thread 0x000002a7b1b6e530 7020       3       org.eclipse.core.runtime.Path::<init> (77 bytes)
Event: 452.068 Thread 0x000002a7b1b6e530 nmethod 7020 0x000002a79e9ec790 code [0x000002a79e9ec9c0, 0x000002a79e9ecf48]
Event: 452.068 Thread 0x000002a7b1b6e530 7021       3       org.eclipse.core.runtime.IPath::fromPortableString (5 bytes)
Event: 452.068 Thread 0x000002a7b1b6e530 nmethod 7021 0x000002a79e9ed210 code [0x000002a79e9ed3c0, 0x000002a79e9ed4d8]
Event: 452.068 Thread 0x000002a7b1b6e530 7022       3       org.eclipse.core.filesystem.provider.FileInfo::setAttribute (100 bytes)
Event: 452.068 Thread 0x000002a7b1b6e530 nmethod 7022 0x000002a79e9ed590 code [0x000002a79e9ed780, 0x000002a79e9edcc8]
Event: 452.068 Thread 0x000002a7b1b6e530 7023       3       org.eclipse.core.filesystem.provider.FileInfo::clear (13 bytes)
Event: 452.068 Thread 0x000002a7b1b6e530 nmethod 7023 0x000002a79e9edf10 code [0x000002a79e9ee0a0, 0x000002a79e9ee1b8]
Event: 452.069 Thread 0x000002a7b1b6e530 7025       3       org.eclipse.core.runtime.Path::append (264 bytes)
Event: 452.071 Thread 0x000002a7b1b6e530 nmethod 7025 0x000002a79e9ee290 code [0x000002a79e9ee640, 0x000002a79e9efe18]
Event: 452.071 Thread 0x000002a7b1b6e530 7024       3       org.eclipse.core.runtime.Path::hasTrailingSeparator (13 bytes)
Event: 452.071 Thread 0x000002a7b1b6e530 nmethod 7024 0x000002a79e9f0710 code [0x000002a79e9f08c0, 0x000002a79e9f0a38]
Event: 485.457 Thread 0x000002a7b1b6e530 7026       1       org.eclipse.core.internal.jobs.JobManager::isActive (5 bytes)
Event: 485.458 Thread 0x000002a7b1b6e530 nmethod 7026 0x000002a7a5b40310 code [0x000002a7a5b404a0, 0x000002a7a5b40570]
Event: 553.954 Thread 0x000002a7b1af40f0 7027       4       jdk.internal.misc.Unsafe::putReferenceOpaque (9 bytes)
Event: 553.955 Thread 0x000002a7b1af40f0 nmethod 7027 0x000002a7a5b40610 code [0x000002a7a5b407a0, 0x000002a7a5b40850]
Event: 569.823 Thread 0x000002a7b1b6e530 7028       3       java.util.concurrent.ScheduledThreadPoolExecutor$ScheduledFutureTask::getDelay (16 bytes)
Event: 569.824 Thread 0x000002a7b1b6e530 nmethod 7028 0x000002a79e9f0b10 code [0x000002a79e9f0cc0, 0x000002a79e9f0e58]

GC Heap History (20 events):
Event: 9.896 GC heap before
{Heap before GC invocations=17 (full 2):
 PSYoungGen      total 22528K, used 22016K [0x00000000d5580000, 0x00000000d7300000, 0x0000000100000000)
  eden space 22016K, 100% used [0x00000000d5580000,0x00000000d6b00000,0x00000000d6b00000)
  from space 512K, 0% used [0x00000000d7280000,0x00000000d7280000,0x00000000d7300000)
  to   space 2048K, 0% used [0x00000000d6f00000,0x00000000d6f00000,0x00000000d7100000)
 ParOldGen       total 68608K, used 17893K [0x0000000080000000, 0x0000000084300000, 0x00000000d5580000)
  object space 68608K, 26% used [0x0000000080000000,0x0000000081179730,0x0000000084300000)
 Metaspace       used 37503K, committed 38464K, reserved 1114112K
  class space    used 3964K, committed 4352K, reserved 1048576K
}
Event: 9.898 GC heap after
{Heap after GC invocations=17 (full 2):
 PSYoungGen      total 24064K, used 2016K [0x00000000d5580000, 0x00000000d7300000, 0x0000000100000000)
  eden space 22016K, 0% used [0x00000000d5580000,0x00000000d5580000,0x00000000d6b00000)
  from space 2048K, 98% used [0x00000000d6f00000,0x00000000d70f8198,0x00000000d7100000)
  to   space 2048K, 0% used [0x00000000d7100000,0x00000000d7100000,0x00000000d7300000)
 ParOldGen       total 68608K, used 18627K [0x0000000080000000, 0x0000000084300000, 0x00000000d5580000)
  object space 68608K, 27% used [0x0000000080000000,0x0000000081230ea0,0x0000000084300000)
 Metaspace       used 37503K, committed 38464K, reserved 1114112K
  class space    used 3964K, committed 4352K, reserved 1048576K
}
Event: 10.096 GC heap before
{Heap before GC invocations=18 (full 2):
 PSYoungGen      total 24064K, used 24032K [0x00000000d5580000, 0x00000000d7300000, 0x0000000100000000)
  eden space 22016K, 100% used [0x00000000d5580000,0x00000000d6b00000,0x00000000d6b00000)
  from space 2048K, 98% used [0x00000000d6f00000,0x00000000d70f8198,0x00000000d7100000)
  to   space 2048K, 0% used [0x00000000d7100000,0x00000000d7100000,0x00000000d7300000)
 ParOldGen       total 68608K, used 18647K [0x0000000080000000, 0x0000000084300000, 0x00000000d5580000)
  object space 68608K, 27% used [0x0000000080000000,0x0000000081235ed0,0x0000000084300000)
 Metaspace       used 40290K, committed 41344K, reserved 1114112K
  class space    used 4296K, committed 4736K, reserved 1048576K
}
Event: 10.100 GC heap after
{Heap after GC invocations=18 (full 2):
 PSYoungGen      total 23552K, used 1504K [0x00000000d5580000, 0x00000000d7280000, 0x0000000100000000)
  eden space 22016K, 0% used [0x00000000d5580000,0x00000000d5580000,0x00000000d6b00000)
  from space 1536K, 97% used [0x00000000d7100000,0x00000000d7278000,0x00000000d7280000)
  to   space 2048K, 0% used [0x00000000d6e80000,0x00000000d6e80000,0x00000000d7080000)
 ParOldGen       total 68608K, used 19426K [0x0000000080000000, 0x0000000084300000, 0x00000000d5580000)
  object space 68608K, 28% used [0x0000000080000000,0x00000000812f8a70,0x0000000084300000)
 Metaspace       used 40290K, committed 41344K, reserved 1114112K
  class space    used 4296K, committed 4736K, reserved 1048576K
}
Event: 10.431 GC heap before
{Heap before GC invocations=19 (full 2):
 PSYoungGen      total 23552K, used 23519K [0x00000000d5580000, 0x00000000d7280000, 0x0000000100000000)
  eden space 22016K, 99% used [0x00000000d5580000,0x00000000d6affff8,0x00000000d6b00000)
  from space 1536K, 97% used [0x00000000d7100000,0x00000000d7278000,0x00000000d7280000)
  to   space 2048K, 0% used [0x00000000d6e80000,0x00000000d6e80000,0x00000000d7080000)
 ParOldGen       total 68608K, used 19430K [0x0000000080000000, 0x0000000084300000, 0x00000000d5580000)
  object space 68608K, 28% used [0x0000000080000000,0x00000000812f9888,0x0000000084300000)
 Metaspace       used 43234K, committed 44352K, reserved 1114112K
  class space    used 4703K, committed 5184K, reserved 1048576K
}
Event: 10.435 GC heap after
{Heap after GC invocations=19 (full 2):
 PSYoungGen      total 23552K, used 1258K [0x00000000d5580000, 0x00000000d7180000, 0x0000000100000000)
  eden space 22016K, 0% used [0x00000000d5580000,0x00000000d5580000,0x00000000d6b00000)
  from space 1536K, 81% used [0x00000000d6e80000,0x00000000d6fbab48,0x00000000d7000000)
  to   space 1536K, 0% used [0x00000000d7000000,0x00000000d7000000,0x00000000d7180000)
 ParOldGen       total 68608K, used 20834K [0x0000000080000000, 0x0000000084300000, 0x00000000d5580000)
  object space 68608K, 30% used [0x0000000080000000,0x0000000081458898,0x0000000084300000)
 Metaspace       used 43234K, committed 44352K, reserved 1114112K
  class space    used 4703K, committed 5184K, reserved 1048576K
}
Event: 11.114 GC heap before
{Heap before GC invocations=20 (full 2):
 PSYoungGen      total 23552K, used 23274K [0x00000000d5580000, 0x00000000d7180000, 0x0000000100000000)
  eden space 22016K, 100% used [0x00000000d5580000,0x00000000d6b00000,0x00000000d6b00000)
  from space 1536K, 81% used [0x00000000d6e80000,0x00000000d6fbab48,0x00000000d7000000)
  to   space 1536K, 0% used [0x00000000d7000000,0x00000000d7000000,0x00000000d7180000)
 ParOldGen       total 68608K, used 20834K [0x0000000080000000, 0x0000000084300000, 0x00000000d5580000)
  object space 68608K, 30% used [0x0000000080000000,0x0000000081458898,0x0000000084300000)
 Metaspace       used 45841K, committed 46912K, reserved 1114112K
  class space    used 5041K, committed 5504K, reserved 1048576K
}
Event: 11.122 GC heap after
{Heap after GC invocations=20 (full 2):
 PSYoungGen      total 23552K, used 1514K [0x00000000d5580000, 0x00000000d7400000, 0x0000000100000000)
  eden space 22016K, 0% used [0x00000000d5580000,0x00000000d5580000,0x00000000d6b00000)
  from space 1536K, 98% used [0x00000000d7000000,0x00000000d717abb8,0x00000000d7180000)
  to   space 4608K, 0% used [0x00000000d6b00000,0x00000000d6b00000,0x00000000d6f80000)
 ParOldGen       total 68608K, used 23286K [0x0000000080000000, 0x0000000084300000, 0x00000000d5580000)
  object space 68608K, 33% used [0x0000000080000000,0x00000000816bd890,0x0000000084300000)
 Metaspace       used 45841K, committed 46912K, reserved 1114112K
  class space    used 5041K, committed 5504K, reserved 1048576K
}
Event: 11.670 GC heap before
{Heap before GC invocations=21 (full 2):
 PSYoungGen      total 23552K, used 23530K [0x00000000d5580000, 0x00000000d7400000, 0x0000000100000000)
  eden space 22016K, 100% used [0x00000000d5580000,0x00000000d6b00000,0x00000000d6b00000)
  from space 1536K, 98% used [0x00000000d7000000,0x00000000d717abb8,0x00000000d7180000)
  to   space 4608K, 0% used [0x00000000d6b00000,0x00000000d6b00000,0x00000000d6f80000)
 ParOldGen       total 68608K, used 23286K [0x0000000080000000, 0x0000000084300000, 0x00000000d5580000)
  object space 68608K, 33% used [0x0000000080000000,0x00000000816bd890,0x0000000084300000)
 Metaspace       used 48297K, committed 49408K, reserved 1114112K
  class space    used 5343K, committed 5824K, reserved 1048576K
}
Event: 11.675 GC heap after
{Heap after GC invocations=21 (full 2):
 PSYoungGen      total 24064K, used 2041K [0x00000000d5580000, 0x00000000d7100000, 0x0000000100000000)
  eden space 22016K, 0% used [0x00000000d5580000,0x00000000d5580000,0x00000000d6b00000)
  from space 2048K, 99% used [0x00000000d6b00000,0x00000000d6cfe638,0x00000000d6d00000)
  to   space 3072K, 0% used [0x00000000d6e00000,0x00000000d6e00000,0x00000000d7100000)
 ParOldGen       total 68608K, used 24410K [0x0000000080000000, 0x0000000084300000, 0x00000000d5580000)
  object space 68608K, 35% used [0x0000000080000000,0x00000000817d68a0,0x0000000084300000)
 Metaspace       used 48297K, committed 49408K, reserved 1114112K
  class space    used 5343K, committed 5824K, reserved 1048576K
}
Event: 12.515 GC heap before
{Heap before GC invocations=22 (full 2):
 PSYoungGen      total 24064K, used 24057K [0x00000000d5580000, 0x00000000d7100000, 0x0000000100000000)
  eden space 22016K, 100% used [0x00000000d5580000,0x00000000d6b00000,0x00000000d6b00000)
  from space 2048K, 99% used [0x00000000d6b00000,0x00000000d6cfe638,0x00000000d6d00000)
  to   space 3072K, 0% used [0x00000000d6e00000,0x00000000d6e00000,0x00000000d7100000)
 ParOldGen       total 68608K, used 24410K [0x0000000080000000, 0x0000000084300000, 0x00000000d5580000)
  object space 68608K, 35% used [0x0000000080000000,0x00000000817d68a0,0x0000000084300000)
 Metaspace       used 50152K, committed 51392K, reserved 1114112K
  class space    used 5535K, committed 6080K, reserved 1048576K
}
Event: 12.519 GC heap after
{Heap after GC invocations=22 (full 2):
 PSYoungGen      total 23040K, used 928K [0x00000000d5580000, 0x00000000d6f00000, 0x0000000100000000)
  eden space 22016K, 0% used [0x00000000d5580000,0x00000000d5580000,0x00000000d6b00000)
  from space 1024K, 90% used [0x00000000d6e00000,0x00000000d6ee8000,0x00000000d6f00000)
  to   space 1536K, 0% used [0x00000000d6c00000,0x00000000d6c00000,0x00000000d6d80000)
 ParOldGen       total 68608K, used 26353K [0x0000000080000000, 0x0000000084300000, 0x00000000d5580000)
  object space 68608K, 38% used [0x0000000080000000,0x00000000819bc500,0x0000000084300000)
 Metaspace       used 50152K, committed 51392K, reserved 1114112K
  class space    used 5535K, committed 6080K, reserved 1048576K
}
Event: 13.301 GC heap before
{Heap before GC invocations=23 (full 2):
 PSYoungGen      total 23040K, used 22944K [0x00000000d5580000, 0x00000000d6f00000, 0x0000000100000000)
  eden space 22016K, 100% used [0x00000000d5580000,0x00000000d6b00000,0x00000000d6b00000)
  from space 1024K, 90% used [0x00000000d6e00000,0x00000000d6ee8000,0x00000000d6f00000)
  to   space 1536K, 0% used [0x00000000d6c00000,0x00000000d6c00000,0x00000000d6d80000)
 ParOldGen       total 68608K, used 26353K [0x0000000080000000, 0x0000000084300000, 0x00000000d5580000)
  object space 68608K, 38% used [0x0000000080000000,0x00000000819bc500,0x0000000084300000)
 Metaspace       used 50548K, committed 51840K, reserved 1114112K
  class space    used 5582K, committed 6144K, reserved 1048576K
}
Event: 13.305 GC heap after
{Heap after GC invocations=23 (full 2):
 PSYoungGen      total 23552K, used 280K [0x00000000d5580000, 0x00000000d6e80000, 0x0000000100000000)
  eden space 22016K, 0% used [0x00000000d5580000,0x00000000d5580000,0x00000000d6b00000)
  from space 1536K, 18% used [0x00000000d6c00000,0x00000000d6c461a8,0x00000000d6d80000)
  to   space 1024K, 0% used [0x00000000d6d80000,0x00000000d6d80000,0x00000000d6e80000)
 ParOldGen       total 68608K, used 27124K [0x0000000080000000, 0x0000000084300000, 0x00000000d5580000)
  object space 68608K, 39% used [0x0000000080000000,0x0000000081a7d260,0x0000000084300000)
 Metaspace       used 50548K, committed 51840K, reserved 1114112K
  class space    used 5582K, committed 6144K, reserved 1048576K
}
Event: 13.944 GC heap before
{Heap before GC invocations=24 (full 2):
 PSYoungGen      total 23552K, used 22296K [0x00000000d5580000, 0x00000000d6e80000, 0x0000000100000000)
  eden space 22016K, 100% used [0x00000000d5580000,0x00000000d6b00000,0x00000000d6b00000)
  from space 1536K, 18% used [0x00000000d6c00000,0x00000000d6c461a8,0x00000000d6d80000)
  to   space 1024K, 0% used [0x00000000d6d80000,0x00000000d6d80000,0x00000000d6e80000)
 ParOldGen       total 68608K, used 64463K [0x0000000080000000, 0x0000000084300000, 0x00000000d5580000)
  object space 68608K, 93% used [0x0000000080000000,0x0000000083ef3db0,0x0000000084300000)
 Metaspace       used 50824K, committed 52032K, reserved 1114112K
  class space    used 5617K, committed 6144K, reserved 1048576K
}
Event: 13.947 GC heap after
{Heap after GC invocations=24 (full 2):
 PSYoungGen      total 22528K, used 448K [0x00000000d5580000, 0x00000000d6e00000, 0x0000000100000000)
  eden space 22016K, 0% used [0x00000000d5580000,0x00000000d5580000,0x00000000d6b00000)
  from space 512K, 87% used [0x00000000d6d80000,0x00000000d6df0000,0x00000000d6e00000)
  to   space 512K, 0% used [0x00000000d6d00000,0x00000000d6d00000,0x00000000d6d80000)
 ParOldGen       total 68608K, used 65999K [0x0000000080000000, 0x0000000084300000, 0x00000000d5580000)
  object space 68608K, 96% used [0x0000000080000000,0x0000000084073e00,0x0000000084300000)
 Metaspace       used 50824K, committed 52032K, reserved 1114112K
  class space    used 5617K, committed 6144K, reserved 1048576K
}
Event: 14.050 GC heap before
{Heap before GC invocations=25 (full 2):
 PSYoungGen      total 22528K, used 22464K [0x00000000d5580000, 0x00000000d6e00000, 0x0000000100000000)
  eden space 22016K, 100% used [0x00000000d5580000,0x00000000d6b00000,0x00000000d6b00000)
  from space 512K, 87% used [0x00000000d6d80000,0x00000000d6df0000,0x00000000d6e00000)
  to   space 512K, 0% used [0x00000000d6d00000,0x00000000d6d00000,0x00000000d6d80000)
 ParOldGen       total 68608K, used 65999K [0x0000000080000000, 0x0000000084300000, 0x00000000d5580000)
  object space 68608K, 96% used [0x0000000080000000,0x0000000084073e00,0x0000000084300000)
 Metaspace       used 50824K, committed 52032K, reserved 1114112K
  class space    used 5617K, committed 6144K, reserved 1048576K
}
Event: 14.068 GC heap after
{Heap after GC invocations=25 (full 2):
 PSYoungGen      total 22528K, used 512K [0x00000000d5580000, 0x00000000d9100000, 0x0000000100000000)
  eden space 22016K, 0% used [0x00000000d5580000,0x00000000d5580000,0x00000000d6b00000)
  from space 512K, 100% used [0x00000000d6d00000,0x00000000d6d80000,0x00000000d6d80000)
  to   space 19456K, 0% used [0x00000000d7e00000,0x00000000d7e00000,0x00000000d9100000)
 ParOldGen       total 82432K, used 82071K [0x0000000080000000, 0x0000000085080000, 0x00000000d5580000)
  object space 82432K, 99% used [0x0000000080000000,0x0000000085025e00,0x0000000085080000)
 Metaspace       used 50824K, committed 52032K, reserved 1114112K
  class space    used 5617K, committed 6144K, reserved 1048576K
}
Event: 14.186 GC heap before
{Heap before GC invocations=26 (full 2):
 PSYoungGen      total 22528K, used 22528K [0x00000000d5580000, 0x00000000d9100000, 0x0000000100000000)
  eden space 22016K, 100% used [0x00000000d5580000,0x00000000d6b00000,0x00000000d6b00000)
  from space 512K, 100% used [0x00000000d6d00000,0x00000000d6d80000,0x00000000d6d80000)
  to   space 19456K, 0% used [0x00000000d7e00000,0x00000000d7e00000,0x00000000d9100000)
 ParOldGen       total 82432K, used 82071K [0x0000000080000000, 0x0000000085080000, 0x00000000d5580000)
  object space 82432K, 99% used [0x0000000080000000,0x0000000085025e00,0x0000000085080000)
 Metaspace       used 50824K, committed 52032K, reserved 1114112K
  class space    used 5617K, committed 6144K, reserved 1048576K
}
Event: 14.204 GC heap after
{Heap after GC invocations=26 (full 2):
 PSYoungGen      total 38912K, used 16864K [0x00000000d5580000, 0x00000000d8e80000, 0x0000000100000000)
  eden space 22016K, 0% used [0x00000000d5580000,0x00000000d5580000,0x00000000d6b00000)
  from space 16896K, 99% used [0x00000000d7e00000,0x00000000d8e78000,0x00000000d8e80000)
  to   space 17920K, 0% used [0x00000000d6b80000,0x00000000d6b80000,0x00000000d7d00000)
 ParOldGen       total 82944K, used 82607K [0x0000000080000000, 0x0000000085100000, 0x00000000d5580000)
  object space 82944K, 99% used [0x0000000080000000,0x00000000850abe00,0x0000000085100000)
 Metaspace       used 50824K, committed 52032K, reserved 1114112K
  class space    used 5617K, committed 6144K, reserved 1048576K
}

Dll operation events (14 events):
Event: 0.010 Loaded shared library c:\Users\Steiner\.vscode\extensions\redhat.java-1.46.0-win32-x64\jre\21.0.8-win32-x86_64\bin\java.dll
Event: 0.127 Loaded shared library c:\Users\Steiner\.vscode\extensions\redhat.java-1.46.0-win32-x64\jre\21.0.8-win32-x86_64\bin\zip.dll
Event: 0.168 Loaded shared library C:\Users\Steiner\.vscode\extensions\redhat.java-1.46.0-win32-x64\jre\21.0.8-win32-x86_64\bin\instrument.dll
Event: 0.174 Loaded shared library C:\Users\Steiner\.vscode\extensions\redhat.java-1.46.0-win32-x64\jre\21.0.8-win32-x86_64\bin\net.dll
Event: 0.178 Loaded shared library C:\Users\Steiner\.vscode\extensions\redhat.java-1.46.0-win32-x64\jre\21.0.8-win32-x86_64\bin\nio.dll
Event: 0.185 Loaded shared library C:\Users\Steiner\.vscode\extensions\redhat.java-1.46.0-win32-x64\jre\21.0.8-win32-x86_64\bin\zip.dll
Event: 0.223 Loaded shared library C:\Users\Steiner\.vscode\extensions\redhat.java-1.46.0-win32-x64\jre\21.0.8-win32-x86_64\bin\jimage.dll
Event: 0.605 Loaded shared library c:\Users\Steiner\.vscode\extensions\redhat.java-1.46.0-win32-x64\jre\21.0.8-win32-x86_64\bin\verify.dll
Event: 2.878 Loaded shared library C:\Users\Steiner\AppData\Roaming\Code\User\globalStorage\redhat.java\1.46.0\config_win\org.eclipse.equinox.launcher\org.eclipse.equinox.launcher.win32.win32.x86_64_1.2.1400.v20250801-0854\eclipse_11916.dll
Event: 5.267 Loaded shared library C:\Users\Steiner\.vscode\extensions\redhat.java-1.46.0-win32-x64\jre\21.0.8-win32-x86_64\bin\management.dll
Event: 5.272 Loaded shared library C:\Users\Steiner\.vscode\extensions\redhat.java-1.46.0-win32-x64\jre\21.0.8-win32-x86_64\bin\management_ext.dll
Event: 9.085 Loaded shared library C:\Users\Steiner\AppData\Local\Temp\jna--229111658\jna14602807343456228323.dll
Event: 10.063 Loaded shared library C:\Users\Steiner\.vscode\extensions\redhat.java-1.46.0-win32-x64\jre\21.0.8-win32-x86_64\bin\sunmscapi.dll
Event: 10.243 Loaded shared library C:\Users\Steiner\.vscode\extensions\redhat.java-1.46.0-win32-x64\jre\21.0.8-win32-x86_64\bin\extnet.dll

Deoptimization events (20 events):
Event: 32.564 Thread 0x000002a7f87e0af0 DEOPT PACKING pc=0x000002a79e98dbd0 sp=0x000000bceb3fed60
Event: 32.564 Thread 0x000002a7f87e0af0 DEOPT UNPACKING pc=0x000002a7a5264242 sp=0x000000bceb3fe2b8 mode 0
Event: 32.564 Thread 0x000002a7f87e0af0 DEOPT PACKING pc=0x000002a79e98dbd0 sp=0x000000bceb3fed60
Event: 32.564 Thread 0x000002a7f87e0af0 DEOPT UNPACKING pc=0x000002a7a5264242 sp=0x000000bceb3fe2b8 mode 0
Event: 32.565 Thread 0x000002a7f87e0af0 DEOPT PACKING pc=0x000002a79e98dbd0 sp=0x000000bceb3fed60
Event: 32.565 Thread 0x000002a7f87e0af0 DEOPT UNPACKING pc=0x000002a7a5264242 sp=0x000000bceb3fe2b8 mode 0
Event: 32.565 Thread 0x000002a7f87e0af0 DEOPT PACKING pc=0x000002a79e98dbd0 sp=0x000000bceb3fed60
Event: 32.565 Thread 0x000002a7f87e0af0 DEOPT UNPACKING pc=0x000002a7a5264242 sp=0x000000bceb3fe2b8 mode 0
Event: 32.565 Thread 0x000002a7f87e0af0 DEOPT PACKING pc=0x000002a79e98dbd0 sp=0x000000bceb3fed60
Event: 32.565 Thread 0x000002a7f87e0af0 DEOPT UNPACKING pc=0x000002a7a5264242 sp=0x000000bceb3fe2b8 mode 0
Event: 160.348 Thread 0x000002a7fa797f20 Uncommon trap: trap_request=0xffffff45 fr.pc=0x000002a7a58736e4 relative=0x0000000000000c44
Event: 160.348 Thread 0x000002a7fa797f20 Uncommon trap: reason=unstable_if action=reinterpret pc=0x000002a7a58736e4 method=java.util.concurrent.ConcurrentHashMap.putVal(Ljava/lang/Object;Ljava/lang/Object;Z)Ljava/lang/Object; @ 401 c2
Event: 160.348 Thread 0x000002a7fa797f20 DEOPT PACKING pc=0x000002a7a58736e4 sp=0x000000bcecafc830
Event: 160.348 Thread 0x000002a7fa797f20 DEOPT UNPACKING pc=0x000002a7a5263aa2 sp=0x000000bcecafc7c0 mode 2
Event: 160.381 Thread 0x000002a7fa797f20 DEOPT PACKING pc=0x000002a79e19389f sp=0x000000bcecafec40
Event: 160.381 Thread 0x000002a7fa797f20 DEOPT UNPACKING pc=0x000002a7a5264242 sp=0x000000bcecafe118 mode 0
Event: 440.616 Thread 0x000002a7fa797f20 DEOPT PACKING pc=0x000002a79e96e5ce sp=0x000000bcecafe6f0
Event: 440.616 Thread 0x000002a7fa797f20 DEOPT UNPACKING pc=0x000002a7a5264242 sp=0x000000bcecafdc70 mode 0
Event: 440.621 Thread 0x000002a7fa797f20 DEOPT PACKING pc=0x000002a79dd8dff8 sp=0x000000bcecafebb0
Event: 440.621 Thread 0x000002a7fa797f20 DEOPT UNPACKING pc=0x000002a7a5264242 sp=0x000000bcecafe098 mode 0

Classes loaded (20 events):
Event: 13.914 Loading class java/util/zip/GZIPInputStream$1
Event: 13.914 Loading class java/util/zip/GZIPInputStream$1 done
Event: 21.601 Loading class sun/security/ssl/Alert
Event: 21.601 Loading class sun/security/ssl/Alert done
Event: 21.601 Loading class sun/security/ssl/Alert$AlertConsumer
Event: 21.601 Loading class sun/security/ssl/Alert$AlertConsumer done
Event: 21.601 Loading class sun/security/ssl/Alert$Level
Event: 21.601 Loading class sun/security/ssl/Alert$Level done
Event: 160.314 Loading class java/util/stream/DistinctOps
Event: 160.314 Loading class java/util/stream/DistinctOps done
Event: 160.314 Loading class java/util/stream/DistinctOps$1
Event: 160.314 Loading class java/util/stream/DistinctOps$1 done
Event: 160.317 Loading class java/util/stream/DistinctOps$1$2
Event: 160.317 Loading class java/util/stream/DistinctOps$1$2 done
Event: 160.333 Loading class java/nio/file/DirectoryNotEmptyException
Event: 160.333 Loading class java/nio/file/DirectoryNotEmptyException done
Event: 160.347 Loading class jdk/internal/reflect/MethodHandleShortFieldAccessorImpl
Event: 160.347 Loading class jdk/internal/reflect/MethodHandleShortFieldAccessorImpl done
Event: 160.348 Loading class java/lang/Short$ShortCache
Event: 160.348 Loading class java/lang/Short$ShortCache done

Classes unloaded (11 events):
Event: 6.858 Thread 0x000002a7992ac380 Unloading class 0x000002a7b31a9400 'java/lang/invoke/LambdaForm$MH+0x000002a7b31a9400'
Event: 6.858 Thread 0x000002a7992ac380 Unloading class 0x000002a7b31a9000 'java/lang/invoke/LambdaForm$MH+0x000002a7b31a9000'
Event: 6.858 Thread 0x000002a7992ac380 Unloading class 0x000002a7b31a8c00 'java/lang/invoke/LambdaForm$MH+0x000002a7b31a8c00'
Event: 6.858 Thread 0x000002a7992ac380 Unloading class 0x000002a7b31a8800 'java/lang/invoke/LambdaForm$MH+0x000002a7b31a8800'
Event: 6.858 Thread 0x000002a7992ac380 Unloading class 0x000002a7b31a8400 'java/lang/invoke/LambdaForm$BMH+0x000002a7b31a8400'
Event: 6.858 Thread 0x000002a7992ac380 Unloading class 0x000002a7b31a8000 'java/lang/invoke/LambdaForm$DMH+0x000002a7b31a8000'
Event: 6.858 Thread 0x000002a7992ac380 Unloading class 0x000002a7b31a6c00 'java/lang/invoke/LambdaForm$DMH+0x000002a7b31a6c00'
Event: 9.552 Thread 0x000002a7992ac380 Unloading class 0x000002a7b32e4800 'java/lang/invoke/LambdaForm$MH+0x000002a7b32e4800'
Event: 9.552 Thread 0x000002a7992ac380 Unloading class 0x000002a7b32e3c00 'java/lang/invoke/LambdaForm$MH+0x000002a7b32e3c00'
Event: 9.552 Thread 0x000002a7992ac380 Unloading class 0x000002a7b32e3800 'java/lang/invoke/LambdaForm$DMH+0x000002a7b32e3800'
Event: 9.552 Thread 0x000002a7992ac380 Unloading class 0x000002a7b32e2400 'java/lang/invoke/LambdaForm$MH+0x000002a7b32e2400'

Classes redefined (0 events):
No events

Internal exceptions (20 events):
Event: 12.983 Thread 0x000002a7f8c8ece0 Exception <a 'sun/nio/fs/WindowsException'{0x00000000d6742568}> (0x00000000d6742568) 
thrown [s\src\hotspot\share\prims\jni.cpp, line 520]
Event: 12.983 Thread 0x000002a7f8c8ece0 Exception <a 'sun/nio/fs/WindowsException'{0x00000000d6745ec0}> (0x00000000d6745ec0) 
thrown [s\src\hotspot\share\prims\jni.cpp, line 520]
Event: 12.984 Thread 0x000002a7f8c8ece0 Exception <a 'sun/nio/fs/WindowsException'{0x00000000d674a208}> (0x00000000d674a208) 
thrown [s\src\hotspot\share\prims\jni.cpp, line 520]
Event: 12.984 Thread 0x000002a7f8c8ece0 Exception <a 'sun/nio/fs/WindowsException'{0x00000000d6750188}> (0x00000000d6750188) 
thrown [s\src\hotspot\share\prims\jni.cpp, line 520]
Event: 12.985 Thread 0x000002a7f8c8ece0 Exception <a 'sun/nio/fs/WindowsException'{0x00000000d6754618}> (0x00000000d6754618) 
thrown [s\src\hotspot\share\prims\jni.cpp, line 520]
Event: 12.986 Thread 0x000002a7f8c8ece0 Exception <a 'sun/nio/fs/WindowsException'{0x00000000d6758a90}> (0x00000000d6758a90) 
thrown [s\src\hotspot\share\prims\jni.cpp, line 520]
Event: 12.989 Thread 0x000002a7f8c8ece0 Exception <a 'sun/nio/fs/WindowsException'{0x00000000d675d210}> (0x00000000d675d210) 
thrown [s\src\hotspot\share\prims\jni.cpp, line 520]
Event: 12.989 Thread 0x000002a7f8c8ece0 Exception <a 'sun/nio/fs/WindowsException'{0x00000000d67628c0}> (0x00000000d67628c0) 
thrown [s\src\hotspot\share\prims\jni.cpp, line 520]
Event: 12.990 Thread 0x000002a7f8c8ece0 Exception <a 'sun/nio/fs/WindowsException'{0x00000000d6765f80}> (0x00000000d6765f80) 
thrown [s\src\hotspot\share\prims\jni.cpp, line 520]
Event: 12.990 Thread 0x000002a7f8c8ece0 Exception <a 'sun/nio/fs/WindowsException'{0x00000000d676adf0}> (0x00000000d676adf0) 
thrown [s\src\hotspot\share\prims\jni.cpp, line 520]
Event: 13.038 Thread 0x000002a7fa7992d0 Exception <a 'sun/nio/fs/WindowsException'{0x00000000d6871160}> (0x00000000d6871160) 
thrown [s\src\hotspot\share\prims\jni.cpp, line 520]
Event: 13.038 Thread 0x000002a7fa7992d0 Exception <a 'sun/nio/fs/WindowsException'{0x00000000d6871870}> (0x00000000d6871870) 
thrown [s\src\hotspot\share\prims\jni.cpp, line 520]
Event: 13.039 Thread 0x000002a7fa7992d0 Exception <a 'sun/nio/fs/WindowsException'{0x00000000d6874e50}> (0x00000000d6874e50) 
thrown [s\src\hotspot\share\prims\jni.cpp, line 520]
Event: 13.039 Thread 0x000002a7fa7992d0 Exception <a 'sun/nio/fs/WindowsException'{0x00000000d6875560}> (0x00000000d6875560) 
thrown [s\src\hotspot\share\prims\jni.cpp, line 520]
Event: 13.040 Thread 0x000002a7fa7992d0 Exception <a 'sun/nio/fs/WindowsException'{0x00000000d68762e0}> (0x00000000d68762e0) 
thrown [s\src\hotspot\share\prims\jni.cpp, line 520]
Event: 13.040 Thread 0x000002a7fa7992d0 Exception <a 'sun/nio/fs/WindowsException'{0x00000000d6876910}> (0x00000000d6876910) 
thrown [s\src\hotspot\share\prims\jni.cpp, line 520]
Event: 13.040 Thread 0x000002a7fa7992d0 Exception <a 'sun/nio/fs/WindowsException'{0x00000000d6877498}> (0x00000000d6877498) 
thrown [s\src\hotspot\share\prims\jni.cpp, line 520]
Event: 13.040 Thread 0x000002a7fa7992d0 Exception <a 'sun/nio/fs/WindowsException'{0x00000000d6877ac8}> (0x00000000d6877ac8) 
thrown [s\src\hotspot\share\prims\jni.cpp, line 520]
Event: 13.407 Thread 0x000002a7fa7992d0 Exception <a 'java/lang/IncompatibleClassChangeError'{0x00000000d5653f70}: Found class java.lang.Object, but interface was expected> (0x00000000d5653f70) 
thrown [s\src\hotspot\share\interpreter\linkResolver.cpp, line 840]
Event: 26.206 Thread 0x000002a7fa7992d0 Exception <a 'java/lang/IncompatibleClassChangeError'{0x00000000d5be46d0}: Found class java.lang.Object, but interface was expected> (0x00000000d5be46d0) 
thrown [s\src\hotspot\share\interpreter\linkResolver.cpp, line 840]

ZGC Phase Switch (0 events):
No events

VM Operations (20 events):
Event: 162.315 Executing VM operation: Cleanup
Event: 162.315 Executing VM operation: Cleanup done
Event: 170.319 Executing VM operation: Cleanup
Event: 170.319 Executing VM operation: Cleanup done
Event: 480.727 Executing VM operation: HandshakeAllThreads (HandshakeForDeflation)
Event: 480.727 Executing VM operation: HandshakeAllThreads (HandshakeForDeflation) done
Event: 480.728 Executing VM operation: RendezvousGCThreads
Event: 480.728 Executing VM operation: RendezvousGCThreads done
Event: 540.904 Executing VM operation: HandshakeAllThreads (HandshakeForDeflation)
Event: 540.904 Executing VM operation: HandshakeAllThreads (HandshakeForDeflation) done
Event: 540.904 Executing VM operation: RendezvousGCThreads
Event: 540.904 Executing VM operation: RendezvousGCThreads done
Event: 601.046 Executing VM operation: HandshakeAllThreads (HandshakeForDeflation)
Event: 601.046 Executing VM operation: HandshakeAllThreads (HandshakeForDeflation) done
Event: 601.047 Executing VM operation: RendezvousGCThreads
Event: 601.047 Executing VM operation: RendezvousGCThreads done
Event: 24655.137 Executing VM operation: HandshakeAllThreads (HandshakeForDeflation)
Event: 24655.137 Executing VM operation: HandshakeAllThreads (HandshakeForDeflation) done
Event: 24655.137 Executing VM operation: RendezvousGCThreads
Event: 24655.137 Executing VM operation: RendezvousGCThreads done

Memory protections (0 events):
No events

Nmethod flushes (20 events):
Event: 9.565 Thread 0x000002a7992ac380 flushing  nmethod 0x000002a79e302510
Event: 9.565 Thread 0x000002a7992ac380 flushing  nmethod 0x000002a79e302e10
Event: 9.565 Thread 0x000002a7992ac380 flushing  nmethod 0x000002a79e304010
Event: 9.565 Thread 0x000002a7992ac380 flushing  nmethod 0x000002a79e305110
Event: 9.565 Thread 0x000002a7992ac380 flushing  nmethod 0x000002a79e306e10
Event: 9.565 Thread 0x000002a7992ac380 flushing  nmethod 0x000002a79e307310
Event: 9.565 Thread 0x000002a7992ac380 flushing  nmethod 0x000002a79e307c10
Event: 9.565 Thread 0x000002a7992ac380 flushing  nmethod 0x000002a79e308790
Event: 9.565 Thread 0x000002a7992ac380 flushing  nmethod 0x000002a79e309010
Event: 9.565 Thread 0x000002a7992ac380 flushing  nmethod 0x000002a79e30b290
Event: 9.565 Thread 0x000002a7992ac380 flushing  nmethod 0x000002a79e30b590
Event: 9.565 Thread 0x000002a7992ac380 flushing  nmethod 0x000002a79e316590
Event: 9.565 Thread 0x000002a7992ac380 flushing  nmethod 0x000002a79e364090
Event: 9.565 Thread 0x000002a7992ac380 flushing  nmethod 0x000002a79e367210
Event: 9.565 Thread 0x000002a7992ac380 flushing  nmethod 0x000002a79e372410
Event: 9.565 Thread 0x000002a7992ac380 flushing  nmethod 0x000002a79e3b3790
Event: 9.565 Thread 0x000002a7992ac380 flushing  nmethod 0x000002a79e3cd290
Event: 9.565 Thread 0x000002a7992ac380 flushing  nmethod 0x000002a79e3dbb90
Event: 9.565 Thread 0x000002a7992ac380 flushing  nmethod 0x000002a79e43a610
Event: 9.565 Thread 0x000002a7992ac380 flushing  nmethod 0x000002a79e44e690

Events (20 events):
Event: 11.299 Thread 0x000002a7fa79b3a0 Thread exited: 0x000002a7fa79b3a0
Event: 11.587 Thread 0x000002a7f8c8ece0 Thread added: 0x000002a7fa79b3a0
Event: 13.414 Thread 0x000002a7fa7992d0 Thread added: 0x000002a7fa7985b0
Event: 13.421 Thread 0x000002a7fa7985b0 Thread added: 0x000002a7fa79c750
Event: 13.427 Thread 0x000002a7fa79c750 Thread added: 0x000002a7fa79cde0
Event: 13.488 Thread 0x000002a7fa7985b0 Thread added: 0x000002a7fa79d470
Event: 13.647 Thread 0x000002a7f92e4040 Thread exited: 0x000002a7f92e4040
Event: 13.834 Thread 0x000002a7b1b6e530 Thread added: 0x000002a7f87e1800
Event: 14.225 Thread 0x000002a7fa79d470 Thread exited: 0x000002a7fa79d470
Event: 19.262 Thread 0x000002a7f87e1800 Thread exited: 0x000002a7f87e1800
Event: 26.603 Thread 0x000002a7fa79b3a0 Thread exited: 0x000002a7fa79b3a0
Event: 32.548 Thread 0x000002a7b1b6e530 Thread added: 0x000002a7f87e1800
Event: 33.449 Thread 0x000002a7f87e1800 Thread exited: 0x000002a7f87e1800
Event: 73.111 Thread 0x000002a7f8c90db0 Thread exited: 0x000002a7f8c90db0
Event: 73.111 Thread 0x000002a7f8c8ece0 Thread exited: 0x000002a7f8c8ece0
Event: 73.120 Thread 0x000002a7f8c90090 Thread exited: 0x000002a7f8c90090
Event: 103.810 Thread 0x000002a7fa79c750 Thread exited: 0x000002a7fa79c750
Event: 133.361 Thread 0x000002a7fa797200 Thread exited: 0x000002a7fa797200
Event: 163.811 Thread 0x000002a7fa7985b0 Thread exited: 0x000002a7fa7985b0
Event: 223.811 Thread 0x000002a7fa79cde0 Thread exited: 0x000002a7fa79cde0


Dynamic libraries:
0x00007ff7080f0000 - 0x00007ff7080fe000 	c:\Users\Steiner\.vscode\extensions\redhat.java-1.46.0-win32-x64\jre\21.0.8-win32-x86_64\bin\java.exe
0x00007ff871820000 - 0x00007ff871a83000 	C:\Windows\SYSTEM32\ntdll.dll
0x00007ff870420000 - 0x00007ff8704e8000 	C:\Windows\System32\KERNEL32.DLL
0x00007ff86f220000 - 0x00007ff86f5d2000 	C:\Windows\System32\KERNELBASE.dll
0x00007ff86ebf0000 - 0x00007ff86ed3b000 	C:\Windows\System32\ucrtbase.dll
0x00007ff80ed30000 - 0x00007ff80ed4e000 	c:\Users\Steiner\.vscode\extensions\redhat.java-1.46.0-win32-x64\jre\21.0.8-win32-x86_64\bin\VCRUNTIME140.dll
0x00007ff80ed50000 - 0x00007ff80ed68000 	c:\Users\Steiner\.vscode\extensions\redhat.java-1.46.0-win32-x64\jre\21.0.8-win32-x86_64\bin\jli.dll
0x00007ff870690000 - 0x00007ff870858000 	C:\Windows\System32\USER32.dll
0x00007ff86f0b0000 - 0x00007ff86f0d7000 	C:\Windows\System32\win32u.dll
0x00007ff858230000 - 0x00007ff8584c0000 	C:\Windows\WinSxS\amd64_microsoft.windows.common-controls_6595b64144ccf1df_6.0.26100.2454_none_3e0b68a2e331ad60\COMCTL32.dll
0x00007ff870280000 - 0x00007ff870329000 	C:\Windows\System32\msvcrt.dll
0x00007ff871570000 - 0x00007ff87159a000 	C:\Windows\System32\GDI32.dll
0x00007ff86ee00000 - 0x00007ff86ef2b000 	C:\Windows\System32\gdi32full.dll
0x00007ff86f0e0000 - 0x00007ff86f183000 	C:\Windows\System32\msvcp_win.dll
0x00007ff870f70000 - 0x00007ff870f9f000 	C:\Windows\System32\IMM32.DLL
0x00007ff842c30000 - 0x00007ff842c3c000 	c:\Users\Steiner\.vscode\extensions\redhat.java-1.46.0-win32-x64\jre\21.0.8-win32-x86_64\bin\vcruntime140_1.dll
0x00007ff80eca0000 - 0x00007ff80ed2d000 	c:\Users\Steiner\.vscode\extensions\redhat.java-1.46.0-win32-x64\jre\21.0.8-win32-x86_64\bin\msvcp140.dll
0x00007ff80df00000 - 0x00007ff80ec97000 	c:\Users\Steiner\.vscode\extensions\redhat.java-1.46.0-win32-x64\jre\21.0.8-win32-x86_64\bin\server\jvm.dll
0x00007ff871090000 - 0x00007ff871144000 	C:\Windows\System32\ADVAPI32.dll
0x00007ff86ff70000 - 0x00007ff870016000 	C:\Windows\System32\sechost.dll
0x00007ff8704f0000 - 0x00007ff870606000 	C:\Windows\System32\RPCRT4.dll
0x00007ff870fb0000 - 0x00007ff871024000 	C:\Windows\System32\WS2_32.dll
0x00007ff86d860000 - 0x00007ff86d8ae000 	C:\Windows\SYSTEM32\POWRPROF.dll
0x00007ff84cc90000 - 0x00007ff84ccc6000 	C:\Windows\SYSTEM32\WINMM.dll
0x00007ff868740000 - 0x00007ff86874b000 	C:\Windows\SYSTEM32\VERSION.dll
0x00007ff86d840000 - 0x00007ff86d854000 	C:\Windows\SYSTEM32\UMPDC.dll
0x00007ff86db00000 - 0x00007ff86db1a000 	C:\Windows\SYSTEM32\kernel.appcore.dll
0x00007ff8185e0000 - 0x00007ff8185ea000 	c:\Users\Steiner\.vscode\extensions\redhat.java-1.46.0-win32-x64\jre\21.0.8-win32-x86_64\bin\jimage.dll
0x00007ff8542d0000 - 0x00007ff854511000 	C:\Windows\SYSTEM32\DBGHELP.DLL
0x00007ff871150000 - 0x00007ff8714ce000 	C:\Windows\System32\combase.dll
0x00007ff870100000 - 0x00007ff8701d6000 	C:\Windows\System32\OLEAUT32.dll
0x00007ff854250000 - 0x00007ff854289000 	C:\Windows\SYSTEM32\dbgcore.DLL
0x00007ff86f5e0000 - 0x00007ff86f679000 	C:\Windows\System32\bcryptPrimitives.dll
0x00007ff80def0000 - 0x00007ff80deff000 	c:\Users\Steiner\.vscode\extensions\redhat.java-1.46.0-win32-x64\jre\21.0.8-win32-x86_64\bin\instrument.dll
0x00007ff80ded0000 - 0x00007ff80deef000 	c:\Users\Steiner\.vscode\extensions\redhat.java-1.46.0-win32-x64\jre\21.0.8-win32-x86_64\bin\java.dll
0x00007ff870860000 - 0x00007ff870f60000 	C:\Windows\System32\SHELL32.dll
0x00007ff86c900000 - 0x00007ff86d131000 	C:\Windows\SYSTEM32\windows.storage.dll
0x00007ff870020000 - 0x00007ff8700fa000 	C:\Windows\System32\SHCORE.dll
0x00007ff8715b0000 - 0x00007ff87160d000 	C:\Windows\System32\shlwapi.dll
0x00007ff86eb00000 - 0x00007ff86eb2e000 	C:\Windows\SYSTEM32\profapi.dll
0x00007ff842c40000 - 0x00007ff842c58000 	c:\Users\Steiner\.vscode\extensions\redhat.java-1.46.0-win32-x64\jre\21.0.8-win32-x86_64\bin\zip.dll
0x00007ff848b70000 - 0x00007ff848b80000 	C:\Users\Steiner\.vscode\extensions\redhat.java-1.46.0-win32-x64\jre\21.0.8-win32-x86_64\bin\net.dll
0x00007ff867f30000 - 0x00007ff868056000 	C:\Windows\SYSTEM32\WINHTTP.dll
0x00007ff86dfe0000 - 0x00007ff86e048000 	C:\Windows\system32\mswsock.dll
0x00007ff846b90000 - 0x00007ff846ba6000 	C:\Users\Steiner\.vscode\extensions\redhat.java-1.46.0-win32-x64\jre\21.0.8-win32-x86_64\bin\nio.dll
0x00007ff846b80000 - 0x00007ff846b90000 	c:\Users\Steiner\.vscode\extensions\redhat.java-1.46.0-win32-x64\jre\21.0.8-win32-x86_64\bin\verify.dll
0x00007ff85f2d0000 - 0x00007ff85f314000 	C:\Users\Steiner\AppData\Roaming\Code\User\globalStorage\redhat.java\1.46.0\config_win\org.eclipse.equinox.launcher\org.eclipse.equinox.launcher.win32.win32.x86_64_1.2.1400.v20250801-0854\eclipse_11916.dll
0x00007ff86f6b0000 - 0x00007ff86f849000 	C:\Windows\System32\ole32.dll
0x00007ff85f820000 - 0x00007ff85f82a000 	C:\Users\Steiner\.vscode\extensions\redhat.java-1.46.0-win32-x64\jre\21.0.8-win32-x86_64\bin\management.dll
0x00007ff85f810000 - 0x00007ff85f81b000 	C:\Users\Steiner\.vscode\extensions\redhat.java-1.46.0-win32-x64\jre\21.0.8-win32-x86_64\bin\management_ext.dll
0x00007ff8701e0000 - 0x00007ff8701e8000 	C:\Windows\System32\PSAPI.DLL
0x00007ff86e390000 - 0x00007ff86e3ac000 	C:\Windows\SYSTEM32\CRYPTSP.dll
0x00007ff86da60000 - 0x00007ff86da98000 	C:\Windows\system32\rsaenh.dll
0x00007ff86e080000 - 0x00007ff86e0ab000 	C:\Windows\SYSTEM32\USERENV.dll
0x00007ff86e520000 - 0x00007ff86e546000 	C:\Windows\SYSTEM32\bcrypt.dll
0x00007ff86e210000 - 0x00007ff86e21c000 	C:\Windows\SYSTEM32\CRYPTBASE.dll
0x00007ff86d4a0000 - 0x00007ff86d4d2000 	C:\Windows\SYSTEM32\IPHLPAPI.DLL
0x00007ff86ff60000 - 0x00007ff86ff6a000 	C:\Windows\System32\NSI.dll
0x00007ff84f9f0000 - 0x00007ff84fa39000 	C:\Users\Steiner\AppData\Local\Temp\jna--229111658\jna14602807343456228323.dll
0x00007ff8681e0000 - 0x00007ff8681fe000 	C:\Windows\SYSTEM32\dhcpcsvc6.DLL
0x00007ff8681b0000 - 0x00007ff8681d5000 	C:\Windows\SYSTEM32\dhcpcsvc.DLL
0x00007ff86a6a0000 - 0x00007ff86a6ae000 	C:\Users\Steiner\.vscode\extensions\redhat.java-1.46.0-win32-x64\jre\21.0.8-win32-x86_64\bin\sunmscapi.dll
0x00007ff86ef30000 - 0x00007ff86f0a6000 	C:\Windows\System32\CRYPT32.dll
0x00007ff86e4e0000 - 0x00007ff86e510000 	C:\Windows\SYSTEM32\ncrypt.dll
0x00007ff86e490000 - 0x00007ff86e4cf000 	C:\Windows\SYSTEM32\NTASN1.dll
0x00007ff86d4e0000 - 0x00007ff86d605000 	C:\Windows\SYSTEM32\DNSAPI.dll
0x00007ff85eee0000 - 0x00007ff85eeeb000 	C:\Windows\System32\rasadhlp.dll
0x00007ff864b00000 - 0x00007ff864b85000 	C:\Windows\System32\fwpuclnt.dll
0x00007ff8586e0000 - 0x00007ff8586e9000 	C:\Users\Steiner\.vscode\extensions\redhat.java-1.46.0-win32-x64\jre\21.0.8-win32-x86_64\bin\extnet.dll

JVMTI agents:
c:\Users\Steiner\.vscode\extensions\redhat.java-1.46.0-win32-x64\lombok\lombok-1.18.39-4050.jar path:c:\Users\Steiner\.vscode\extensions\redhat.java-1.46.0-win32-x64\jre\21.0.8-win32-x86_64\bin\instrument.dll, loaded, initialized, instrumentlib options:none

dbghelp: loaded successfully - version: 4.0.5 - missing functions: none
symbol engine: initialized successfully - sym options: 0x614 - pdb path: .;c:\Users\Steiner\.vscode\extensions\redhat.java-1.46.0-win32-x64\jre\21.0.8-win32-x86_64\bin;C:\Windows\SYSTEM32;C:\Windows\WinSxS\amd64_microsoft.windows.common-controls_6595b64144ccf1df_6.0.26100.2454_none_3e0b68a2e331ad60;c:\Users\Steiner\.vscode\extensions\redhat.java-1.46.0-win32-x64\jre\21.0.8-win32-x86_64\bin\server;C:\Users\Steiner\AppData\Roaming\Code\User\globalStorage\redhat.java\1.46.0\config_win\org.eclipse.equinox.launcher\org.eclipse.equinox.launcher.win32.win32.x86_64_1.2.1400.v20250801-0854;C:\Users\Steiner\AppData\Local\Temp\jna--229111658

VM Arguments:
jvm_args: --add-modules=ALL-SYSTEM --add-opens=java.base/java.util=ALL-UNNAMED --add-opens=java.base/java.lang=ALL-UNNAMED --add-opens=java.base/sun.nio.fs=ALL-UNNAMED -Declipse.application=org.eclipse.jdt.ls.core.id1 -Dosgi.bundles.defaultStartLevel=4 -Declipse.product=org.eclipse.jdt.ls.core.product -Djava.import.generatesMetadataFilesAtProjectRoot=false -DDetectVMInstallationsJob.disabled=true -Dfile.encoding=utf8 -XX:+UseParallelGC -XX:GCTimeRatio=4 -XX:AdaptiveSizePolicyWeight=90 -Dsun.zip.disableMemoryMapping=true -Xmx2G -Xms100m -Xlog:disable -javaagent:c:\Users\Steiner\.vscode\extensions\redhat.java-1.46.0-win32-x64\lombok\lombok-1.18.39-4050.jar -XX:+HeapDumpOnOutOfMemoryError -XX:HeapDumpPath=c:\Users\Steiner\AppData\Roaming\Code\User\workspaceStorage\cf38d94c52686a8f010ffec7f76218df\redhat.java -Daether.dependencyCollector.impl=bf 
java_command: c:\Users\Steiner\.vscode\extensions\redhat.java-1.46.0-win32-x64\server\plugins\org.eclipse.equinox.launcher_1.7.0.v20250519-0528.jar -configuration c:\Users\Steiner\AppData\Roaming\Code\User\globalStorage\redhat.java\1.46.0\config_win -data c:\Users\Steiner\AppData\Roaming\Code\User\workspaceStorage\cf38d94c52686a8f010ffec7f76218df\redhat.java\jdt_ws --pipe=\\.\pipe\lsp-1903496c595ea15095b6b336846d21bc-sock
java_class_path (initial): c:\Users\Steiner\.vscode\extensions\redhat.java-1.46.0-win32-x64\server\plugins\org.eclipse.equinox.launcher_1.7.0.v20250519-0528.jar
Launcher Type: SUN_STANDARD

[Global flags]
    uintx AdaptiveSizePolicyWeight                 = 90                                        {product} {command line}
     intx CICompilerCount                          = 3                                         {product} {ergonomic}
    uintx GCTimeRatio                              = 4                                         {product} {command line}
     bool HeapDumpOnOutOfMemoryError               = true                                   {manageable} {command line}
    ccstr HeapDumpPath                             = c:\Users\Steiner\AppData\Roaming\Code\User\workspaceStorage\cf38d94c52686a8f010ffec7f76218df\redhat.java         {manageable} {command line}
   size_t InitialHeapSize                          = 104857600                                 {product} {command line}
   size_t MaxHeapSize                              = 2147483648                                {product} {command line}
   size_t MaxNewSize                               = 715653120                                 {product} {ergonomic}
   size_t MinHeapDeltaBytes                        = 524288                                    {product} {ergonomic}
   size_t MinHeapSize                              = 104857600                                 {product} {command line}
   size_t NewSize                                  = 34603008                                  {product} {ergonomic}
    uintx NonNMethodCodeHeapSize                   = 5832780                                {pd product} {ergonomic}
    uintx NonProfiledCodeHeapSize                  = 122912730                              {pd product} {ergonomic}
   size_t OldSize                                  = 70254592                                  {product} {ergonomic}
    uintx ProfiledCodeHeapSize                     = 122912730                              {pd product} {ergonomic}
    uintx ReservedCodeCacheSize                    = 251658240                              {pd product} {ergonomic}
     bool SegmentedCodeCache                       = true                                      {product} {ergonomic}
   size_t SoftMaxHeapSize                          = 2147483648                             {manageable} {ergonomic}
     bool UseCompressedOops                        = true                           {product lp64_product} {ergonomic}
     bool UseLargePagesIndividualAllocation        = false                                  {pd product} {ergonomic}
     bool UseParallelGC                            = true                                      {product} {command line}

Logging:
Log output configuration:
 #0: stdout all=off uptime,level,tags foldmultilines=false
 #1: stderr all=off uptime,level,tags foldmultilines=false

Environment Variables:
PATH=C:\Program Files\Eclipse Adoptium\jdk-21.0.8.9-hotspot\bin;C:\Program Files\Common Files\Oracle\Java\javapath;C:\Windows\system32;C:\Windows;C:\Windows\System32\Wbem;C:\Windows\System32\WindowsPowerShell\v1.0\;C:\Windows\System32\OpenSSH\;C:\ProgramData\chocolatey\bin;C:\Program Files\dotnet\;C:\Program Files\GitHub CLI\;C:\Program Files\nodejs\;C:\Program Files\Docker\Docker\resources\bin;C:\Program Files\Tailscale\;c:\Users\Steiner\AppData\Local\Programs\Trae\bin;C:\Program Files\MySQL\MySQL Shell 8.0\bin\;C:\Users\Steiner\AppData\Local\Programs\Python\Launcher\;C:\Users\Steiner\AppData\Local\Microsoft\WindowsApps;C:\Users\Steiner\AppData\Local\Programs\Microsoft VS Code\bin;C:\Users\Steiner\AppData\Local\gitkraken\bin;C:\Users\Steiner\AppData\Local\GitHubDesktop\bin;C:\Users\Steiner\AppData\Roaming\npm;C:\Users\Steiner\AppData\Local\Programs\cursor\resources\app\bin
USERNAME=Steiner
OS=Windows_NT
PROCESSOR_IDENTIFIER=Intel64 Family 6 Model 142 Stepping 9, GenuineIntel
TMP=C:\Users\Steiner\AppData\Local\Temp
TEMP=C:\Users\Steiner\AppData\Local\Temp




Periodic native trim disabled

---------------  S Y S T E M  ---------------

OS:
 Windows 11 , 64 bit Build 26100 (10.0.26100.2454)
OS uptime: 0 days 9:37 hours
Hyper-V role detected

CPU: total 4 (initial active 4) (2 cores per cpu, 2 threads per core) family 6 model 142 stepping 9 microcode 0xf0, cx8, cmov, fxsr, ht, mmx, 3dnowpref, sse, sse2, sse3, ssse3, sse4.1, sse4.2, popcnt, lzcnt, tsc, tscinvbit, avx, avx2, aes, erms, clmul, bmi1, bmi2, rtm, adx, fma, vzeroupper, clflush, clflushopt, hv, rdtscp, f16c
Processor Information for the first 4 processors :
  Max Mhz: 2904, Current Mhz: 2803, Mhz Limit: 2787

Memory: 4k page, system-wide physical 16218M (3750M free)
TotalPageFile size 16218M (AvailPageFile size 48M)
current process WorkingSet (physical memory assigned to process): 271M, peak: 305M
current process commit charge ("private bytes"): 345M, peak: 382M

vm_info: OpenJDK 64-Bit Server VM (21.0.8+9-LTS) for windows-amd64 JRE (21.0.8+9-LTS), built on 2025-07-15T00:00:00Z by "admin" with MS VC++ 17.7 (VS2022)

END.
